[ 2026-05-20 12:55:54,385 ] asyncio - DEBUG - Using selector: KqueueSelector
[ 2026-05-20 12:56:00,546 ] python_multipart.multipart - DEBUG - Calling on_field_start with no data
[ 2026-05-20 12:56:00,547 ] python_multipart.multipart - DEBUG - Calling on_field_name with data[0:6]
[ 2026-05-20 12:56:00,547 ] python_multipart.multipart - DEBUG - Calling on_field_data with data[7:8]
[ 2026-05-20 12:56:00,547 ] python_multipart.multipart - DEBUG - Calling on_field_end with no data
[ 2026-05-20 12:56:00,547 ] python_multipart.multipart - DEBUG - Calling on_field_start with no data
[ 2026-05-20 12:56:00,547 ] python_multipart.multipart - DEBUG - Calling on_field_name with data[9:12]
[ 2026-05-20 12:56:00,547 ] python_multipart.multipart - DEBUG - Calling on_field_data with data[13:15]
[ 2026-05-20 12:56:00,547 ] python_multipart.multipart - DEBUG - Calling on_field_end with no data
[ 2026-05-20 12:56:00,547 ] python_multipart.multipart - DEBUG - Calling on_field_start with no data
[ 2026-05-20 12:56:00,547 ] python_multipart.multipart - DEBUG - Calling on_field_name with data[16:31]
[ 2026-05-20 12:56:00,547 ] python_multipart.multipart - DEBUG - Calling on_field_data with data[32:33]
[ 2026-05-20 12:56:00,548 ] python_multipart.multipart - DEBUG - Calling on_field_end with no data
[ 2026-05-20 12:56:00,548 ] python_multipart.multipart - DEBUG - Calling on_field_start with no data
[ 2026-05-20 12:56:00,548 ] python_multipart.multipart - DEBUG - Calling on_field_name with data[34:45]
[ 2026-05-20 12:56:00,548 ] python_multipart.multipart - DEBUG - Calling on_field_data with data[46:48]
[ 2026-05-20 12:56:00,548 ] python_multipart.multipart - DEBUG - Calling on_field_end with no data
[ 2026-05-20 12:56:00,548 ] python_multipart.multipart - DEBUG - Calling on_field_start with no data
[ 2026-05-20 12:56:00,548 ] python_multipart.multipart - DEBUG - Calling on_field_name with data[49:67]
[ 2026-05-20 12:56:00,548 ] python_multipart.multipart - DEBUG - Calling on_field_data with data[68:69]
[ 2026-05-20 12:56:00,548 ] python_multipart.multipart - DEBUG - Calling on_field_end with no data
[ 2026-05-20 12:56:00,548 ] python_multipart.multipart - DEBUG - Calling on_field_start with no data
[ 2026-05-20 12:56:00,548 ] python_multipart.multipart - DEBUG - Calling on_field_name with data[70:84]
[ 2026-05-20 12:56:00,548 ] python_multipart.multipart - DEBUG - Calling on_field_data with data[85:90]
[ 2026-05-20 12:56:00,548 ] python_multipart.multipart - DEBUG - Calling on_field_end with no data
[ 2026-05-20 12:56:00,548 ] python_multipart.multipart - DEBUG - Calling on_field_start with no data
[ 2026-05-20 12:56:00,548 ] python_multipart.multipart - DEBUG - Calling on_field_name with data[91:111]
[ 2026-05-20 12:56:00,548 ] python_multipart.multipart - DEBUG - Calling on_field_data with data[112:115]
[ 2026-05-20 12:56:00,548 ] python_multipart.multipart - DEBUG - Calling on_field_end with no data
[ 2026-05-20 12:56:00,548 ] python_multipart.multipart - DEBUG - Calling on_field_start with no data
[ 2026-05-20 12:56:00,548 ] python_multipart.multipart - DEBUG - Calling on_field_name with data[116:123]
[ 2026-05-20 12:56:00,548 ] python_multipart.multipart - DEBUG - Calling on_field_data with data[124:127]
[ 2026-05-20 12:56:00,548 ] python_multipart.multipart - DEBUG - Calling on_field_end with no data
[ 2026-05-20 12:56:00,548 ] python_multipart.multipart - DEBUG - Calling on_field_start with no data
[ 2026-05-20 12:56:00,548 ] python_multipart.multipart - DEBUG - Calling on_field_name with data[128:149]
[ 2026-05-20 12:56:00,548 ] python_multipart.multipart - DEBUG - Calling on_field_data with data[150:151]
[ 2026-05-20 12:56:00,548 ] python_multipart.multipart - DEBUG - Calling on_field_end with no data
[ 2026-05-20 12:56:00,548 ] python_multipart.multipart - DEBUG - Calling on_field_start with no data
[ 2026-05-20 12:56:00,548 ] python_multipart.multipart - DEBUG - Calling on_field_name with data[152:174]
[ 2026-05-20 12:56:00,548 ] python_multipart.multipart - DEBUG - Calling on_field_data with data[175:176]
[ 2026-05-20 12:56:00,548 ] python_multipart.multipart - DEBUG - Calling on_field_end with no data
[ 2026-05-20 12:56:00,548 ] python_multipart.multipart - DEBUG - Calling on_field_start with no data
[ 2026-05-20 12:56:00,548 ] python_multipart.multipart - DEBUG - Calling on_field_name with data[177:195]
[ 2026-05-20 12:56:00,548 ] python_multipart.multipart - DEBUG - Calling on_field_data with data[196:197]
[ 2026-05-20 12:56:00,548 ] python_multipart.multipart - DEBUG - Calling on_field_end with no data
[ 2026-05-20 12:56:00,548 ] python_multipart.multipart - DEBUG - Calling on_end with no data
[ 2026-05-20 12:56:00,549 ] root - INFO - Entered get_usvisa_data_as_dict method as VehicleData class
[ 2026-05-20 12:56:00,549 ] root - INFO - Created vehicle data dict
[ 2026-05-20 12:56:00,549 ] root - INFO - Exited get_vehicle_data_as_dict method as VehicleData class
[ 2026-05-20 12:56:00,563 ] root - INFO - Entered predict method of VehicleDataClassifier class
[ 2026-05-20 12:56:00,568 ] botocore.hooks - DEBUG - Changing event name from creating-client-class.iot-data to creating-client-class.iot-data-plane
[ 2026-05-20 12:56:00,570 ] botocore.hooks - DEBUG - Changing event name from before-call.apigateway to before-call.api-gateway
[ 2026-05-20 12:56:00,570 ] botocore.hooks - DEBUG - Changing event name from request-created.machinelearning.Predict to request-created.machine-learning.Predict
[ 2026-05-20 12:56:00,571 ] botocore.hooks - DEBUG - Changing event name from before-parameter-build.autoscaling.CreateLaunchConfiguration to before-parameter-build.auto-scaling.CreateLaunchConfiguration
[ 2026-05-20 12:56:00,571 ] botocore.hooks - DEBUG - Changing event name from before-parameter-build.route53 to before-parameter-build.route-53
[ 2026-05-20 12:56:00,571 ] botocore.hooks - DEBUG - Changing event name from request-created.cloudsearchdomain.Search to request-created.cloudsearch-domain.Search
[ 2026-05-20 12:56:00,572 ] botocore.hooks - DEBUG - Changing event name from docs.*.autoscaling.CreateLaunchConfiguration.complete-section to docs.*.auto-scaling.CreateLaunchConfiguration.complete-section
[ 2026-05-20 12:56:00,573 ] botocore.hooks - DEBUG - Changing event name from before-parameter-build.logs.CreateExportTask to before-parameter-build.cloudwatch-logs.CreateExportTask
[ 2026-05-20 12:56:00,573 ] botocore.hooks - DEBUG - Changing event name from docs.*.logs.CreateExportTask.complete-section to docs.*.cloudwatch-logs.CreateExportTask.complete-section
[ 2026-05-20 12:56:00,573 ] botocore.hooks - DEBUG - Changing event name from before-parameter-build.cloudsearchdomain.Search to before-parameter-build.cloudsearch-domain.Search
[ 2026-05-20 12:56:00,573 ] botocore.hooks - DEBUG - Changing event name from docs.*.cloudsearchdomain.Search.complete-section to docs.*.cloudsearch-domain.Search.complete-section
[ 2026-05-20 12:56:00,618 ] botocore.loaders - DEBUG - Loading JSON file: /Users/him/Desktop/complete_mlops_project/venv/lib/python3.13/site-packages/boto3/data/s3/2006-03-01/resources-1.json
[ 2026-05-20 12:56:00,621 ] botocore.loaders - DEBUG - Loading JSON file: /Users/him/Desktop/complete_mlops_project/venv/lib/python3.13/site-packages/botocore/data/endpoints.json
[ 2026-05-20 12:56:00,635 ] botocore.loaders - DEBUG - Loading JSON file: /Users/him/Desktop/complete_mlops_project/venv/lib/python3.13/site-packages/botocore/data/sdk-default-configuration.json
[ 2026-05-20 12:56:00,635 ] botocore.hooks - DEBUG - Event choose-service-name: calling handler <function handle_service_name_alias at 0x107eb7a60>
[ 2026-05-20 12:56:00,650 ] botocore.loaders - DEBUG - Loading JSON file: /Users/him/Desktop/complete_mlops_project/venv/lib/python3.13/site-packages/botocore/data/s3/2006-03-01/service-2.json.gz
[ 2026-05-20 12:56:00,657 ] botocore.loaders - DEBUG - Loading JSON file: /Users/him/Desktop/complete_mlops_project/venv/lib/python3.13/site-packages/botocore/data/s3/2006-03-01/service-2.sdk-extras.json
[ 2026-05-20 12:56:00,672 ] botocore.loaders - DEBUG - Loading JSON file: /Users/him/Desktop/complete_mlops_project/venv/lib/python3.13/site-packages/botocore/data/s3/2006-03-01/endpoint-rule-set-1.json.gz
[ 2026-05-20 12:56:00,675 ] botocore.loaders - DEBUG - Loading JSON file: /Users/him/Desktop/complete_mlops_project/venv/lib/python3.13/site-packages/botocore/data/partitions.json
[ 2026-05-20 12:56:00,677 ] botocore.hooks - DEBUG - Event creating-client-class.s3: calling handler <function add_generate_presigned_post at 0x107e2c680>
[ 2026-05-20 12:56:00,677 ] botocore.hooks - DEBUG - Event creating-client-class.s3: calling handler <function lazy_call.<locals>._handler at 0x110f91e40>
[ 2026-05-20 12:56:00,679 ] botocore.hooks - DEBUG - Event creating-client-class.s3: calling handler <function add_generate_presigned_url at 0x107e2c400>
[ 2026-05-20 12:56:00,680 ] botocore.configprovider - DEBUG - Looking for endpoint for s3 via: environment_service
[ 2026-05-20 12:56:00,680 ] botocore.configprovider - DEBUG - Looking for endpoint for s3 via: environment_global
[ 2026-05-20 12:56:00,680 ] botocore.configprovider - DEBUG - Looking for endpoint for s3 via: config_service
[ 2026-05-20 12:56:00,680 ] botocore.configprovider - DEBUG - Looking for endpoint for s3 via: config_global
[ 2026-05-20 12:56:00,680 ] botocore.configprovider - DEBUG - No configured endpoint found.
[ 2026-05-20 12:56:00,744 ] botocore.endpoint - DEBUG - Setting s3 timeout as (60, 60)
[ 2026-05-20 12:56:00,768 ] botocore.loaders - DEBUG - Loading JSON file: /Users/him/Desktop/complete_mlops_project/venv/lib/python3.13/site-packages/botocore/data/_retry.json
[ 2026-05-20 12:56:00,768 ] botocore.client - DEBUG - Registering retry handlers for service: s3
[ 2026-05-20 12:56:00,769 ] botocore.utils - DEBUG - Registering S3 region redirector handler
[ 2026-05-20 12:56:00,769 ] botocore.utils - DEBUG - Registering S3Express Identity Resolver
[ 2026-05-20 12:56:00,769 ] boto3.resources.factory - DEBUG - Loading s3:s3
[ 2026-05-20 12:56:00,770 ] botocore.hooks - DEBUG - Event choose-service-name: calling handler <function handle_service_name_alias at 0x107eb7a60>
[ 2026-05-20 12:56:00,770 ] botocore.hooks - DEBUG - Event creating-client-class.s3: calling handler <function add_generate_presigned_post at 0x107e2c680>
[ 2026-05-20 12:56:00,770 ] botocore.hooks - DEBUG - Event creating-client-class.s3: calling handler <function lazy_call.<locals>._handler at 0x110f91e40>
[ 2026-05-20 12:56:00,771 ] botocore.hooks - DEBUG - Event creating-client-class.s3: calling handler <function add_generate_presigned_url at 0x107e2c400>
[ 2026-05-20 12:56:00,771 ] botocore.configprovider - DEBUG - Looking for endpoint for s3 via: environment_service
[ 2026-05-20 12:56:00,771 ] botocore.configprovider - DEBUG - Looking for endpoint for s3 via: environment_global
[ 2026-05-20 12:56:00,771 ] botocore.configprovider - DEBUG - Looking for endpoint for s3 via: config_service
[ 2026-05-20 12:56:00,771 ] botocore.configprovider - DEBUG - Looking for endpoint for s3 via: config_global
[ 2026-05-20 12:56:00,771 ] botocore.configprovider - DEBUG - No configured endpoint found.
[ 2026-05-20 12:56:00,771 ] botocore.endpoint - DEBUG - Setting s3 timeout as (60, 60)
[ 2026-05-20 12:56:00,773 ] botocore.client - DEBUG - Registering retry handlers for service: s3
[ 2026-05-20 12:56:00,773 ] botocore.utils - DEBUG - Registering S3 region redirector handler
[ 2026-05-20 12:56:00,773 ] botocore.utils - DEBUG - Registering S3Express Identity Resolver
[ 2026-05-20 12:56:00,773 ] root - INFO - Entered the get_file_object method of SimpleStorageService class
[ 2026-05-20 12:56:00,773 ] root - INFO - Entered the get_bucket method of SimpleStorageService class
[ 2026-05-20 12:56:00,773 ] boto3.resources.factory - DEBUG - Loading s3:Bucket
[ 2026-05-20 12:56:00,773 ] boto3.resources.model - DEBUG - Renaming Bucket attribute name
[ 2026-05-20 12:56:00,774 ] botocore.hooks - DEBUG - Event creating-resource-class.s3.Bucket: calling handler <function lazy_call.<locals>._handler at 0x110f92700>
[ 2026-05-20 12:56:00,774 ] root - INFO - Exited the get_bucket method of SimpleStorageService class
[ 2026-05-20 12:56:00,788 ] botocore.loaders - DEBUG - Loading JSON file: /Users/him/Desktop/complete_mlops_project/venv/lib/python3.13/site-packages/botocore/data/s3/2006-03-01/paginators-1.json
[ 2026-05-20 12:56:00,788 ] botocore.loaders - DEBUG - Loading JSON file: /Users/him/Desktop/complete_mlops_project/venv/lib/python3.13/site-packages/botocore/data/s3/2006-03-01/paginators-1.sdk-extras.json
[ 2026-05-20 12:56:00,788 ] boto3.resources.collection - DEBUG - Calling paginated s3:list_objects with {'Bucket': 'ml-model-mlopsproject', 'Prefix': 'model.pkl'}
[ 2026-05-20 12:56:00,789 ] botocore.hooks - DEBUG - Event before-parameter-build.s3.ListObjects: calling handler <function set_list_objects_encoding_type_url at 0x107ee2480>
[ 2026-05-20 12:56:00,789 ] botocore.hooks - DEBUG - Event before-parameter-build.s3.ListObjects: calling handler <function validate_bucket_name at 0x107ee0fe0>
[ 2026-05-20 12:56:00,789 ] botocore.hooks - DEBUG - Event before-parameter-build.s3.ListObjects: calling handler <function remove_bucket_from_url_paths_from_model at 0x107ee3420>
[ 2026-05-20 12:56:00,789 ] botocore.hooks - DEBUG - Event before-parameter-build.s3.ListObjects: calling handler <bound method S3RegionRedirectorv2.annotate_request_context of <botocore.utils.S3RegionRedirectorv2 object at 0x111ac8440>>
[ 2026-05-20 12:56:00,789 ] botocore.hooks - DEBUG - Event before-parameter-build.s3.ListObjects: calling handler <bound method ClientCreator._inject_s3_input_parameters of <botocore.client.ClientCreator object at 0x110fa74d0>>
[ 2026-05-20 12:56:00,789 ] botocore.hooks - DEBUG - Event before-parameter-build.s3.ListObjects: calling handler <function generate_idempotent_uuid at 0x107ee0e00>
[ 2026-05-20 12:56:00,790 ] botocore.hooks - DEBUG - Event before-parameter-build.s3.ListObjects: calling handler <function _handle_request_validation_mode_member at 0x107ee3ba0>
[ 2026-05-20 12:56:00,790 ] botocore.hooks - DEBUG - Event before-endpoint-resolution.s3: calling handler <function customize_endpoint_resolver_builtins at 0x107ee3600>
[ 2026-05-20 12:56:00,790 ] botocore.hooks - DEBUG - Event before-endpoint-resolution.s3: calling handler <bound method S3RegionRedirectorv2.redirect_from_cache of <botocore.utils.S3RegionRedirectorv2 object at 0x111ac8440>>
[ 2026-05-20 12:56:00,790 ] botocore.regions - DEBUG - Calling endpoint provider with parameters: {'Bucket': 'ml-model-mlopsproject', 'Region': 'us-east-1', 'UseFIPS': False, 'UseDualStack': False, 'ForcePathStyle': False, 'Accelerate': False, 'UseGlobalEndpoint': True, 'Prefix': 'model.pkl', 'DisableMultiRegionAccessPoints': False, 'UseArnRegion': True, 'DisableS3ExpressSessionAuth': False}
[ 2026-05-20 12:56:00,790 ] botocore.regions - DEBUG - Endpoint provider result: https://ml-model-mlopsproject.s3.amazonaws.com
[ 2026-05-20 12:56:00,790 ] botocore.regions - DEBUG - Selecting from endpoint provider's list of auth schemes: "sigv4". User selected auth scheme is: "None"
[ 2026-05-20 12:56:00,790 ] botocore.regions - DEBUG - Selected auth type "v4" as "v4" with signing context params: {'region': 'us-east-1', 'signing_name': 's3', 'disableDoubleEncoding': True}
[ 2026-05-20 12:56:00,791 ] botocore.hooks - DEBUG - Event before-call.s3.ListObjects: calling handler <function add_expect_header at 0x107ee13a0>
[ 2026-05-20 12:56:00,791 ] botocore.hooks - DEBUG - Event before-call.s3.ListObjects: calling handler <bound method S3ExpressIdentityResolver.apply_signing_cache_key of <botocore.utils.S3ExpressIdentityResolver object at 0x111ac8590>>
[ 2026-05-20 12:56:00,791 ] botocore.hooks - DEBUG - Event before-call.s3.ListObjects: calling handler <function add_recursion_detection_header at 0x107ee0860>
[ 2026-05-20 12:56:00,791 ] botocore.hooks - DEBUG - Event before-call.s3.ListObjects: calling handler <function inject_api_version_header_if_needed at 0x107ee28e0>
[ 2026-05-20 12:56:00,791 ] botocore.endpoint - DEBUG - Making request for OperationModel(name=ListObjects) with params: {'url_path': '', 'query_string': {'prefix': 'model.pkl', 'encoding-type': 'url'}, 'method': 'GET', 'headers': {'User-Agent': 'Boto3/1.43.9 md/Botocore#1.43.9 ua/2.1 os/macos#25.2.0 md/arch#arm64 lang/python#3.13.7 md/pyimpl#CPython m/Z,D,e,b,C cfg/retry-mode#legacy Botocore/1.43.9 Resource'}, 'body': b'', 'auth_path': '/ml-model-mlopsproject/', 'url': 'https://ml-model-mlopsproject.s3.amazonaws.com/?prefix=model.pkl&encoding-type=url', 'context': {'client_region': 'us-east-1', 'client_config': <botocore.config.Config object at 0x11174e0d0>, 'has_streaming_input': False, 'auth_type': 'v4', 'unsigned_payload': None, 'auth_options': ['aws.auth#sigv4'], 'encoding_type_auto_set': True, 's3_redirect': {'redirected': False, 'bucket': 'ml-model-mlopsproject', 'params': {'Bucket': 'ml-model-mlopsproject', 'Prefix': 'model.pkl', 'EncodingType': 'url'}}, 'input_params': {'Bucket': 'ml-model-mlopsproject', 'Prefix': 'model.pkl'}, 'signing': {'region': 'us-east-1', 'signing_name': 's3', 'disableDoubleEncoding': True}, 'endpoint_properties': {'authSchemes': [{'disableDoubleEncoding': True, 'name': 'sigv4', 'signingName': 's3', 'signingRegion': 'us-east-1'}]}}}
[ 2026-05-20 12:56:00,791 ] botocore.hooks - DEBUG - Event request-created.s3.ListObjects: calling handler <bound method RequestSigner.handler of <botocore.signers.RequestSigner object at 0x1117be270>>
[ 2026-05-20 12:56:00,791 ] botocore.hooks - DEBUG - Event choose-signer.s3.ListObjects: calling handler <bound method ClientCreator._default_s3_presign_to_sigv2 of <botocore.client.ClientCreator object at 0x110fa74d0>>
[ 2026-05-20 12:56:00,791 ] botocore.hooks - DEBUG - Event choose-signer.s3.ListObjects: calling handler <function set_operation_specific_signer at 0x107ee0ae0>
[ 2026-05-20 12:56:00,791 ] botocore.hooks - DEBUG - Event before-sign.s3.ListObjects: calling handler <function remove_arn_from_signing_path at 0x107ee3560>
[ 2026-05-20 12:56:00,791 ] botocore.hooks - DEBUG - Event before-sign.s3.ListObjects: calling handler <function _set_extra_headers_for_unsigned_request at 0x107ee3c40>
[ 2026-05-20 12:56:00,791 ] botocore.hooks - DEBUG - Event before-sign.s3.ListObjects: calling handler <bound method S3ExpressIdentityResolver.resolve_s3express_identity of <botocore.utils.S3ExpressIdentityResolver object at 0x111ac8590>>
[ 2026-05-20 12:56:00,792 ] botocore.auth - DEBUG - Calculating signature using v4 auth.
[ 2026-05-20 12:56:00,792 ] botocore.auth - DEBUG - CanonicalRequest:
GET
/
encoding-type=url&prefix=model.pkl
host:ml-model-mlopsproject.s3.amazonaws.com
x-amz-content-sha256:e3b0c44298fc1c149afbf4c8996fb92427ae41e4649b934ca495991b7852b855
x-amz-date:20260520T072600Z

host;x-amz-content-sha256;x-amz-date
e3b0c44298fc1c149afbf4c8996fb92427ae41e4649b934ca495991b7852b855
[ 2026-05-20 12:56:00,794 ] botocore.auth - DEBUG - StringToSign:
AWS4-HMAC-SHA256
20260520T072600Z
20260520/us-east-1/s3/aws4_request
c097b242e9b327f49a3e143c28f0187ad686aa0303798911bb72a6517060e0a7
[ 2026-05-20 12:56:00,794 ] botocore.auth - DEBUG - Signature:
e3a1cc367dc48fff41e34af8b575a588f5fb69bf35861c5c019199c7a77be584
[ 2026-05-20 12:56:00,794 ] botocore.hooks - DEBUG - Event request-created.s3.ListObjects: calling handler <bound method UserAgentString.rebuild_and_replace_user_agent_handler of <botocore.useragent.UserAgentString object at 0x11174efd0>>
[ 2026-05-20 12:56:00,794 ] botocore.hooks - DEBUG - Event request-created.s3.ListObjects: calling handler <function add_retry_headers at 0x107ee3380>
[ 2026-05-20 12:56:00,794 ] botocore.endpoint - DEBUG - Sending http request: <AWSPreparedRequest stream_output=False, method=GET, url=https://ml-model-mlopsproject.s3.amazonaws.com/?prefix=model.pkl&encoding-type=url, headers={'User-Agent': b'Boto3/1.43.9 md/Botocore#1.43.9 ua/2.1 os/macos#25.2.0 md/arch#arm64 lang/python#3.13.7 md/pyimpl#CPython m/Z,D,e,b,C cfg/retry-mode#legacy Botocore/1.43.9 Resource', 'X-Amz-Date': b'20260520T072600Z', 'X-Amz-Content-SHA256': b'e3b0c44298fc1c149afbf4c8996fb92427ae41e4649b934ca495991b7852b855', 'Authorization': b'AWS4-HMAC-SHA256 Credential=AKIAS7OXDU5I3P5QHSKZ/20260520/us-east-1/s3/aws4_request, SignedHeaders=host;x-amz-content-sha256;x-amz-date, Signature=e3a1cc367dc48fff41e34af8b575a588f5fb69bf35861c5c019199c7a77be584', 'amz-sdk-invocation-id': b'a27aa23a-abef-4fed-9edc-8e83fda9b623', 'amz-sdk-request': b'attempt=1'}>
[ 2026-05-20 12:56:00,795 ] botocore.httpsession - DEBUG - Certificate path: /Users/him/Desktop/complete_mlops_project/venv/lib/python3.13/site-packages/certifi/cacert.pem
[ 2026-05-20 12:56:00,795 ] urllib3.connectionpool - DEBUG - Starting new HTTPS connection (1): ml-model-mlopsproject.s3.amazonaws.com:443
[ 2026-05-20 12:56:02,611 ] urllib3.connectionpool - DEBUG - https://ml-model-mlopsproject.s3.amazonaws.com:443 "GET /?prefix=model.pkl&encoding-type=url HTTP/1.1" 200 None
[ 2026-05-20 12:56:03,928 ] botocore.hooks - DEBUG - Event before-parse.s3.ListObjects: calling handler <function _handle_200_error at 0x107ee3920>
[ 2026-05-20 12:56:03,937 ] botocore.hooks - DEBUG - Event before-parse.s3.ListObjects: calling handler <function handle_expires_header at 0x107ee3740>
[ 2026-05-20 12:56:03,938 ] botocore.parsers - DEBUG - Response headers: {'x-amz-id-2': '1dB7bTjyGI3Vp6TO6zHnXkZFTytW3nh+Virc6cwgBZwyX+7ZuBVeesVj6tSCuLHAhCnrwDiYUD4=', 'x-amz-request-id': 'SSVC0RGGZN7WP0DX', 'Date': 'Wed, 20 May 2026 07:26:03 GMT', 'x-amz-bucket-region': 'us-east-1', 'Content-Type': 'application/xml', 'Transfer-Encoding': 'chunked', 'Server': 'AmazonS3'}
[ 2026-05-20 12:56:03,938 ] botocore.parsers - DEBUG - Response body:
b'<?xml version="1.0" encoding="UTF-8"?>\n<ListBucketResult xmlns="http://s3.amazonaws.com/doc/2006-03-01/"><Name>ml-model-mlopsproject</Name><Prefix>model.pkl</Prefix><Marker></Marker><MaxKeys>1000</MaxKeys><EncodingType>url</EncodingType><IsTruncated>false</IsTruncated></ListBucketResult>'
[ 2026-05-20 12:56:03,939 ] botocore.hooks - DEBUG - Event needs-retry.s3.ListObjects: calling handler <function _update_status_code at 0x107ee3b00>
[ 2026-05-20 12:56:03,939 ] botocore.hooks - DEBUG - Event needs-retry.s3.ListObjects: calling handler <botocore.retryhandler.RetryHandler object at 0x111ac82f0>
[ 2026-05-20 12:56:03,939 ] botocore.retryhandler - DEBUG - No retry needed.
[ 2026-05-20 12:56:03,939 ] botocore.hooks - DEBUG - Event needs-retry.s3.ListObjects: calling handler <bound method S3RegionRedirectorv2.redirect_from_error of <botocore.utils.S3RegionRedirectorv2 object at 0x111ac8440>>
[ 2026-05-20 12:56:03,939 ] botocore.hooks - DEBUG - Event after-call.s3.ListObjects: calling handler <function decode_list_object at 0x107ee2520>
[ 2026-05-20 12:56:03,940 ] boto3.resources.factory - DEBUG - Loading s3:ObjectSummary
[ 2026-05-20 12:56:03,940 ] boto3.resources.model - DEBUG - Renaming ObjectSummary attribute key
[ 2026-05-20 12:56:03,940 ] botocore.hooks - DEBUG - Event creating-resource-class.s3.ObjectSummary: calling handler <function lazy_call.<locals>._handler at 0x110f92840>
[ 2026-05-20 12:56:03,941 ] root - INFO - Exited the get_file_object method of SimpleStorageService class
[ 2026-05-20 12:56:03,944 ] root - ERROR - Error occurred in python script: [/Users/him/Desktop/complete_mlops_project/src/cloud_storage/aws_storage.py] at line number [70]: 'list' object has no attribute 'get'
[ 2026-05-20 12:56:03,944 ] root - ERROR - Error occurred in python script: [/Users/him/Desktop/complete_mlops_project/src/cloud_storage/aws_storage.py] at line number [129]: Error occurred in python script: [/Users/him/Desktop/complete_mlops_project/src/cloud_storage/aws_storage.py] at line number [70]: 'list' object has no attribute 'get'
[ 2026-05-20 12:56:03,944 ] root - ERROR - Error occurred in python script: [/Users/him/Desktop/complete_mlops_project/src/entity/s3_estimator.py] at line number [63]: Error occurred in python script: [/Users/him/Desktop/complete_mlops_project/src/cloud_storage/aws_storage.py] at line number [129]: Error occurred in python script: [/Users/him/Desktop/complete_mlops_project/src/cloud_storage/aws_storage.py] at line number [70]: 'list' object has no attribute 'get'
[ 2026-05-20 12:56:03,945 ] root - ERROR - Error occurred in python script: [/Users/him/Desktop/complete_mlops_project/src/pipline/prediction_pipeline.py] at line number [105]: Error occurred in python script: [/Users/him/Desktop/complete_mlops_project/src/entity/s3_estimator.py] at line number [63]: Error occurred in python script: [/Users/him/Desktop/complete_mlops_project/src/cloud_storage/aws_storage.py] at line number [129]: Error occurred in python script: [/Users/him/Desktop/complete_mlops_project/src/cloud_storage/aws_storage.py] at line number [70]: 'list' object has no attribute 'get'
[ 2026-05-20 12:56:06,792 ] python_multipart.multipart - DEBUG - Calling on_field_start with no data
[ 2026-05-20 12:56:06,793 ] python_multipart.multipart - DEBUG - Calling on_field_name with data[0:6]
[ 2026-05-20 12:56:06,793 ] python_multipart.multipart - DEBUG - Calling on_field_data with data[7:8]
[ 2026-05-20 12:56:06,793 ] python_multipart.multipart - DEBUG - Calling on_field_end with no data
[ 2026-05-20 12:56:06,793 ] python_multipart.multipart - DEBUG - Calling on_field_start with no data
[ 2026-05-20 12:56:06,793 ] python_multipart.multipart - DEBUG - Calling on_field_name with data[9:12]
[ 2026-05-20 12:56:06,793 ] python_multipart.multipart - DEBUG - Calling on_field_data with data[13:15]
[ 2026-05-20 12:56:06,793 ] python_multipart.multipart - DEBUG - Calling on_field_end with no data
[ 2026-05-20 12:56:06,793 ] python_multipart.multipart - DEBUG - Calling on_field_start with no data
[ 2026-05-20 12:56:06,793 ] python_multipart.multipart - DEBUG - Calling on_field_name with data[16:31]
[ 2026-05-20 12:56:06,793 ] python_multipart.multipart - DEBUG - Calling on_field_data with data[32:33]
[ 2026-05-20 12:56:06,793 ] python_multipart.multipart - DEBUG - Calling on_field_end with no data
[ 2026-05-20 12:56:06,793 ] python_multipart.multipart - DEBUG - Calling on_field_start with no data
[ 2026-05-20 12:56:06,793 ] python_multipart.multipart - DEBUG - Calling on_field_name with data[34:45]
[ 2026-05-20 12:56:06,793 ] python_multipart.multipart - DEBUG - Calling on_field_data with data[46:48]
[ 2026-05-20 12:56:06,793 ] python_multipart.multipart - DEBUG - Calling on_field_end with no data
[ 2026-05-20 12:56:06,793 ] python_multipart.multipart - DEBUG - Calling on_field_start with no data
[ 2026-05-20 12:56:06,793 ] python_multipart.multipart - DEBUG - Calling on_field_name with data[49:67]
[ 2026-05-20 12:56:06,793 ] python_multipart.multipart - DEBUG - Calling on_field_data with data[68:69]
[ 2026-05-20 12:56:06,793 ] python_multipart.multipart - DEBUG - Calling on_field_end with no data
[ 2026-05-20 12:56:06,793 ] python_multipart.multipart - DEBUG - Calling on_field_start with no data
[ 2026-05-20 12:56:06,793 ] python_multipart.multipart - DEBUG - Calling on_field_name with data[70:84]
[ 2026-05-20 12:56:06,793 ] python_multipart.multipart - DEBUG - Calling on_field_data with data[85:90]
[ 2026-05-20 12:56:06,793 ] python_multipart.multipart - DEBUG - Calling on_field_end with no data
[ 2026-05-20 12:56:06,793 ] python_multipart.multipart - DEBUG - Calling on_field_start with no data
[ 2026-05-20 12:56:06,793 ] python_multipart.multipart - DEBUG - Calling on_field_name with data[91:111]
[ 2026-05-20 12:56:06,793 ] python_multipart.multipart - DEBUG - Calling on_field_data with data[112:115]
[ 2026-05-20 12:56:06,793 ] python_multipart.multipart - DEBUG - Calling on_field_end with no data
[ 2026-05-20 12:56:06,793 ] python_multipart.multipart - DEBUG - Calling on_field_start with no data
[ 2026-05-20 12:56:06,793 ] python_multipart.multipart - DEBUG - Calling on_field_name with data[116:123]
[ 2026-05-20 12:56:06,793 ] python_multipart.multipart - DEBUG - Calling on_field_data with data[124:127]
[ 2026-05-20 12:56:06,794 ] python_multipart.multipart - DEBUG - Calling on_field_end with no data
[ 2026-05-20 12:56:06,794 ] python_multipart.multipart - DEBUG - Calling on_field_start with no data
[ 2026-05-20 12:56:06,794 ] python_multipart.multipart - DEBUG - Calling on_field_name with data[128:149]
[ 2026-05-20 12:56:06,794 ] python_multipart.multipart - DEBUG - Calling on_field_data with data[150:151]
[ 2026-05-20 12:56:06,794 ] python_multipart.multipart - DEBUG - Calling on_field_end with no data
[ 2026-05-20 12:56:06,794 ] python_multipart.multipart - DEBUG - Calling on_field_start with no data
[ 2026-05-20 12:56:06,794 ] python_multipart.multipart - DEBUG - Calling on_field_name with data[152:174]
[ 2026-05-20 12:56:06,794 ] python_multipart.multipart - DEBUG - Calling on_field_data with data[175:176]
[ 2026-05-20 12:56:06,794 ] python_multipart.multipart - DEBUG - Calling on_field_end with no data
[ 2026-05-20 12:56:06,794 ] python_multipart.multipart - DEBUG - Calling on_field_start with no data
[ 2026-05-20 12:56:06,794 ] python_multipart.multipart - DEBUG - Calling on_field_name with data[177:195]
[ 2026-05-20 12:56:06,794 ] python_multipart.multipart - DEBUG - Calling on_field_data with data[196:197]
[ 2026-05-20 12:56:06,794 ] python_multipart.multipart - DEBUG - Calling on_field_end with no data
[ 2026-05-20 12:56:06,794 ] python_multipart.multipart - DEBUG - Calling on_end with no data
[ 2026-05-20 12:56:06,794 ] root - INFO - Entered get_usvisa_data_as_dict method as VehicleData class
[ 2026-05-20 12:56:06,794 ] root - INFO - Created vehicle data dict
[ 2026-05-20 12:56:06,795 ] root - INFO - Exited get_vehicle_data_as_dict method as VehicleData class
[ 2026-05-20 12:56:06,811 ] root - INFO - Entered predict method of VehicleDataClassifier class
[ 2026-05-20 12:56:06,811 ] root - INFO - Entered the get_file_object method of SimpleStorageService class
[ 2026-05-20 12:56:06,811 ] root - INFO - Entered the get_bucket method of SimpleStorageService class
[ 2026-05-20 12:56:06,811 ] boto3.resources.factory - DEBUG - Loading s3:Bucket
[ 2026-05-20 12:56:06,811 ] boto3.resources.model - DEBUG - Renaming Bucket attribute name
[ 2026-05-20 12:56:06,812 ] botocore.hooks - DEBUG - Event creating-resource-class.s3.Bucket: calling handler <function lazy_call.<locals>._handler at 0x110f92700>
[ 2026-05-20 12:56:06,812 ] root - INFO - Exited the get_bucket method of SimpleStorageService class
[ 2026-05-20 12:56:06,812 ] boto3.resources.collection - DEBUG - Calling paginated s3:list_objects with {'Bucket': 'ml-model-mlopsproject', 'Prefix': 'model.pkl'}
[ 2026-05-20 12:56:06,813 ] botocore.hooks - DEBUG - Event before-parameter-build.s3.ListObjects: calling handler <function set_list_objects_encoding_type_url at 0x107ee2480>
[ 2026-05-20 12:56:06,813 ] botocore.hooks - DEBUG - Event before-parameter-build.s3.ListObjects: calling handler <function validate_bucket_name at 0x107ee0fe0>
[ 2026-05-20 12:56:06,813 ] botocore.hooks - DEBUG - Event before-parameter-build.s3.ListObjects: calling handler <function remove_bucket_from_url_paths_from_model at 0x107ee3420>
[ 2026-05-20 12:56:06,813 ] botocore.hooks - DEBUG - Event before-parameter-build.s3.ListObjects: calling handler <bound method S3RegionRedirectorv2.annotate_request_context of <botocore.utils.S3RegionRedirectorv2 object at 0x111ac8440>>
[ 2026-05-20 12:56:06,813 ] botocore.hooks - DEBUG - Event before-parameter-build.s3.ListObjects: calling handler <bound method ClientCreator._inject_s3_input_parameters of <botocore.client.ClientCreator object at 0x110fa74d0>>
[ 2026-05-20 12:56:06,813 ] botocore.hooks - DEBUG - Event before-parameter-build.s3.ListObjects: calling handler <function generate_idempotent_uuid at 0x107ee0e00>
[ 2026-05-20 12:56:06,813 ] botocore.hooks - DEBUG - Event before-parameter-build.s3.ListObjects: calling handler <function _handle_request_validation_mode_member at 0x107ee3ba0>
[ 2026-05-20 12:56:06,813 ] botocore.hooks - DEBUG - Event before-endpoint-resolution.s3: calling handler <function customize_endpoint_resolver_builtins at 0x107ee3600>
[ 2026-05-20 12:56:06,813 ] botocore.hooks - DEBUG - Event before-endpoint-resolution.s3: calling handler <bound method S3RegionRedirectorv2.redirect_from_cache of <botocore.utils.S3RegionRedirectorv2 object at 0x111ac8440>>
[ 2026-05-20 12:56:06,813 ] botocore.regions - DEBUG - Calling endpoint provider with parameters: {'Bucket': 'ml-model-mlopsproject', 'Region': 'us-east-1', 'UseFIPS': False, 'UseDualStack': False, 'ForcePathStyle': False, 'Accelerate': False, 'UseGlobalEndpoint': True, 'Prefix': 'model.pkl', 'DisableMultiRegionAccessPoints': False, 'UseArnRegion': True, 'DisableS3ExpressSessionAuth': False}
[ 2026-05-20 12:56:06,813 ] botocore.regions - DEBUG - Endpoint provider result: https://ml-model-mlopsproject.s3.amazonaws.com
[ 2026-05-20 12:56:06,813 ] botocore.regions - DEBUG - Selecting from endpoint provider's list of auth schemes: "sigv4". User selected auth scheme is: "None"
[ 2026-05-20 12:56:06,813 ] botocore.regions - DEBUG - Selected auth type "v4" as "v4" with signing context params: {'region': 'us-east-1', 'signing_name': 's3', 'disableDoubleEncoding': True}
[ 2026-05-20 12:56:06,815 ] botocore.hooks - DEBUG - Event before-call.s3.ListObjects: calling handler <function add_expect_header at 0x107ee13a0>
[ 2026-05-20 12:56:06,815 ] botocore.hooks - DEBUG - Event before-call.s3.ListObjects: calling handler <bound method S3ExpressIdentityResolver.apply_signing_cache_key of <botocore.utils.S3ExpressIdentityResolver object at 0x111ac8590>>
[ 2026-05-20 12:56:06,815 ] botocore.hooks - DEBUG - Event before-call.s3.ListObjects: calling handler <function add_recursion_detection_header at 0x107ee0860>
[ 2026-05-20 12:56:06,815 ] botocore.hooks - DEBUG - Event before-call.s3.ListObjects: calling handler <function inject_api_version_header_if_needed at 0x107ee28e0>
[ 2026-05-20 12:56:06,815 ] botocore.endpoint - DEBUG - Making request for OperationModel(name=ListObjects) with params: {'url_path': '', 'query_string': {'prefix': 'model.pkl', 'encoding-type': 'url'}, 'method': 'GET', 'headers': {'User-Agent': 'Boto3/1.43.9 md/Botocore#1.43.9 ua/2.1 os/macos#25.2.0 md/arch#arm64 lang/python#3.13.7 md/pyimpl#CPython m/Z,D,e,b,C cfg/retry-mode#legacy Botocore/1.43.9 Resource'}, 'body': b'', 'auth_path': '/ml-model-mlopsproject/', 'url': 'https://ml-model-mlopsproject.s3.amazonaws.com/?prefix=model.pkl&encoding-type=url', 'context': {'client_region': 'us-east-1', 'client_config': <botocore.config.Config object at 0x11174e0d0>, 'has_streaming_input': False, 'auth_type': 'v4', 'unsigned_payload': None, 'auth_options': ['aws.auth#sigv4'], 'encoding_type_auto_set': True, 's3_redirect': {'redirected': False, 'bucket': 'ml-model-mlopsproject', 'params': {'Bucket': 'ml-model-mlopsproject', 'Prefix': 'model.pkl', 'EncodingType': 'url'}}, 'input_params': {'Bucket': 'ml-model-mlopsproject', 'Prefix': 'model.pkl'}, 'signing': {'region': 'us-east-1', 'signing_name': 's3', 'disableDoubleEncoding': True}, 'endpoint_properties': {'authSchemes': [{'disableDoubleEncoding': True, 'name': 'sigv4', 'signingName': 's3', 'signingRegion': 'us-east-1'}]}}}
[ 2026-05-20 12:56:06,815 ] botocore.hooks - DEBUG - Event request-created.s3.ListObjects: calling handler <bound method RequestSigner.handler of <botocore.signers.RequestSigner object at 0x1117be270>>
[ 2026-05-20 12:56:06,815 ] botocore.hooks - DEBUG - Event choose-signer.s3.ListObjects: calling handler <bound method ClientCreator._default_s3_presign_to_sigv2 of <botocore.client.ClientCreator object at 0x110fa74d0>>
[ 2026-05-20 12:56:06,815 ] botocore.hooks - DEBUG - Event choose-signer.s3.ListObjects: calling handler <function set_operation_specific_signer at 0x107ee0ae0>
[ 2026-05-20 12:56:06,815 ] botocore.hooks - DEBUG - Event before-sign.s3.ListObjects: calling handler <function remove_arn_from_signing_path at 0x107ee3560>
[ 2026-05-20 12:56:06,815 ] botocore.hooks - DEBUG - Event before-sign.s3.ListObjects: calling handler <function _set_extra_headers_for_unsigned_request at 0x107ee3c40>
[ 2026-05-20 12:56:06,815 ] botocore.hooks - DEBUG - Event before-sign.s3.ListObjects: calling handler <bound method S3ExpressIdentityResolver.resolve_s3express_identity of <botocore.utils.S3ExpressIdentityResolver object at 0x111ac8590>>
[ 2026-05-20 12:56:06,815 ] botocore.auth - DEBUG - Calculating signature using v4 auth.
[ 2026-05-20 12:56:06,816 ] botocore.auth - DEBUG - CanonicalRequest:
GET
/
encoding-type=url&prefix=model.pkl
host:ml-model-mlopsproject.s3.amazonaws.com
x-amz-content-sha256:e3b0c44298fc1c149afbf4c8996fb92427ae41e4649b934ca495991b7852b855
x-amz-date:20260520T072606Z

host;x-amz-content-sha256;x-amz-date
e3b0c44298fc1c149afbf4c8996fb92427ae41e4649b934ca495991b7852b855
[ 2026-05-20 12:56:06,816 ] botocore.auth - DEBUG - StringToSign:
AWS4-HMAC-SHA256
20260520T072606Z
20260520/us-east-1/s3/aws4_request
f5c7bde13784f1fd29eec017777d8c9e106416f302f728c320676c3b9c5bbfe5
[ 2026-05-20 12:56:06,817 ] botocore.auth - DEBUG - Signature:
96f2b47f4f4b695be4ec8263aa29f702ab2bc9f59f4276210108330776f8ff90
[ 2026-05-20 12:56:06,817 ] botocore.hooks - DEBUG - Event request-created.s3.ListObjects: calling handler <bound method UserAgentString.rebuild_and_replace_user_agent_handler of <botocore.useragent.UserAgentString object at 0x11174efd0>>
[ 2026-05-20 12:56:06,817 ] botocore.hooks - DEBUG - Event request-created.s3.ListObjects: calling handler <function add_retry_headers at 0x107ee3380>
[ 2026-05-20 12:56:06,817 ] botocore.endpoint - DEBUG - Sending http request: <AWSPreparedRequest stream_output=False, method=GET, url=https://ml-model-mlopsproject.s3.amazonaws.com/?prefix=model.pkl&encoding-type=url, headers={'User-Agent': b'Boto3/1.43.9 md/Botocore#1.43.9 ua/2.1 os/macos#25.2.0 md/arch#arm64 lang/python#3.13.7 md/pyimpl#CPython m/Z,D,e,b,C cfg/retry-mode#legacy Botocore/1.43.9 Resource', 'X-Amz-Date': b'20260520T072606Z', 'X-Amz-Content-SHA256': b'e3b0c44298fc1c149afbf4c8996fb92427ae41e4649b934ca495991b7852b855', 'Authorization': b'AWS4-HMAC-SHA256 Credential=AKIAS7OXDU5I3P5QHSKZ/20260520/us-east-1/s3/aws4_request, SignedHeaders=host;x-amz-content-sha256;x-amz-date, Signature=96f2b47f4f4b695be4ec8263aa29f702ab2bc9f59f4276210108330776f8ff90', 'amz-sdk-invocation-id': b'ccbf3289-af19-4d31-9000-1d10efa87923', 'amz-sdk-request': b'attempt=1'}>
[ 2026-05-20 12:56:06,818 ] botocore.httpsession - DEBUG - Certificate path: /Users/him/Desktop/complete_mlops_project/venv/lib/python3.13/site-packages/certifi/cacert.pem
[ 2026-05-20 12:56:07,091 ] urllib3.connectionpool - DEBUG - https://ml-model-mlopsproject.s3.amazonaws.com:443 "GET /?prefix=model.pkl&encoding-type=url HTTP/1.1" 200 None
[ 2026-05-20 12:56:07,360 ] botocore.hooks - DEBUG - Event before-parse.s3.ListObjects: calling handler <function _handle_200_error at 0x107ee3920>
[ 2026-05-20 12:56:07,360 ] botocore.hooks - DEBUG - Event before-parse.s3.ListObjects: calling handler <function handle_expires_header at 0x107ee3740>
[ 2026-05-20 12:56:07,361 ] botocore.parsers - DEBUG - Response headers: {'x-amz-id-2': 'I0Fj7D+1a0LSbnug7zZiex+WFrlGcXbZ5bPMH+wFl15M638XDv44dT85D76gr6Vzuf/9UKWHCfs=', 'x-amz-request-id': '1TMSFNTRN2KJ5PCB', 'Date': 'Wed, 20 May 2026 07:26:07 GMT', 'x-amz-bucket-region': 'us-east-1', 'Content-Type': 'application/xml', 'Transfer-Encoding': 'chunked', 'Server': 'AmazonS3'}
[ 2026-05-20 12:56:07,361 ] botocore.parsers - DEBUG - Response body:
b'<?xml version="1.0" encoding="UTF-8"?>\n<ListBucketResult xmlns="http://s3.amazonaws.com/doc/2006-03-01/"><Name>ml-model-mlopsproject</Name><Prefix>model.pkl</Prefix><Marker></Marker><MaxKeys>1000</MaxKeys><EncodingType>url</EncodingType><IsTruncated>false</IsTruncated></ListBucketResult>'
[ 2026-05-20 12:56:07,361 ] botocore.hooks - DEBUG - Event needs-retry.s3.ListObjects: calling handler <function _update_status_code at 0x107ee3b00>
[ 2026-05-20 12:56:07,361 ] botocore.hooks - DEBUG - Event needs-retry.s3.ListObjects: calling handler <botocore.retryhandler.RetryHandler object at 0x111ac82f0>
[ 2026-05-20 12:56:07,362 ] botocore.retryhandler - DEBUG - No retry needed.
[ 2026-05-20 12:56:07,362 ] botocore.hooks - DEBUG - Event needs-retry.s3.ListObjects: calling handler <bound method S3RegionRedirectorv2.redirect_from_error of <botocore.utils.S3RegionRedirectorv2 object at 0x111ac8440>>
[ 2026-05-20 12:56:07,362 ] botocore.hooks - DEBUG - Event after-call.s3.ListObjects: calling handler <function decode_list_object at 0x107ee2520>
[ 2026-05-20 12:56:07,362 ] boto3.resources.factory - DEBUG - Loading s3:ObjectSummary
[ 2026-05-20 12:56:07,363 ] boto3.resources.model - DEBUG - Renaming ObjectSummary attribute key
[ 2026-05-20 12:56:07,404 ] botocore.hooks - DEBUG - Event creating-resource-class.s3.ObjectSummary: calling handler <function lazy_call.<locals>._handler at 0x110f92840>
[ 2026-05-20 12:56:07,404 ] root - INFO - Exited the get_file_object method of SimpleStorageService class
[ 2026-05-20 12:56:07,404 ] root - ERROR - Error occurred in python script: [/Users/him/Desktop/complete_mlops_project/src/cloud_storage/aws_storage.py] at line number [70]: 'list' object has no attribute 'get'
[ 2026-05-20 12:56:07,404 ] root - ERROR - Error occurred in python script: [/Users/him/Desktop/complete_mlops_project/src/cloud_storage/aws_storage.py] at line number [129]: Error occurred in python script: [/Users/him/Desktop/complete_mlops_project/src/cloud_storage/aws_storage.py] at line number [70]: 'list' object has no attribute 'get'
[ 2026-05-20 12:56:07,404 ] root - ERROR - Error occurred in python script: [/Users/him/Desktop/complete_mlops_project/src/entity/s3_estimator.py] at line number [63]: Error occurred in python script: [/Users/him/Desktop/complete_mlops_project/src/cloud_storage/aws_storage.py] at line number [129]: Error occurred in python script: [/Users/him/Desktop/complete_mlops_project/src/cloud_storage/aws_storage.py] at line number [70]: 'list' object has no attribute 'get'
[ 2026-05-20 12:56:07,405 ] root - ERROR - Error occurred in python script: [/Users/him/Desktop/complete_mlops_project/src/pipline/prediction_pipeline.py] at line number [105]: Error occurred in python script: [/Users/him/Desktop/complete_mlops_project/src/entity/s3_estimator.py] at line number [63]: Error occurred in python script: [/Users/him/Desktop/complete_mlops_project/src/cloud_storage/aws_storage.py] at line number [129]: Error occurred in python script: [/Users/him/Desktop/complete_mlops_project/src/cloud_storage/aws_storage.py] at line number [70]: 'list' object has no attribute 'get'
