[ 2026-05-20 15:16:00,685 ] asyncio - DEBUG - Using selector: KqueueSelector
[ 2026-05-20 15:17:32,117 ] python_multipart.multipart - DEBUG - Calling on_field_start with no data
[ 2026-05-20 15:17:32,120 ] python_multipart.multipart - DEBUG - Calling on_field_name with data[0:6]
[ 2026-05-20 15:17:32,120 ] python_multipart.multipart - DEBUG - Calling on_field_data with data[7:8]
[ 2026-05-20 15:17:32,120 ] python_multipart.multipart - DEBUG - Calling on_field_end with no data
[ 2026-05-20 15:17:32,123 ] python_multipart.multipart - DEBUG - Calling on_field_start with no data
[ 2026-05-20 15:17:32,123 ] python_multipart.multipart - DEBUG - Calling on_field_name with data[9:12]
[ 2026-05-20 15:17:32,123 ] python_multipart.multipart - DEBUG - Calling on_field_data with data[13:15]
[ 2026-05-20 15:17:32,123 ] python_multipart.multipart - DEBUG - Calling on_field_end with no data
[ 2026-05-20 15:17:32,123 ] python_multipart.multipart - DEBUG - Calling on_field_start with no data
[ 2026-05-20 15:17:32,123 ] python_multipart.multipart - DEBUG - Calling on_field_name with data[16:31]
[ 2026-05-20 15:17:32,123 ] python_multipart.multipart - DEBUG - Calling on_field_data with data[32:33]
[ 2026-05-20 15:17:32,123 ] python_multipart.multipart - DEBUG - Calling on_field_end with no data
[ 2026-05-20 15:17:32,123 ] python_multipart.multipart - DEBUG - Calling on_field_start with no data
[ 2026-05-20 15:17:32,123 ] python_multipart.multipart - DEBUG - Calling on_field_name with data[34:45]
[ 2026-05-20 15:17:32,123 ] python_multipart.multipart - DEBUG - Calling on_field_data with data[46:50]
[ 2026-05-20 15:17:32,123 ] python_multipart.multipart - DEBUG - Calling on_field_end with no data
[ 2026-05-20 15:17:32,123 ] python_multipart.multipart - DEBUG - Calling on_field_start with no data
[ 2026-05-20 15:17:32,123 ] python_multipart.multipart - DEBUG - Calling on_field_name with data[51:69]
[ 2026-05-20 15:17:32,123 ] python_multipart.multipart - DEBUG - Calling on_field_data with data[70:71]
[ 2026-05-20 15:17:32,123 ] python_multipart.multipart - DEBUG - Calling on_field_end with no data
[ 2026-05-20 15:17:32,123 ] python_multipart.multipart - DEBUG - Calling on_field_start with no data
[ 2026-05-20 15:17:32,123 ] python_multipart.multipart - DEBUG - Calling on_field_name with data[72:86]
[ 2026-05-20 15:17:32,123 ] python_multipart.multipart - DEBUG - Calling on_field_data with data[87:92]
[ 2026-05-20 15:17:32,123 ] python_multipart.multipart - DEBUG - Calling on_field_end with no data
[ 2026-05-20 15:17:32,123 ] python_multipart.multipart - DEBUG - Calling on_field_start with no data
[ 2026-05-20 15:17:32,123 ] python_multipart.multipart - DEBUG - Calling on_field_name with data[93:113]
[ 2026-05-20 15:17:32,123 ] python_multipart.multipart - DEBUG - Calling on_field_data with data[114:117]
[ 2026-05-20 15:17:32,123 ] python_multipart.multipart - DEBUG - Calling on_field_end with no data
[ 2026-05-20 15:17:32,123 ] python_multipart.multipart - DEBUG - Calling on_field_start with no data
[ 2026-05-20 15:17:32,123 ] python_multipart.multipart - DEBUG - Calling on_field_name with data[118:125]
[ 2026-05-20 15:17:32,123 ] python_multipart.multipart - DEBUG - Calling on_field_data with data[126:129]
[ 2026-05-20 15:17:32,123 ] python_multipart.multipart - DEBUG - Calling on_field_end with no data
[ 2026-05-20 15:17:32,123 ] python_multipart.multipart - DEBUG - Calling on_field_start with no data
[ 2026-05-20 15:17:32,123 ] python_multipart.multipart - DEBUG - Calling on_field_name with data[130:151]
[ 2026-05-20 15:17:32,123 ] python_multipart.multipart - DEBUG - Calling on_field_data with data[152:153]
[ 2026-05-20 15:17:32,123 ] python_multipart.multipart - DEBUG - Calling on_field_end with no data
[ 2026-05-20 15:17:32,123 ] python_multipart.multipart - DEBUG - Calling on_field_start with no data
[ 2026-05-20 15:17:32,123 ] python_multipart.multipart - DEBUG - Calling on_field_name with data[154:176]
[ 2026-05-20 15:17:32,123 ] python_multipart.multipart - DEBUG - Calling on_field_data with data[177:178]
[ 2026-05-20 15:17:32,123 ] python_multipart.multipart - DEBUG - Calling on_field_end with no data
[ 2026-05-20 15:17:32,123 ] python_multipart.multipart - DEBUG - Calling on_field_start with no data
[ 2026-05-20 15:17:32,123 ] python_multipart.multipart - DEBUG - Calling on_field_name with data[179:197]
[ 2026-05-20 15:17:32,123 ] python_multipart.multipart - DEBUG - Calling on_field_data with data[198:199]
[ 2026-05-20 15:17:32,124 ] python_multipart.multipart - DEBUG - Calling on_field_end with no data
[ 2026-05-20 15:17:32,124 ] python_multipart.multipart - DEBUG - Calling on_end with no data
[ 2026-05-20 15:17:32,124 ] root - INFO - Entered get_usvisa_data_as_dict method as VehicleData class
[ 2026-05-20 15:17:32,124 ] root - INFO - Created vehicle data dict
[ 2026-05-20 15:17:32,124 ] root - INFO - Exited get_vehicle_data_as_dict method as VehicleData class
[ 2026-05-20 15:17:32,167 ] root - INFO - Entered predict method of VehicleDataClassifier class
[ 2026-05-20 15:17:32,172 ] botocore.hooks - DEBUG - Changing event name from creating-client-class.iot-data to creating-client-class.iot-data-plane
[ 2026-05-20 15:17:32,176 ] botocore.hooks - DEBUG - Changing event name from before-call.apigateway to before-call.api-gateway
[ 2026-05-20 15:17:32,179 ] botocore.hooks - DEBUG - Changing event name from request-created.machinelearning.Predict to request-created.machine-learning.Predict
[ 2026-05-20 15:17:32,179 ] botocore.hooks - DEBUG - Changing event name from before-parameter-build.autoscaling.CreateLaunchConfiguration to before-parameter-build.auto-scaling.CreateLaunchConfiguration
[ 2026-05-20 15:17:32,179 ] botocore.hooks - DEBUG - Changing event name from before-parameter-build.route53 to before-parameter-build.route-53
[ 2026-05-20 15:17:32,179 ] botocore.hooks - DEBUG - Changing event name from request-created.cloudsearchdomain.Search to request-created.cloudsearch-domain.Search
[ 2026-05-20 15:17:32,180 ] botocore.hooks - DEBUG - Changing event name from docs.*.autoscaling.CreateLaunchConfiguration.complete-section to docs.*.auto-scaling.CreateLaunchConfiguration.complete-section
[ 2026-05-20 15:17:32,181 ] botocore.hooks - DEBUG - Changing event name from before-parameter-build.logs.CreateExportTask to before-parameter-build.cloudwatch-logs.CreateExportTask
[ 2026-05-20 15:17:32,181 ] botocore.hooks - DEBUG - Changing event name from docs.*.logs.CreateExportTask.complete-section to docs.*.cloudwatch-logs.CreateExportTask.complete-section
[ 2026-05-20 15:17:32,181 ] botocore.hooks - DEBUG - Changing event name from before-parameter-build.cloudsearchdomain.Search to before-parameter-build.cloudsearch-domain.Search
[ 2026-05-20 15:17:32,181 ] botocore.hooks - DEBUG - Changing event name from docs.*.cloudsearchdomain.Search.complete-section to docs.*.cloudsearch-domain.Search.complete-section
[ 2026-05-20 15:17:32,240 ] botocore.loaders - DEBUG - Loading JSON file: /Users/him/Desktop/complete_mlops_project/venv/lib/python3.13/site-packages/boto3/data/s3/2006-03-01/resources-1.json
[ 2026-05-20 15:17:32,246 ] botocore.loaders - DEBUG - Loading JSON file: /Users/him/Desktop/complete_mlops_project/venv/lib/python3.13/site-packages/botocore/data/endpoints.json
[ 2026-05-20 15:17:32,256 ] botocore.loaders - DEBUG - Loading JSON file: /Users/him/Desktop/complete_mlops_project/venv/lib/python3.13/site-packages/botocore/data/sdk-default-configuration.json
[ 2026-05-20 15:17:32,257 ] botocore.hooks - DEBUG - Event choose-service-name: calling handler <function handle_service_name_alias at 0x10ba57a60>
[ 2026-05-20 15:17:32,270 ] botocore.loaders - DEBUG - Loading JSON file: /Users/him/Desktop/complete_mlops_project/venv/lib/python3.13/site-packages/botocore/data/s3/2006-03-01/service-2.json.gz
[ 2026-05-20 15:17:32,280 ] botocore.loaders - DEBUG - Loading JSON file: /Users/him/Desktop/complete_mlops_project/venv/lib/python3.13/site-packages/botocore/data/s3/2006-03-01/service-2.sdk-extras.json
[ 2026-05-20 15:17:32,314 ] botocore.loaders - DEBUG - Loading JSON file: /Users/him/Desktop/complete_mlops_project/venv/lib/python3.13/site-packages/botocore/data/s3/2006-03-01/endpoint-rule-set-1.json.gz
[ 2026-05-20 15:17:32,316 ] botocore.loaders - DEBUG - Loading JSON file: /Users/him/Desktop/complete_mlops_project/venv/lib/python3.13/site-packages/botocore/data/partitions.json
[ 2026-05-20 15:17:32,317 ] botocore.hooks - DEBUG - Event creating-client-class.s3: calling handler <function add_generate_presigned_post at 0x10b9cc680>
[ 2026-05-20 15:17:32,317 ] botocore.hooks - DEBUG - Event creating-client-class.s3: calling handler <function lazy_call.<locals>._handler at 0x114bbc400>
[ 2026-05-20 15:17:32,318 ] botocore.hooks - DEBUG - Event creating-client-class.s3: calling handler <function add_generate_presigned_url at 0x10b9cc400>
[ 2026-05-20 15:17:32,319 ] botocore.configprovider - DEBUG - Looking for endpoint for s3 via: environment_service
[ 2026-05-20 15:17:32,319 ] botocore.configprovider - DEBUG - Looking for endpoint for s3 via: environment_global
[ 2026-05-20 15:17:32,319 ] botocore.configprovider - DEBUG - Looking for endpoint for s3 via: config_service
[ 2026-05-20 15:17:32,319 ] botocore.configprovider - DEBUG - Looking for endpoint for s3 via: config_global
[ 2026-05-20 15:17:32,319 ] botocore.configprovider - DEBUG - No configured endpoint found.
[ 2026-05-20 15:17:32,411 ] botocore.endpoint - DEBUG - Setting s3 timeout as (60, 60)
[ 2026-05-20 15:17:32,420 ] botocore.loaders - DEBUG - Loading JSON file: /Users/him/Desktop/complete_mlops_project/venv/lib/python3.13/site-packages/botocore/data/_retry.json
[ 2026-05-20 15:17:32,420 ] botocore.client - DEBUG - Registering retry handlers for service: s3
[ 2026-05-20 15:17:32,420 ] botocore.utils - DEBUG - Registering S3 region redirector handler
[ 2026-05-20 15:17:32,421 ] botocore.utils - DEBUG - Registering S3Express Identity Resolver
[ 2026-05-20 15:17:32,421 ] boto3.resources.factory - DEBUG - Loading s3:s3
[ 2026-05-20 15:17:32,422 ] botocore.hooks - DEBUG - Event choose-service-name: calling handler <function handle_service_name_alias at 0x10ba57a60>
[ 2026-05-20 15:17:32,422 ] botocore.hooks - DEBUG - Event creating-client-class.s3: calling handler <function add_generate_presigned_post at 0x10b9cc680>
[ 2026-05-20 15:17:32,422 ] botocore.hooks - DEBUG - Event creating-client-class.s3: calling handler <function lazy_call.<locals>._handler at 0x114bbc400>
[ 2026-05-20 15:17:32,422 ] botocore.hooks - DEBUG - Event creating-client-class.s3: calling handler <function add_generate_presigned_url at 0x10b9cc400>
[ 2026-05-20 15:17:32,423 ] botocore.configprovider - DEBUG - Looking for endpoint for s3 via: environment_service
[ 2026-05-20 15:17:32,423 ] botocore.configprovider - DEBUG - Looking for endpoint for s3 via: environment_global
[ 2026-05-20 15:17:32,423 ] botocore.configprovider - DEBUG - Looking for endpoint for s3 via: config_service
[ 2026-05-20 15:17:32,423 ] botocore.configprovider - DEBUG - Looking for endpoint for s3 via: config_global
[ 2026-05-20 15:17:32,423 ] botocore.configprovider - DEBUG - No configured endpoint found.
[ 2026-05-20 15:17:32,423 ] botocore.endpoint - DEBUG - Setting s3 timeout as (60, 60)
[ 2026-05-20 15:17:32,424 ] botocore.client - DEBUG - Registering retry handlers for service: s3
[ 2026-05-20 15:17:32,424 ] botocore.utils - DEBUG - Registering S3 region redirector handler
[ 2026-05-20 15:17:32,424 ] botocore.utils - DEBUG - Registering S3Express Identity Resolver
[ 2026-05-20 15:17:32,424 ] root - INFO - Entered the get_file_object method of SimpleStorageService class
[ 2026-05-20 15:17:32,424 ] root - INFO - Entered the get_bucket method of SimpleStorageService class
[ 2026-05-20 15:17:32,425 ] boto3.resources.factory - DEBUG - Loading s3:Bucket
[ 2026-05-20 15:17:32,425 ] boto3.resources.model - DEBUG - Renaming Bucket attribute name
[ 2026-05-20 15:17:32,441 ] botocore.hooks - DEBUG - Event creating-resource-class.s3.Bucket: calling handler <function lazy_call.<locals>._handler at 0x114bbccc0>
[ 2026-05-20 15:17:32,441 ] root - INFO - Exited the get_bucket method of SimpleStorageService class
[ 2026-05-20 15:17:32,449 ] botocore.loaders - DEBUG - Loading JSON file: /Users/him/Desktop/complete_mlops_project/venv/lib/python3.13/site-packages/botocore/data/s3/2006-03-01/paginators-1.json
[ 2026-05-20 15:17:32,449 ] botocore.loaders - DEBUG - Loading JSON file: /Users/him/Desktop/complete_mlops_project/venv/lib/python3.13/site-packages/botocore/data/s3/2006-03-01/paginators-1.sdk-extras.json
[ 2026-05-20 15:17:32,449 ] boto3.resources.collection - DEBUG - Calling paginated s3:list_objects with {'Bucket': 'ml-model-mlopsproject', 'Prefix': 'model.pkl'}
[ 2026-05-20 15:17:32,450 ] botocore.hooks - DEBUG - Event before-parameter-build.s3.ListObjects: calling handler <function set_list_objects_encoding_type_url at 0x10ba82480>
[ 2026-05-20 15:17:32,450 ] botocore.hooks - DEBUG - Event before-parameter-build.s3.ListObjects: calling handler <function validate_bucket_name at 0x10ba80fe0>
[ 2026-05-20 15:17:32,450 ] botocore.hooks - DEBUG - Event before-parameter-build.s3.ListObjects: calling handler <function remove_bucket_from_url_paths_from_model at 0x10ba83420>
[ 2026-05-20 15:17:32,450 ] botocore.hooks - DEBUG - Event before-parameter-build.s3.ListObjects: calling handler <bound method S3RegionRedirectorv2.annotate_request_context of <botocore.utils.S3RegionRedirectorv2 object at 0x1156b0c20>>
[ 2026-05-20 15:17:32,450 ] botocore.hooks - DEBUG - Event before-parameter-build.s3.ListObjects: calling handler <bound method ClientCreator._inject_s3_input_parameters of <botocore.client.ClientCreator object at 0x114b77cb0>>
[ 2026-05-20 15:17:32,450 ] botocore.hooks - DEBUG - Event before-parameter-build.s3.ListObjects: calling handler <function generate_idempotent_uuid at 0x10ba80e00>
[ 2026-05-20 15:17:32,450 ] botocore.hooks - DEBUG - Event before-parameter-build.s3.ListObjects: calling handler <function _handle_request_validation_mode_member at 0x10ba83ba0>
[ 2026-05-20 15:17:32,450 ] botocore.hooks - DEBUG - Event before-endpoint-resolution.s3: calling handler <function customize_endpoint_resolver_builtins at 0x10ba83600>
[ 2026-05-20 15:17:32,450 ] botocore.hooks - DEBUG - Event before-endpoint-resolution.s3: calling handler <bound method S3RegionRedirectorv2.redirect_from_cache of <botocore.utils.S3RegionRedirectorv2 object at 0x1156b0c20>>
[ 2026-05-20 15:17:32,450 ] botocore.regions - DEBUG - Calling endpoint provider with parameters: {'Bucket': 'ml-model-mlopsproject', 'Region': 'us-east-1', 'UseFIPS': False, 'UseDualStack': False, 'ForcePathStyle': False, 'Accelerate': False, 'UseGlobalEndpoint': True, 'Prefix': 'model.pkl', 'DisableMultiRegionAccessPoints': False, 'UseArnRegion': True, 'DisableS3ExpressSessionAuth': False}
[ 2026-05-20 15:17:32,451 ] botocore.regions - DEBUG - Endpoint provider result: https://ml-model-mlopsproject.s3.amazonaws.com
[ 2026-05-20 15:17:32,451 ] botocore.regions - DEBUG - Selecting from endpoint provider's list of auth schemes: "sigv4". User selected auth scheme is: "None"
[ 2026-05-20 15:17:32,451 ] botocore.regions - DEBUG - Selected auth type "v4" as "v4" with signing context params: {'region': 'us-east-1', 'signing_name': 's3', 'disableDoubleEncoding': True}
[ 2026-05-20 15:17:32,451 ] botocore.hooks - DEBUG - Event before-call.s3.ListObjects: calling handler <function add_expect_header at 0x10ba813a0>
[ 2026-05-20 15:17:32,451 ] botocore.hooks - DEBUG - Event before-call.s3.ListObjects: calling handler <bound method S3ExpressIdentityResolver.apply_signing_cache_key of <botocore.utils.S3ExpressIdentityResolver object at 0x1156b0d70>>
[ 2026-05-20 15:17:32,451 ] botocore.hooks - DEBUG - Event before-call.s3.ListObjects: calling handler <function add_recursion_detection_header at 0x10ba80860>
[ 2026-05-20 15:17:32,451 ] botocore.hooks - DEBUG - Event before-call.s3.ListObjects: calling handler <function inject_api_version_header_if_needed at 0x10ba828e0>
[ 2026-05-20 15:17:32,451 ] botocore.endpoint - DEBUG - Making request for OperationModel(name=ListObjects) with params: {'url_path': '', 'query_string': {'prefix': 'model.pkl', 'encoding-type': 'url'}, 'method': 'GET', 'headers': {'User-Agent': 'Boto3/1.43.9 md/Botocore#1.43.9 ua/2.1 os/macos#25.2.0 md/arch#arm64 lang/python#3.13.7 md/pyimpl#CPython m/Z,C,D,b,e cfg/retry-mode#legacy Botocore/1.43.9 Resource'}, 'body': b'', 'auth_path': '/ml-model-mlopsproject/', 'url': 'https://ml-model-mlopsproject.s3.amazonaws.com/?prefix=model.pkl&encoding-type=url', 'context': {'client_region': 'us-east-1', 'client_config': <botocore.config.Config object at 0x114b73750>, 'has_streaming_input': False, 'auth_type': 'v4', 'unsigned_payload': None, 'auth_options': ['aws.auth#sigv4'], 'encoding_type_auto_set': True, 's3_redirect': {'redirected': False, 'bucket': 'ml-model-mlopsproject', 'params': {'Bucket': 'ml-model-mlopsproject', 'Prefix': 'model.pkl', 'EncodingType': 'url'}}, 'input_params': {'Bucket': 'ml-model-mlopsproject', 'Prefix': 'model.pkl'}, 'signing': {'region': 'us-east-1', 'signing_name': 's3', 'disableDoubleEncoding': True}, 'endpoint_properties': {'authSchemes': [{'disableDoubleEncoding': True, 'name': 'sigv4', 'signingName': 's3', 'signingRegion': 'us-east-1'}]}}}
[ 2026-05-20 15:17:32,451 ] botocore.hooks - DEBUG - Event request-created.s3.ListObjects: calling handler <bound method RequestSigner.handler of <botocore.signers.RequestSigner object at 0x11533aa50>>
[ 2026-05-20 15:17:32,451 ] botocore.hooks - DEBUG - Event choose-signer.s3.ListObjects: calling handler <bound method ClientCreator._default_s3_presign_to_sigv2 of <botocore.client.ClientCreator object at 0x114b77cb0>>
[ 2026-05-20 15:17:32,451 ] botocore.hooks - DEBUG - Event choose-signer.s3.ListObjects: calling handler <function set_operation_specific_signer at 0x10ba80ae0>
[ 2026-05-20 15:17:32,451 ] botocore.hooks - DEBUG - Event before-sign.s3.ListObjects: calling handler <function remove_arn_from_signing_path at 0x10ba83560>
[ 2026-05-20 15:17:32,451 ] botocore.hooks - DEBUG - Event before-sign.s3.ListObjects: calling handler <function _set_extra_headers_for_unsigned_request at 0x10ba83c40>
[ 2026-05-20 15:17:32,452 ] botocore.hooks - DEBUG - Event before-sign.s3.ListObjects: calling handler <bound method S3ExpressIdentityResolver.resolve_s3express_identity of <botocore.utils.S3ExpressIdentityResolver object at 0x1156b0d70>>
[ 2026-05-20 15:17:32,453 ] botocore.auth - DEBUG - Calculating signature using v4 auth.
[ 2026-05-20 15:17:32,453 ] botocore.auth - DEBUG - CanonicalRequest:
GET
/
encoding-type=url&prefix=model.pkl
host:ml-model-mlopsproject.s3.amazonaws.com
x-amz-content-sha256:e3b0c44298fc1c149afbf4c8996fb92427ae41e4649b934ca495991b7852b855
x-amz-date:20260520T094732Z

host;x-amz-content-sha256;x-amz-date
e3b0c44298fc1c149afbf4c8996fb92427ae41e4649b934ca495991b7852b855
[ 2026-05-20 15:17:32,458 ] botocore.auth - DEBUG - StringToSign:
AWS4-HMAC-SHA256
20260520T094732Z
20260520/us-east-1/s3/aws4_request
ca74fafd4a509ff3fa8eb4b82ebf88d3f21e8a99061a5e61c63cd25d0140d1ee
[ 2026-05-20 15:17:32,458 ] botocore.auth - DEBUG - Signature:
183bc35bfc57d48e11329162774305334293e7dbbb621d8b606554854b688261
[ 2026-05-20 15:17:32,458 ] botocore.hooks - DEBUG - Event request-created.s3.ListObjects: calling handler <bound method UserAgentString.rebuild_and_replace_user_agent_handler of <botocore.useragent.UserAgentString object at 0x1156b4690>>
[ 2026-05-20 15:17:32,458 ] botocore.hooks - DEBUG - Event request-created.s3.ListObjects: calling handler <function add_retry_headers at 0x10ba83380>
[ 2026-05-20 15:17:32,458 ] botocore.endpoint - DEBUG - Sending http request: <AWSPreparedRequest stream_output=False, method=GET, url=https://ml-model-mlopsproject.s3.amazonaws.com/?prefix=model.pkl&encoding-type=url, headers={'User-Agent': b'Boto3/1.43.9 md/Botocore#1.43.9 ua/2.1 os/macos#25.2.0 md/arch#arm64 lang/python#3.13.7 md/pyimpl#CPython m/Z,C,D,b,e cfg/retry-mode#legacy Botocore/1.43.9 Resource', 'X-Amz-Date': b'20260520T094732Z', 'X-Amz-Content-SHA256': b'e3b0c44298fc1c149afbf4c8996fb92427ae41e4649b934ca495991b7852b855', 'Authorization': b'AWS4-HMAC-SHA256 Credential=AKIAS7OXDU5I3P5QHSKZ/20260520/us-east-1/s3/aws4_request, SignedHeaders=host;x-amz-content-sha256;x-amz-date, Signature=183bc35bfc57d48e11329162774305334293e7dbbb621d8b606554854b688261', 'amz-sdk-invocation-id': b'139e6ef0-20be-420d-a6fe-91a6ce0a56fe', 'amz-sdk-request': b'attempt=1'}>
[ 2026-05-20 15:17:32,459 ] botocore.httpsession - DEBUG - Certificate path: /Users/him/Desktop/complete_mlops_project/venv/lib/python3.13/site-packages/certifi/cacert.pem
[ 2026-05-20 15:17:32,459 ] urllib3.connectionpool - DEBUG - Starting new HTTPS connection (1): ml-model-mlopsproject.s3.amazonaws.com:443
[ 2026-05-20 15:17:33,265 ] urllib3.connectionpool - DEBUG - https://ml-model-mlopsproject.s3.amazonaws.com:443 "GET /?prefix=model.pkl&encoding-type=url HTTP/1.1" 200 None
[ 2026-05-20 15:17:33,268 ] botocore.hooks - DEBUG - Event before-parse.s3.ListObjects: calling handler <function _handle_200_error at 0x10ba83920>
[ 2026-05-20 15:17:33,270 ] botocore.hooks - DEBUG - Event before-parse.s3.ListObjects: calling handler <function handle_expires_header at 0x10ba83740>
[ 2026-05-20 15:17:33,270 ] botocore.parsers - DEBUG - Response headers: {'x-amz-id-2': 'RQdJji7My1pWfioCNqZYbCFDLEl2BV1SUIup3Xn3npYs5L9WafY01DifTEL/OSelZ1CPiJ8F0nzcsbmkwJfQ+tdobYIXZXsI', 'x-amz-request-id': '1WS5HNG60F6FY7VN', 'Date': 'Wed, 20 May 2026 09:47:34 GMT', 'x-amz-bucket-region': 'us-east-1', 'Content-Type': 'application/xml', 'Transfer-Encoding': 'chunked', 'Server': 'AmazonS3'}
[ 2026-05-20 15:17:33,270 ] botocore.parsers - DEBUG - Response body:
b'<?xml version="1.0" encoding="UTF-8"?>\n<ListBucketResult xmlns="http://s3.amazonaws.com/doc/2006-03-01/"><Name>ml-model-mlopsproject</Name><Prefix>model.pkl</Prefix><Marker></Marker><MaxKeys>1000</MaxKeys><EncodingType>url</EncodingType><IsTruncated>false</IsTruncated><Contents><Key>model.pkl</Key><LastModified>2026-05-20T09:45:46.000Z</LastModified><ETag>&quot;ee93eb9094b0280a5de8690487628347&quot;</ETag><ChecksumAlgorithm>CRC32</ChecksumAlgorithm><ChecksumType>FULL_OBJECT</ChecksumType><Size>948308</Size><Owner><ID>6e8f6c1abba5d8042705c8f448f13746be809a286d06f5d10d5cfae180e426b4</ID></Owner><StorageClass>STANDARD</StorageClass></Contents></ListBucketResult>'
[ 2026-05-20 15:17:33,273 ] botocore.hooks - DEBUG - Event needs-retry.s3.ListObjects: calling handler <function _update_status_code at 0x10ba83b00>
[ 2026-05-20 15:17:33,273 ] botocore.hooks - DEBUG - Event needs-retry.s3.ListObjects: calling handler <botocore.retryhandler.RetryHandler object at 0x1156b0ad0>
[ 2026-05-20 15:17:33,273 ] botocore.retryhandler - DEBUG - No retry needed.
[ 2026-05-20 15:17:33,273 ] botocore.hooks - DEBUG - Event needs-retry.s3.ListObjects: calling handler <bound method S3RegionRedirectorv2.redirect_from_error of <botocore.utils.S3RegionRedirectorv2 object at 0x1156b0c20>>
[ 2026-05-20 15:17:33,273 ] botocore.hooks - DEBUG - Event after-call.s3.ListObjects: calling handler <function decode_list_object at 0x10ba82520>
[ 2026-05-20 15:17:33,273 ] boto3.resources.factory - DEBUG - Loading s3:ObjectSummary
[ 2026-05-20 15:17:33,274 ] boto3.resources.model - DEBUG - Renaming ObjectSummary attribute key
[ 2026-05-20 15:17:33,274 ] botocore.hooks - DEBUG - Event creating-resource-class.s3.ObjectSummary: calling handler <function lazy_call.<locals>._handler at 0x114bbce00>
[ 2026-05-20 15:17:33,274 ] root - INFO - Exited the get_file_object method of SimpleStorageService class
[ 2026-05-20 15:17:33,274 ] boto3.resources.action - DEBUG - Calling s3:get_object with {'Bucket': 'ml-model-mlopsproject', 'Key': 'model.pkl'}
[ 2026-05-20 15:17:33,274 ] botocore.hooks - DEBUG - Event before-parameter-build.s3.GetObject: calling handler <function sse_md5 at 0x10ba81080>
[ 2026-05-20 15:17:33,274 ] botocore.hooks - DEBUG - Event before-parameter-build.s3.GetObject: calling handler <function validate_bucket_name at 0x10ba80fe0>
[ 2026-05-20 15:17:33,274 ] botocore.hooks - DEBUG - Event before-parameter-build.s3.GetObject: calling handler <function remove_bucket_from_url_paths_from_model at 0x10ba83420>
[ 2026-05-20 15:17:33,274 ] botocore.hooks - DEBUG - Event before-parameter-build.s3.GetObject: calling handler <bound method S3RegionRedirectorv2.annotate_request_context of <botocore.utils.S3RegionRedirectorv2 object at 0x1156b0c20>>
[ 2026-05-20 15:17:33,274 ] botocore.hooks - DEBUG - Event before-parameter-build.s3.GetObject: calling handler <bound method ClientCreator._inject_s3_input_parameters of <botocore.client.ClientCreator object at 0x114b77cb0>>
[ 2026-05-20 15:17:33,274 ] botocore.hooks - DEBUG - Event before-parameter-build.s3.GetObject: calling handler <function generate_idempotent_uuid at 0x10ba80e00>
[ 2026-05-20 15:17:33,274 ] botocore.hooks - DEBUG - Event before-parameter-build.s3.GetObject: calling handler <function _handle_request_validation_mode_member at 0x10ba83ba0>
[ 2026-05-20 15:17:33,274 ] botocore.hooks - DEBUG - Event before-endpoint-resolution.s3: calling handler <function customize_endpoint_resolver_builtins at 0x10ba83600>
[ 2026-05-20 15:17:33,274 ] botocore.hooks - DEBUG - Event before-endpoint-resolution.s3: calling handler <bound method S3RegionRedirectorv2.redirect_from_cache of <botocore.utils.S3RegionRedirectorv2 object at 0x1156b0c20>>
[ 2026-05-20 15:17:33,275 ] botocore.regions - DEBUG - Calling endpoint provider with parameters: {'Bucket': 'ml-model-mlopsproject', 'Region': 'us-east-1', 'UseFIPS': False, 'UseDualStack': False, 'ForcePathStyle': False, 'Accelerate': False, 'UseGlobalEndpoint': True, 'Key': 'model.pkl', 'DisableMultiRegionAccessPoints': False, 'UseArnRegion': True, 'DisableS3ExpressSessionAuth': False}
[ 2026-05-20 15:17:33,275 ] botocore.regions - DEBUG - Endpoint provider result: https://ml-model-mlopsproject.s3.amazonaws.com
[ 2026-05-20 15:17:33,275 ] botocore.regions - DEBUG - Selecting from endpoint provider's list of auth schemes: "sigv4". User selected auth scheme is: "None"
[ 2026-05-20 15:17:33,275 ] botocore.regions - DEBUG - Selected auth type "v4" as "v4" with signing context params: {'region': 'us-east-1', 'signing_name': 's3', 'disableDoubleEncoding': True}
[ 2026-05-20 15:17:33,275 ] botocore.hooks - DEBUG - Event before-call.s3.GetObject: calling handler <function add_expect_header at 0x10ba813a0>
[ 2026-05-20 15:17:33,275 ] botocore.hooks - DEBUG - Event before-call.s3.GetObject: calling handler <bound method S3ExpressIdentityResolver.apply_signing_cache_key of <botocore.utils.S3ExpressIdentityResolver object at 0x1156b0d70>>
[ 2026-05-20 15:17:33,275 ] botocore.hooks - DEBUG - Event before-call.s3.GetObject: calling handler <function add_recursion_detection_header at 0x10ba80860>
[ 2026-05-20 15:17:33,275 ] botocore.hooks - DEBUG - Event before-call.s3.GetObject: calling handler <function inject_api_version_header_if_needed at 0x10ba828e0>
[ 2026-05-20 15:17:33,275 ] botocore.endpoint - DEBUG - Making request for OperationModel(name=GetObject) with params: {'url_path': '/model.pkl', 'query_string': {}, 'method': 'GET', 'headers': {'x-amz-checksum-mode': 'ENABLED', 'User-Agent': 'Boto3/1.43.9 md/Botocore#1.43.9 ua/2.1 os/macos#25.2.0 md/arch#arm64 lang/python#3.13.7 md/pyimpl#CPython m/Z,D,b,e cfg/retry-mode#legacy Botocore/1.43.9 Resource'}, 'body': b'', 'auth_path': '/ml-model-mlopsproject/model.pkl', 'url': 'https://ml-model-mlopsproject.s3.amazonaws.com/model.pkl', 'context': {'client_region': 'us-east-1', 'client_config': <botocore.config.Config object at 0x114b73750>, 'has_streaming_input': False, 'auth_type': 'v4', 'unsigned_payload': None, 'auth_options': ['aws.auth#sigv4'], 's3_redirect': {'redirected': False, 'bucket': 'ml-model-mlopsproject', 'params': {'Bucket': 'ml-model-mlopsproject', 'Key': 'model.pkl', 'ChecksumMode': 'ENABLED'}}, 'input_params': {'Bucket': 'ml-model-mlopsproject', 'Key': 'model.pkl'}, 'signing': {'region': 'us-east-1', 'signing_name': 's3', 'disableDoubleEncoding': True}, 'endpoint_properties': {'authSchemes': [{'disableDoubleEncoding': True, 'name': 'sigv4', 'signingName': 's3', 'signingRegion': 'us-east-1'}]}, 'checksum': {'response_algorithms': ['crc32', 'sha1', 'sha256', 'sha512']}}}
[ 2026-05-20 15:17:33,275 ] botocore.hooks - DEBUG - Event request-created.s3.GetObject: calling handler <bound method RequestSigner.handler of <botocore.signers.RequestSigner object at 0x11533aa50>>
[ 2026-05-20 15:17:33,275 ] botocore.hooks - DEBUG - Event choose-signer.s3.GetObject: calling handler <bound method ClientCreator._default_s3_presign_to_sigv2 of <botocore.client.ClientCreator object at 0x114b77cb0>>
[ 2026-05-20 15:17:33,275 ] botocore.hooks - DEBUG - Event choose-signer.s3.GetObject: calling handler <function set_operation_specific_signer at 0x10ba80ae0>
[ 2026-05-20 15:17:33,275 ] botocore.hooks - DEBUG - Event before-sign.s3.GetObject: calling handler <function remove_arn_from_signing_path at 0x10ba83560>
[ 2026-05-20 15:17:33,275 ] botocore.hooks - DEBUG - Event before-sign.s3.GetObject: calling handler <function _set_extra_headers_for_unsigned_request at 0x10ba83c40>
[ 2026-05-20 15:17:33,276 ] botocore.hooks - DEBUG - Event before-sign.s3.GetObject: calling handler <bound method S3ExpressIdentityResolver.resolve_s3express_identity of <botocore.utils.S3ExpressIdentityResolver object at 0x1156b0d70>>
[ 2026-05-20 15:17:33,276 ] botocore.auth - DEBUG - Calculating signature using v4 auth.
[ 2026-05-20 15:17:33,276 ] botocore.auth - DEBUG - CanonicalRequest:
GET
/model.pkl

host:ml-model-mlopsproject.s3.amazonaws.com
x-amz-checksum-mode:ENABLED
x-amz-content-sha256:e3b0c44298fc1c149afbf4c8996fb92427ae41e4649b934ca495991b7852b855
x-amz-date:20260520T094733Z

host;x-amz-checksum-mode;x-amz-content-sha256;x-amz-date
e3b0c44298fc1c149afbf4c8996fb92427ae41e4649b934ca495991b7852b855
[ 2026-05-20 15:17:33,276 ] botocore.auth - DEBUG - StringToSign:
AWS4-HMAC-SHA256
20260520T094733Z
20260520/us-east-1/s3/aws4_request
f12446b35dcace8976f624ababe4bbce5bf98c589d60de3a4b25abcf58b79986
[ 2026-05-20 15:17:33,276 ] botocore.auth - DEBUG - Signature:
901d36b42a28db76063a1452d508e73e0df57d0192fb556ec02776f23a2a2c8e
[ 2026-05-20 15:17:33,276 ] botocore.hooks - DEBUG - Event request-created.s3.GetObject: calling handler <bound method UserAgentString.rebuild_and_replace_user_agent_handler of <botocore.useragent.UserAgentString object at 0x1156b4690>>
[ 2026-05-20 15:17:33,276 ] botocore.hooks - DEBUG - Event request-created.s3.GetObject: calling handler <function add_retry_headers at 0x10ba83380>
[ 2026-05-20 15:17:33,276 ] botocore.endpoint - DEBUG - Sending http request: <AWSPreparedRequest stream_output=True, method=GET, url=https://ml-model-mlopsproject.s3.amazonaws.com/model.pkl, headers={'x-amz-checksum-mode': b'ENABLED', 'User-Agent': b'Boto3/1.43.9 md/Botocore#1.43.9 ua/2.1 os/macos#25.2.0 md/arch#arm64 lang/python#3.13.7 md/pyimpl#CPython m/Z,D,b,e cfg/retry-mode#legacy Botocore/1.43.9 Resource', 'X-Amz-Date': b'20260520T094733Z', 'X-Amz-Content-SHA256': b'e3b0c44298fc1c149afbf4c8996fb92427ae41e4649b934ca495991b7852b855', 'Authorization': b'AWS4-HMAC-SHA256 Credential=AKIAS7OXDU5I3P5QHSKZ/20260520/us-east-1/s3/aws4_request, SignedHeaders=host;x-amz-checksum-mode;x-amz-content-sha256;x-amz-date, Signature=901d36b42a28db76063a1452d508e73e0df57d0192fb556ec02776f23a2a2c8e', 'amz-sdk-invocation-id': b'009b2bb4-a055-4fb0-aa6d-cfb455d9a221', 'amz-sdk-request': b'attempt=1'}>
[ 2026-05-20 15:17:33,276 ] botocore.httpsession - DEBUG - Certificate path: /Users/him/Desktop/complete_mlops_project/venv/lib/python3.13/site-packages/certifi/cacert.pem
[ 2026-05-20 15:17:33,590 ] urllib3.connectionpool - DEBUG - https://ml-model-mlopsproject.s3.amazonaws.com:443 "GET /model.pkl HTTP/1.1" 200 948308
[ 2026-05-20 15:17:33,592 ] botocore.hooks - DEBUG - Event before-parse.s3.GetObject: calling handler <function _handle_200_error at 0x10ba83920>
[ 2026-05-20 15:17:33,592 ] botocore.hooks - DEBUG - Event before-parse.s3.GetObject: calling handler <function handle_expires_header at 0x10ba83740>
[ 2026-05-20 15:17:33,592 ] botocore.parsers - DEBUG - Response headers: {'x-amz-id-2': 'Ihgtped5kBVU2Bage8fy7G5EVbo3JqGAERvDrSqqAmZG3XgylavBeaezfm7VFtnwz3X+sucoVsNme2hnmgTbJBVQIJrg+R9U', 'x-amz-request-id': '1WS0MDNDWSNYD5FJ', 'Date': 'Wed, 20 May 2026 09:47:34 GMT', 'Last-Modified': 'Wed, 20 May 2026 09:45:46 GMT', 'ETag': '"ee93eb9094b0280a5de8690487628347"', 'x-amz-checksum-crc32': 'gF/+Dg==', 'x-amz-checksum-type': 'FULL_OBJECT', 'x-amz-server-side-encryption': 'AES256', 'Accept-Ranges': 'bytes', 'Content-Type': 'binary/octet-stream', 'Content-Length': '948308', 'Server': 'AmazonS3'}
[ 2026-05-20 15:17:33,592 ] botocore.parsers - DEBUG - Response body:
<botocore.httpchecksum.StreamingChecksumBody object at 0x1157882b0>
[ 2026-05-20 15:17:33,594 ] botocore.hooks - DEBUG - Event needs-retry.s3.GetObject: calling handler <function _update_status_code at 0x10ba83b00>
[ 2026-05-20 15:17:33,594 ] botocore.hooks - DEBUG - Event needs-retry.s3.GetObject: calling handler <botocore.retryhandler.RetryHandler object at 0x1156b0ad0>
[ 2026-05-20 15:17:33,594 ] botocore.retryhandler - DEBUG - No retry needed.
[ 2026-05-20 15:17:33,595 ] botocore.hooks - DEBUG - Event needs-retry.s3.GetObject: calling handler <bound method S3RegionRedirectorv2.redirect_from_error of <botocore.utils.S3RegionRedirectorv2 object at 0x1156b0c20>>
[ 2026-05-20 15:17:33,595 ] boto3.resources.action - DEBUG - Response: {'ResponseMetadata': {'RequestId': '1WS0MDNDWSNYD5FJ', 'HostId': 'Ihgtped5kBVU2Bage8fy7G5EVbo3JqGAERvDrSqqAmZG3XgylavBeaezfm7VFtnwz3X+sucoVsNme2hnmgTbJBVQIJrg+R9U', 'HTTPStatusCode': 200, 'HTTPHeaders': {'x-amz-id-2': 'Ihgtped5kBVU2Bage8fy7G5EVbo3JqGAERvDrSqqAmZG3XgylavBeaezfm7VFtnwz3X+sucoVsNme2hnmgTbJBVQIJrg+R9U', 'x-amz-request-id': '1WS0MDNDWSNYD5FJ', 'date': 'Wed, 20 May 2026 09:47:34 GMT', 'last-modified': 'Wed, 20 May 2026 09:45:46 GMT', 'etag': '"ee93eb9094b0280a5de8690487628347"', 'x-amz-checksum-crc32': 'gF/+Dg==', 'x-amz-checksum-type': 'FULL_OBJECT', 'x-amz-server-side-encryption': 'AES256', 'accept-ranges': 'bytes', 'content-type': 'binary/octet-stream', 'content-length': '948308', 'server': 'AmazonS3'}, 'ChecksumAlgorithm': 'crc32', 'RetryAttempts': 0}, 'AcceptRanges': 'bytes', 'LastModified': datetime.datetime(2026, 5, 20, 9, 45, 46, tzinfo=tzutc()), 'ContentLength': 948308, 'ETag': '"ee93eb9094b0280a5de8690487628347"', 'ChecksumCRC32': 'gF/+Dg==', 'ChecksumType': 'FULL_OBJECT', 'ContentType': 'binary/octet-stream', 'ServerSideEncryption': 'AES256', 'Metadata': {}, 'Body': <botocore.httpchecksum.StreamingChecksumBody object at 0x1157882b0>}
[ 2026-05-20 15:17:35,548 ] root - INFO - Production model loaded from S3 bucket.
[ 2026-05-20 15:17:35,549 ] root - INFO - Starting prediction process.
[ 2026-05-20 15:17:35,585 ] root - INFO - Using the trained model to get predictions
