[ 2026-05-20 12:17:42,622 ] asyncio - DEBUG - Using selector: KqueueSelector
[ 2026-05-20 12:17:48,066 ] python_multipart.multipart - DEBUG - Calling on_field_start with no data
[ 2026-05-20 12:17:48,067 ] python_multipart.multipart - DEBUG - Calling on_field_name with data[0:6]
[ 2026-05-20 12:17:48,067 ] python_multipart.multipart - DEBUG - Calling on_field_data with data[7:8]
[ 2026-05-20 12:17:48,067 ] python_multipart.multipart - DEBUG - Calling on_field_end with no data
[ 2026-05-20 12:17:48,067 ] python_multipart.multipart - DEBUG - Calling on_field_start with no data
[ 2026-05-20 12:17:48,067 ] python_multipart.multipart - DEBUG - Calling on_field_name with data[9:12]
[ 2026-05-20 12:17:48,067 ] python_multipart.multipart - DEBUG - Calling on_field_data with data[13:15]
[ 2026-05-20 12:17:48,067 ] python_multipart.multipart - DEBUG - Calling on_field_end with no data
[ 2026-05-20 12:17:48,067 ] python_multipart.multipart - DEBUG - Calling on_field_start with no data
[ 2026-05-20 12:17:48,067 ] python_multipart.multipart - DEBUG - Calling on_field_name with data[16:31]
[ 2026-05-20 12:17:48,067 ] python_multipart.multipart - DEBUG - Calling on_field_data with data[32:33]
[ 2026-05-20 12:17:48,067 ] python_multipart.multipart - DEBUG - Calling on_field_end with no data
[ 2026-05-20 12:17:48,067 ] python_multipart.multipart - DEBUG - Calling on_field_start with no data
[ 2026-05-20 12:17:48,067 ] python_multipart.multipart - DEBUG - Calling on_field_name with data[34:45]
[ 2026-05-20 12:17:48,067 ] python_multipart.multipart - DEBUG - Calling on_field_data with data[46:48]
[ 2026-05-20 12:17:48,067 ] python_multipart.multipart - DEBUG - Calling on_field_end with no data
[ 2026-05-20 12:17:48,067 ] python_multipart.multipart - DEBUG - Calling on_field_start with no data
[ 2026-05-20 12:17:48,067 ] python_multipart.multipart - DEBUG - Calling on_field_name with data[49:67]
[ 2026-05-20 12:17:48,067 ] python_multipart.multipart - DEBUG - Calling on_field_data with data[68:69]
[ 2026-05-20 12:17:48,067 ] python_multipart.multipart - DEBUG - Calling on_field_end with no data
[ 2026-05-20 12:17:48,067 ] python_multipart.multipart - DEBUG - Calling on_field_start with no data
[ 2026-05-20 12:17:48,067 ] python_multipart.multipart - DEBUG - Calling on_field_name with data[70:84]
[ 2026-05-20 12:17:48,067 ] python_multipart.multipart - DEBUG - Calling on_field_data with data[85:90]
[ 2026-05-20 12:17:48,067 ] python_multipart.multipart - DEBUG - Calling on_field_end with no data
[ 2026-05-20 12:17:48,067 ] python_multipart.multipart - DEBUG - Calling on_field_start with no data
[ 2026-05-20 12:17:48,067 ] python_multipart.multipart - DEBUG - Calling on_field_name with data[91:111]
[ 2026-05-20 12:17:48,067 ] python_multipart.multipart - DEBUG - Calling on_field_data with data[112:115]
[ 2026-05-20 12:17:48,067 ] python_multipart.multipart - DEBUG - Calling on_field_end with no data
[ 2026-05-20 12:17:48,067 ] python_multipart.multipart - DEBUG - Calling on_field_start with no data
[ 2026-05-20 12:17:48,067 ] python_multipart.multipart - DEBUG - Calling on_field_name with data[116:123]
[ 2026-05-20 12:17:48,067 ] python_multipart.multipart - DEBUG - Calling on_field_data with data[124:127]
[ 2026-05-20 12:17:48,067 ] python_multipart.multipart - DEBUG - Calling on_field_end with no data
[ 2026-05-20 12:17:48,067 ] python_multipart.multipart - DEBUG - Calling on_field_start with no data
[ 2026-05-20 12:17:48,068 ] python_multipart.multipart - DEBUG - Calling on_field_name with data[128:149]
[ 2026-05-20 12:17:48,068 ] python_multipart.multipart - DEBUG - Calling on_field_data with data[150:151]
[ 2026-05-20 12:17:48,068 ] python_multipart.multipart - DEBUG - Calling on_field_end with no data
[ 2026-05-20 12:17:48,068 ] python_multipart.multipart - DEBUG - Calling on_field_start with no data
[ 2026-05-20 12:17:48,068 ] python_multipart.multipart - DEBUG - Calling on_field_name with data[152:174]
[ 2026-05-20 12:17:48,068 ] python_multipart.multipart - DEBUG - Calling on_field_data with data[175:176]
[ 2026-05-20 12:17:48,068 ] python_multipart.multipart - DEBUG - Calling on_field_end with no data
[ 2026-05-20 12:17:48,068 ] python_multipart.multipart - DEBUG - Calling on_field_start with no data
[ 2026-05-20 12:17:48,068 ] python_multipart.multipart - DEBUG - Calling on_field_name with data[177:195]
[ 2026-05-20 12:17:48,068 ] python_multipart.multipart - DEBUG - Calling on_field_data with data[196:197]
[ 2026-05-20 12:17:48,068 ] python_multipart.multipart - DEBUG - Calling on_field_end with no data
[ 2026-05-20 12:17:48,068 ] python_multipart.multipart - DEBUG - Calling on_end with no data
[ 2026-05-20 12:17:48,068 ] root - INFO - Entered get_usvisa_data_as_dict method as VehicleData class
[ 2026-05-20 12:17:48,068 ] root - INFO - Created vehicle data dict
[ 2026-05-20 12:17:48,068 ] root - INFO - Exited get_vehicle_data_as_dict method as VehicleData class
[ 2026-05-20 12:17:48,075 ] root - INFO - Entered predict method of VehicleDataClassifier class
[ 2026-05-20 12:17:48,077 ] botocore.hooks - DEBUG - Changing event name from creating-client-class.iot-data to creating-client-class.iot-data-plane
[ 2026-05-20 12:17:48,082 ] botocore.hooks - DEBUG - Changing event name from before-call.apigateway to before-call.api-gateway
[ 2026-05-20 12:17:48,082 ] botocore.hooks - DEBUG - Changing event name from request-created.machinelearning.Predict to request-created.machine-learning.Predict
[ 2026-05-20 12:17:48,083 ] botocore.hooks - DEBUG - Changing event name from before-parameter-build.autoscaling.CreateLaunchConfiguration to before-parameter-build.auto-scaling.CreateLaunchConfiguration
[ 2026-05-20 12:17:48,083 ] botocore.hooks - DEBUG - Changing event name from before-parameter-build.route53 to before-parameter-build.route-53
[ 2026-05-20 12:17:48,084 ] botocore.hooks - DEBUG - Changing event name from request-created.cloudsearchdomain.Search to request-created.cloudsearch-domain.Search
[ 2026-05-20 12:17:48,084 ] botocore.hooks - DEBUG - Changing event name from docs.*.autoscaling.CreateLaunchConfiguration.complete-section to docs.*.auto-scaling.CreateLaunchConfiguration.complete-section
[ 2026-05-20 12:17:48,085 ] botocore.hooks - DEBUG - Changing event name from before-parameter-build.logs.CreateExportTask to before-parameter-build.cloudwatch-logs.CreateExportTask
[ 2026-05-20 12:17:48,086 ] botocore.hooks - DEBUG - Changing event name from docs.*.logs.CreateExportTask.complete-section to docs.*.cloudwatch-logs.CreateExportTask.complete-section
[ 2026-05-20 12:17:48,086 ] botocore.hooks - DEBUG - Changing event name from before-parameter-build.cloudsearchdomain.Search to before-parameter-build.cloudsearch-domain.Search
[ 2026-05-20 12:17:48,086 ] botocore.hooks - DEBUG - Changing event name from docs.*.cloudsearchdomain.Search.complete-section to docs.*.cloudsearch-domain.Search.complete-section
[ 2026-05-20 12:17:48,137 ] botocore.loaders - DEBUG - Loading JSON file: /Users/him/Desktop/complete_mlops_project/venv/lib/python3.13/site-packages/boto3/data/s3/2006-03-01/resources-1.json
[ 2026-05-20 12:17:48,146 ] botocore.loaders - DEBUG - Loading JSON file: /Users/him/Desktop/complete_mlops_project/venv/lib/python3.13/site-packages/botocore/data/endpoints.json
[ 2026-05-20 12:17:48,156 ] botocore.loaders - DEBUG - Loading JSON file: /Users/him/Desktop/complete_mlops_project/venv/lib/python3.13/site-packages/botocore/data/sdk-default-configuration.json
[ 2026-05-20 12:17:48,156 ] botocore.hooks - DEBUG - Event choose-service-name: calling handler <function handle_service_name_alias at 0x1096f3a60>
[ 2026-05-20 12:17:48,170 ] botocore.loaders - DEBUG - Loading JSON file: /Users/him/Desktop/complete_mlops_project/venv/lib/python3.13/site-packages/botocore/data/s3/2006-03-01/service-2.json.gz
[ 2026-05-20 12:17:48,175 ] botocore.loaders - DEBUG - Loading JSON file: /Users/him/Desktop/complete_mlops_project/venv/lib/python3.13/site-packages/botocore/data/s3/2006-03-01/service-2.sdk-extras.json
[ 2026-05-20 12:17:48,187 ] botocore.loaders - DEBUG - Loading JSON file: /Users/him/Desktop/complete_mlops_project/venv/lib/python3.13/site-packages/botocore/data/s3/2006-03-01/endpoint-rule-set-1.json.gz
[ 2026-05-20 12:17:48,190 ] botocore.loaders - DEBUG - Loading JSON file: /Users/him/Desktop/complete_mlops_project/venv/lib/python3.13/site-packages/botocore/data/partitions.json
[ 2026-05-20 12:17:48,191 ] botocore.hooks - DEBUG - Event creating-client-class.s3: calling handler <function add_generate_presigned_post at 0x109668680>
[ 2026-05-20 12:17:48,191 ] botocore.hooks - DEBUG - Event creating-client-class.s3: calling handler <function lazy_call.<locals>._handler at 0x1127cde40>
[ 2026-05-20 12:17:48,192 ] botocore.hooks - DEBUG - Event creating-client-class.s3: calling handler <function add_generate_presigned_url at 0x109668400>
[ 2026-05-20 12:17:48,193 ] botocore.configprovider - DEBUG - Looking for endpoint for s3 via: environment_service
[ 2026-05-20 12:17:48,193 ] botocore.configprovider - DEBUG - Looking for endpoint for s3 via: environment_global
[ 2026-05-20 12:17:48,193 ] botocore.configprovider - DEBUG - Looking for endpoint for s3 via: config_service
[ 2026-05-20 12:17:48,193 ] botocore.configprovider - DEBUG - Looking for endpoint for s3 via: config_global
[ 2026-05-20 12:17:48,193 ] botocore.configprovider - DEBUG - No configured endpoint found.
[ 2026-05-20 12:17:48,256 ] botocore.endpoint - DEBUG - Setting s3 timeout as (60, 60)
[ 2026-05-20 12:17:48,262 ] botocore.loaders - DEBUG - Loading JSON file: /Users/him/Desktop/complete_mlops_project/venv/lib/python3.13/site-packages/botocore/data/_retry.json
[ 2026-05-20 12:17:48,262 ] botocore.client - DEBUG - Registering retry handlers for service: s3
[ 2026-05-20 12:17:48,263 ] botocore.utils - DEBUG - Registering S3 region redirector handler
[ 2026-05-20 12:17:48,263 ] botocore.utils - DEBUG - Registering S3Express Identity Resolver
[ 2026-05-20 12:17:48,263 ] boto3.resources.factory - DEBUG - Loading s3:s3
[ 2026-05-20 12:17:48,264 ] botocore.hooks - DEBUG - Event choose-service-name: calling handler <function handle_service_name_alias at 0x1096f3a60>
[ 2026-05-20 12:17:48,264 ] botocore.hooks - DEBUG - Event creating-client-class.s3: calling handler <function add_generate_presigned_post at 0x109668680>
[ 2026-05-20 12:17:48,264 ] botocore.hooks - DEBUG - Event creating-client-class.s3: calling handler <function lazy_call.<locals>._handler at 0x1127cde40>
[ 2026-05-20 12:17:48,264 ] botocore.hooks - DEBUG - Event creating-client-class.s3: calling handler <function add_generate_presigned_url at 0x109668400>
[ 2026-05-20 12:17:48,264 ] botocore.configprovider - DEBUG - Looking for endpoint for s3 via: environment_service
[ 2026-05-20 12:17:48,264 ] botocore.configprovider - DEBUG - Looking for endpoint for s3 via: environment_global
[ 2026-05-20 12:17:48,264 ] botocore.configprovider - DEBUG - Looking for endpoint for s3 via: config_service
[ 2026-05-20 12:17:48,265 ] botocore.configprovider - DEBUG - Looking for endpoint for s3 via: config_global
[ 2026-05-20 12:17:48,265 ] botocore.configprovider - DEBUG - No configured endpoint found.
[ 2026-05-20 12:17:48,265 ] botocore.endpoint - DEBUG - Setting s3 timeout as (60, 60)
[ 2026-05-20 12:17:48,266 ] botocore.client - DEBUG - Registering retry handlers for service: s3
[ 2026-05-20 12:17:48,266 ] botocore.utils - DEBUG - Registering S3 region redirector handler
[ 2026-05-20 12:17:48,266 ] botocore.utils - DEBUG - Registering S3Express Identity Resolver
[ 2026-05-20 12:17:48,267 ] root - INFO - Entered the get_file_object method of SimpleStorageService class
[ 2026-05-20 12:17:48,267 ] root - INFO - Entered the get_bucket method of SimpleStorageService class
[ 2026-05-20 12:17:48,267 ] boto3.resources.factory - DEBUG - Loading s3:Bucket
[ 2026-05-20 12:17:48,267 ] boto3.resources.model - DEBUG - Renaming Bucket attribute name
[ 2026-05-20 12:17:48,267 ] botocore.hooks - DEBUG - Event creating-resource-class.s3.Bucket: calling handler <function lazy_call.<locals>._handler at 0x1127ce700>
[ 2026-05-20 12:17:48,267 ] root - INFO - Exited the get_bucket method of SimpleStorageService class
[ 2026-05-20 12:17:48,278 ] botocore.loaders - DEBUG - Loading JSON file: /Users/him/Desktop/complete_mlops_project/venv/lib/python3.13/site-packages/botocore/data/s3/2006-03-01/paginators-1.json
[ 2026-05-20 12:17:48,278 ] botocore.loaders - DEBUG - Loading JSON file: /Users/him/Desktop/complete_mlops_project/venv/lib/python3.13/site-packages/botocore/data/s3/2006-03-01/paginators-1.sdk-extras.json
[ 2026-05-20 12:17:48,278 ] boto3.resources.collection - DEBUG - Calling paginated s3:list_objects with {'Bucket': 'ml-model-mlopsproj', 'Prefix': 'model.pkl'}
[ 2026-05-20 12:17:48,278 ] botocore.hooks - DEBUG - Event before-parameter-build.s3.ListObjects: calling handler <function set_list_objects_encoding_type_url at 0x10971e480>
[ 2026-05-20 12:17:48,279 ] botocore.hooks - DEBUG - Event before-parameter-build.s3.ListObjects: calling handler <function validate_bucket_name at 0x10971cfe0>
[ 2026-05-20 12:17:48,279 ] botocore.hooks - DEBUG - Event before-parameter-build.s3.ListObjects: calling handler <function remove_bucket_from_url_paths_from_model at 0x10971f420>
[ 2026-05-20 12:17:48,279 ] botocore.hooks - DEBUG - Event before-parameter-build.s3.ListObjects: calling handler <bound method S3RegionRedirectorv2.annotate_request_context of <botocore.utils.S3RegionRedirectorv2 object at 0x113304440>>
[ 2026-05-20 12:17:48,279 ] botocore.hooks - DEBUG - Event before-parameter-build.s3.ListObjects: calling handler <bound method ClientCreator._inject_s3_input_parameters of <botocore.client.ClientCreator object at 0x1127e34d0>>
[ 2026-05-20 12:17:48,279 ] botocore.hooks - DEBUG - Event before-parameter-build.s3.ListObjects: calling handler <function generate_idempotent_uuid at 0x10971ce00>
[ 2026-05-20 12:17:48,279 ] botocore.hooks - DEBUG - Event before-parameter-build.s3.ListObjects: calling handler <function _handle_request_validation_mode_member at 0x10971fba0>
[ 2026-05-20 12:17:48,279 ] botocore.hooks - DEBUG - Event before-endpoint-resolution.s3: calling handler <function customize_endpoint_resolver_builtins at 0x10971f600>
[ 2026-05-20 12:17:48,279 ] botocore.hooks - DEBUG - Event before-endpoint-resolution.s3: calling handler <bound method S3RegionRedirectorv2.redirect_from_cache of <botocore.utils.S3RegionRedirectorv2 object at 0x113304440>>
[ 2026-05-20 12:17:48,279 ] botocore.regions - DEBUG - Calling endpoint provider with parameters: {'Bucket': 'ml-model-mlopsproj', 'Region': 'us-east-1', 'UseFIPS': False, 'UseDualStack': False, 'ForcePathStyle': False, 'Accelerate': False, 'UseGlobalEndpoint': True, 'Prefix': 'model.pkl', 'DisableMultiRegionAccessPoints': False, 'UseArnRegion': True, 'DisableS3ExpressSessionAuth': False}
[ 2026-05-20 12:17:48,280 ] botocore.regions - DEBUG - Endpoint provider result: https://ml-model-mlopsproj.s3.amazonaws.com
[ 2026-05-20 12:17:48,280 ] botocore.regions - DEBUG - Selecting from endpoint provider's list of auth schemes: "sigv4". User selected auth scheme is: "None"
[ 2026-05-20 12:17:48,280 ] botocore.regions - DEBUG - Selected auth type "v4" as "v4" with signing context params: {'region': 'us-east-1', 'signing_name': 's3', 'disableDoubleEncoding': True}
[ 2026-05-20 12:17:48,280 ] botocore.hooks - DEBUG - Event before-call.s3.ListObjects: calling handler <function add_expect_header at 0x10971d3a0>
[ 2026-05-20 12:17:48,280 ] botocore.hooks - DEBUG - Event before-call.s3.ListObjects: calling handler <bound method S3ExpressIdentityResolver.apply_signing_cache_key of <botocore.utils.S3ExpressIdentityResolver object at 0x113304590>>
[ 2026-05-20 12:17:48,280 ] botocore.hooks - DEBUG - Event before-call.s3.ListObjects: calling handler <function add_recursion_detection_header at 0x10971c860>
[ 2026-05-20 12:17:48,280 ] botocore.hooks - DEBUG - Event before-call.s3.ListObjects: calling handler <function inject_api_version_header_if_needed at 0x10971e8e0>
[ 2026-05-20 12:17:48,280 ] botocore.endpoint - DEBUG - Making request for OperationModel(name=ListObjects) with params: {'url_path': '', 'query_string': {'prefix': 'model.pkl', 'encoding-type': 'url'}, 'method': 'GET', 'headers': {'User-Agent': 'Boto3/1.43.9 md/Botocore#1.43.9 ua/2.1 os/macos#25.2.0 md/arch#arm64 lang/python#3.13.7 md/pyimpl#CPython m/e,D,Z,b,C cfg/retry-mode#legacy Botocore/1.43.9 Resource'}, 'body': b'', 'auth_path': '/ml-model-mlopsproj/', 'url': 'https://ml-model-mlopsproj.s3.amazonaws.com/?prefix=model.pkl&encoding-type=url', 'context': {'client_region': 'us-east-1', 'client_config': <botocore.config.Config object at 0x112f8a0d0>, 'has_streaming_input': False, 'auth_type': 'v4', 'unsigned_payload': None, 'auth_options': ['aws.auth#sigv4'], 'encoding_type_auto_set': True, 's3_redirect': {'redirected': False, 'bucket': 'ml-model-mlopsproj', 'params': {'Bucket': 'ml-model-mlopsproj', 'Prefix': 'model.pkl', 'EncodingType': 'url'}}, 'input_params': {'Bucket': 'ml-model-mlopsproj', 'Prefix': 'model.pkl'}, 'signing': {'region': 'us-east-1', 'signing_name': 's3', 'disableDoubleEncoding': True}, 'endpoint_properties': {'authSchemes': [{'disableDoubleEncoding': True, 'name': 'sigv4', 'signingName': 's3', 'signingRegion': 'us-east-1'}]}}}
[ 2026-05-20 12:17:48,282 ] botocore.hooks - DEBUG - Event request-created.s3.ListObjects: calling handler <bound method RequestSigner.handler of <botocore.signers.RequestSigner object at 0x112ffa270>>
[ 2026-05-20 12:17:48,282 ] botocore.hooks - DEBUG - Event choose-signer.s3.ListObjects: calling handler <bound method ClientCreator._default_s3_presign_to_sigv2 of <botocore.client.ClientCreator object at 0x1127e34d0>>
[ 2026-05-20 12:17:48,282 ] botocore.hooks - DEBUG - Event choose-signer.s3.ListObjects: calling handler <function set_operation_specific_signer at 0x10971cae0>
[ 2026-05-20 12:17:48,282 ] botocore.hooks - DEBUG - Event before-sign.s3.ListObjects: calling handler <function remove_arn_from_signing_path at 0x10971f560>
[ 2026-05-20 12:17:48,282 ] botocore.hooks - DEBUG - Event before-sign.s3.ListObjects: calling handler <function _set_extra_headers_for_unsigned_request at 0x10971fc40>
[ 2026-05-20 12:17:48,282 ] botocore.hooks - DEBUG - Event before-sign.s3.ListObjects: calling handler <bound method S3ExpressIdentityResolver.resolve_s3express_identity of <botocore.utils.S3ExpressIdentityResolver object at 0x113304590>>
[ 2026-05-20 12:17:48,284 ] botocore.auth - DEBUG - Calculating signature using v4 auth.
[ 2026-05-20 12:17:48,284 ] botocore.auth - DEBUG - CanonicalRequest:
GET
/
encoding-type=url&prefix=model.pkl
host:ml-model-mlopsproj.s3.amazonaws.com
x-amz-content-sha256:e3b0c44298fc1c149afbf4c8996fb92427ae41e4649b934ca495991b7852b855
x-amz-date:20260520T064748Z

host;x-amz-content-sha256;x-amz-date
e3b0c44298fc1c149afbf4c8996fb92427ae41e4649b934ca495991b7852b855
[ 2026-05-20 12:17:48,284 ] botocore.auth - DEBUG - StringToSign:
AWS4-HMAC-SHA256
20260520T064748Z
20260520/us-east-1/s3/aws4_request
2b6a7714a7200e2d34d77396e287ebe509a4e8715d8f3d2a54669e8417826fc6
[ 2026-05-20 12:17:48,284 ] botocore.auth - DEBUG - Signature:
7fb137937ee08632875672ccf7c25ba3aa09fa363a43d6b492df535752e93584
[ 2026-05-20 12:17:48,284 ] botocore.hooks - DEBUG - Event request-created.s3.ListObjects: calling handler <bound method UserAgentString.rebuild_and_replace_user_agent_handler of <botocore.useragent.UserAgentString object at 0x112f8afd0>>
[ 2026-05-20 12:17:48,284 ] botocore.hooks - DEBUG - Event request-created.s3.ListObjects: calling handler <function add_retry_headers at 0x10971f380>
[ 2026-05-20 12:17:48,284 ] botocore.endpoint - DEBUG - Sending http request: <AWSPreparedRequest stream_output=False, method=GET, url=https://ml-model-mlopsproj.s3.amazonaws.com/?prefix=model.pkl&encoding-type=url, headers={'User-Agent': b'Boto3/1.43.9 md/Botocore#1.43.9 ua/2.1 os/macos#25.2.0 md/arch#arm64 lang/python#3.13.7 md/pyimpl#CPython m/e,D,Z,b,C cfg/retry-mode#legacy Botocore/1.43.9 Resource', 'X-Amz-Date': b'20260520T064748Z', 'X-Amz-Content-SHA256': b'e3b0c44298fc1c149afbf4c8996fb92427ae41e4649b934ca495991b7852b855', 'Authorization': b'AWS4-HMAC-SHA256 Credential=AKIAS7OXDU5I3P5QHSKZ/20260520/us-east-1/s3/aws4_request, SignedHeaders=host;x-amz-content-sha256;x-amz-date, Signature=7fb137937ee08632875672ccf7c25ba3aa09fa363a43d6b492df535752e93584', 'amz-sdk-invocation-id': b'81e30da6-8a12-4ba1-967d-a6e675738f8d', 'amz-sdk-request': b'attempt=1'}>
[ 2026-05-20 12:17:48,285 ] botocore.httpsession - DEBUG - Certificate path: /Users/him/Desktop/complete_mlops_project/venv/lib/python3.13/site-packages/certifi/cacert.pem
[ 2026-05-20 12:17:48,285 ] urllib3.connectionpool - DEBUG - Starting new HTTPS connection (1): ml-model-mlopsproj.s3.amazonaws.com:443
[ 2026-05-20 12:17:49,187 ] urllib3.connectionpool - DEBUG - https://ml-model-mlopsproj.s3.amazonaws.com:443 "GET /?prefix=model.pkl&encoding-type=url HTTP/1.1" 404 None
[ 2026-05-20 12:17:49,188 ] botocore.hooks - DEBUG - Event before-parse.s3.ListObjects: calling handler <function _handle_200_error at 0x10971f920>
[ 2026-05-20 12:17:49,188 ] botocore.hooks - DEBUG - Event before-parse.s3.ListObjects: calling handler <function handle_expires_header at 0x10971f740>
[ 2026-05-20 12:17:49,188 ] botocore.parsers - DEBUG - Response headers: {'x-amz-request-id': 'EZ4XKNWGCCSA7AZN', 'x-amz-id-2': 'Rjiz4Ja4p3EGlUeeQ5pRpe7dWZb7KW11eVtaBfhO0k+nbf1E4vbKGKD5LbpJ645r9VjMYseX2UnV0KYdk5vYg8FPfsnLSJ8l', 'Content-Type': 'application/xml', 'Transfer-Encoding': 'chunked', 'Date': 'Wed, 20 May 2026 06:47:48 GMT', 'Server': 'AmazonS3'}
[ 2026-05-20 12:17:49,188 ] botocore.parsers - DEBUG - Response body:
b'<?xml version="1.0" encoding="UTF-8"?>\n<Error><Code>NoSuchBucket</Code><Message>The specified bucket does not exist</Message><BucketName>ml-model-mlopsproj</BucketName><RequestId>EZ4XKNWGCCSA7AZN</RequestId><HostId>Rjiz4Ja4p3EGlUeeQ5pRpe7dWZb7KW11eVtaBfhO0k+nbf1E4vbKGKD5LbpJ645r9VjMYseX2UnV0KYdk5vYg8FPfsnLSJ8l</HostId></Error>'
[ 2026-05-20 12:17:49,205 ] botocore.parsers - DEBUG - Response headers: {'x-amz-request-id': 'EZ4XKNWGCCSA7AZN', 'x-amz-id-2': 'Rjiz4Ja4p3EGlUeeQ5pRpe7dWZb7KW11eVtaBfhO0k+nbf1E4vbKGKD5LbpJ645r9VjMYseX2UnV0KYdk5vYg8FPfsnLSJ8l', 'Content-Type': 'application/xml', 'Transfer-Encoding': 'chunked', 'Date': 'Wed, 20 May 2026 06:47:48 GMT', 'Server': 'AmazonS3'}
[ 2026-05-20 12:17:49,205 ] botocore.parsers - DEBUG - Response body:
b'<?xml version="1.0" encoding="UTF-8"?>\n<Error><Code>NoSuchBucket</Code><Message>The specified bucket does not exist</Message><BucketName>ml-model-mlopsproj</BucketName><RequestId>EZ4XKNWGCCSA7AZN</RequestId><HostId>Rjiz4Ja4p3EGlUeeQ5pRpe7dWZb7KW11eVtaBfhO0k+nbf1E4vbKGKD5LbpJ645r9VjMYseX2UnV0KYdk5vYg8FPfsnLSJ8l</HostId></Error>'
[ 2026-05-20 12:17:49,205 ] botocore.hooks - DEBUG - Event needs-retry.s3.ListObjects: calling handler <function _update_status_code at 0x10971fb00>
[ 2026-05-20 12:17:49,205 ] botocore.hooks - DEBUG - Event needs-retry.s3.ListObjects: calling handler <botocore.retryhandler.RetryHandler object at 0x1133042f0>
[ 2026-05-20 12:17:49,205 ] botocore.retryhandler - DEBUG - No retry needed.
[ 2026-05-20 12:17:49,205 ] botocore.hooks - DEBUG - Event needs-retry.s3.ListObjects: calling handler <bound method S3RegionRedirectorv2.redirect_from_error of <botocore.utils.S3RegionRedirectorv2 object at 0x113304440>>
[ 2026-05-20 12:17:49,205 ] botocore.hooks - DEBUG - Event after-call.s3.ListObjects: calling handler <function decode_list_object at 0x10971e520>
[ 2026-05-20 12:17:49,205 ] root - ERROR - Error occurred in python script: [/Users/him/Desktop/complete_mlops_project/src/cloud_storage/aws_storage.py] at line number [106]: An error occurred (NoSuchBucket) when calling the ListObjects operation: The specified bucket does not exist
[ 2026-05-20 12:17:49,205 ] root - ERROR - Error occurred in python script: [/Users/him/Desktop/complete_mlops_project/src/cloud_storage/aws_storage.py] at line number [128]: Error occurred in python script: [/Users/him/Desktop/complete_mlops_project/src/cloud_storage/aws_storage.py] at line number [106]: An error occurred (NoSuchBucket) when calling the ListObjects operation: The specified bucket does not exist
[ 2026-05-20 12:17:49,205 ] root - ERROR - Error occurred in python script: [/Users/him/Desktop/complete_mlops_project/src/entity/s3_estimator.py] at line number [63]: Error occurred in python script: [/Users/him/Desktop/complete_mlops_project/src/cloud_storage/aws_storage.py] at line number [128]: Error occurred in python script: [/Users/him/Desktop/complete_mlops_project/src/cloud_storage/aws_storage.py] at line number [106]: An error occurred (NoSuchBucket) when calling the ListObjects operation: The specified bucket does not exist
[ 2026-05-20 12:17:49,205 ] root - ERROR - Error occurred in python script: [/Users/him/Desktop/complete_mlops_project/src/pipline/prediction_pipeline.py] at line number [105]: Error occurred in python script: [/Users/him/Desktop/complete_mlops_project/src/entity/s3_estimator.py] at line number [63]: Error occurred in python script: [/Users/him/Desktop/complete_mlops_project/src/cloud_storage/aws_storage.py] at line number [128]: Error occurred in python script: [/Users/him/Desktop/complete_mlops_project/src/cloud_storage/aws_storage.py] at line number [106]: An error occurred (NoSuchBucket) when calling the ListObjects operation: The specified bucket does not exist
