[ 2026-05-20 12:59:08,405 ] asyncio - DEBUG - Using selector: KqueueSelector
[ 2026-05-20 12:59:15,068 ] python_multipart.multipart - DEBUG - Calling on_field_start with no data
[ 2026-05-20 12:59:15,069 ] python_multipart.multipart - DEBUG - Calling on_field_name with data[0:6]
[ 2026-05-20 12:59:15,069 ] python_multipart.multipart - DEBUG - Calling on_field_data with data[7:8]
[ 2026-05-20 12:59:15,069 ] python_multipart.multipart - DEBUG - Calling on_field_end with no data
[ 2026-05-20 12:59:15,069 ] python_multipart.multipart - DEBUG - Calling on_field_start with no data
[ 2026-05-20 12:59:15,069 ] python_multipart.multipart - DEBUG - Calling on_field_name with data[9:12]
[ 2026-05-20 12:59:15,069 ] python_multipart.multipart - DEBUG - Calling on_field_data with data[13:15]
[ 2026-05-20 12:59:15,069 ] python_multipart.multipart - DEBUG - Calling on_field_end with no data
[ 2026-05-20 12:59:15,069 ] python_multipart.multipart - DEBUG - Calling on_field_start with no data
[ 2026-05-20 12:59:15,069 ] python_multipart.multipart - DEBUG - Calling on_field_name with data[16:31]
[ 2026-05-20 12:59:15,070 ] python_multipart.multipart - DEBUG - Calling on_field_data with data[32:33]
[ 2026-05-20 12:59:15,070 ] python_multipart.multipart - DEBUG - Calling on_field_end with no data
[ 2026-05-20 12:59:15,070 ] python_multipart.multipart - DEBUG - Calling on_field_start with no data
[ 2026-05-20 12:59:15,070 ] python_multipart.multipart - DEBUG - Calling on_field_name with data[34:45]
[ 2026-05-20 12:59:15,070 ] python_multipart.multipart - DEBUG - Calling on_field_data with data[46:48]
[ 2026-05-20 12:59:15,070 ] python_multipart.multipart - DEBUG - Calling on_field_end with no data
[ 2026-05-20 12:59:15,070 ] python_multipart.multipart - DEBUG - Calling on_field_start with no data
[ 2026-05-20 12:59:15,070 ] python_multipart.multipart - DEBUG - Calling on_field_name with data[49:67]
[ 2026-05-20 12:59:15,070 ] python_multipart.multipart - DEBUG - Calling on_field_data with data[68:69]
[ 2026-05-20 12:59:15,070 ] python_multipart.multipart - DEBUG - Calling on_field_end with no data
[ 2026-05-20 12:59:15,070 ] python_multipart.multipart - DEBUG - Calling on_field_start with no data
[ 2026-05-20 12:59:15,070 ] python_multipart.multipart - DEBUG - Calling on_field_name with data[70:84]
[ 2026-05-20 12:59:15,070 ] python_multipart.multipart - DEBUG - Calling on_field_data with data[85:90]
[ 2026-05-20 12:59:15,070 ] python_multipart.multipart - DEBUG - Calling on_field_end with no data
[ 2026-05-20 12:59:15,070 ] python_multipart.multipart - DEBUG - Calling on_field_start with no data
[ 2026-05-20 12:59:15,070 ] python_multipart.multipart - DEBUG - Calling on_field_name with data[91:111]
[ 2026-05-20 12:59:15,070 ] python_multipart.multipart - DEBUG - Calling on_field_data with data[112:115]
[ 2026-05-20 12:59:15,070 ] python_multipart.multipart - DEBUG - Calling on_field_end with no data
[ 2026-05-20 12:59:15,070 ] python_multipart.multipart - DEBUG - Calling on_field_start with no data
[ 2026-05-20 12:59:15,070 ] python_multipart.multipart - DEBUG - Calling on_field_name with data[116:123]
[ 2026-05-20 12:59:15,070 ] python_multipart.multipart - DEBUG - Calling on_field_data with data[124:127]
[ 2026-05-20 12:59:15,070 ] python_multipart.multipart - DEBUG - Calling on_field_end with no data
[ 2026-05-20 12:59:15,070 ] python_multipart.multipart - DEBUG - Calling on_field_start with no data
[ 2026-05-20 12:59:15,070 ] python_multipart.multipart - DEBUG - Calling on_field_name with data[128:149]
[ 2026-05-20 12:59:15,070 ] python_multipart.multipart - DEBUG - Calling on_field_data with data[150:151]
[ 2026-05-20 12:59:15,070 ] python_multipart.multipart - DEBUG - Calling on_field_end with no data
[ 2026-05-20 12:59:15,070 ] python_multipart.multipart - DEBUG - Calling on_field_start with no data
[ 2026-05-20 12:59:15,070 ] python_multipart.multipart - DEBUG - Calling on_field_name with data[152:174]
[ 2026-05-20 12:59:15,070 ] python_multipart.multipart - DEBUG - Calling on_field_data with data[175:176]
[ 2026-05-20 12:59:15,070 ] python_multipart.multipart - DEBUG - Calling on_field_end with no data
[ 2026-05-20 12:59:15,070 ] python_multipart.multipart - DEBUG - Calling on_field_start with no data
[ 2026-05-20 12:59:15,070 ] python_multipart.multipart - DEBUG - Calling on_field_name with data[177:195]
[ 2026-05-20 12:59:15,070 ] python_multipart.multipart - DEBUG - Calling on_field_data with data[196:197]
[ 2026-05-20 12:59:15,070 ] python_multipart.multipart - DEBUG - Calling on_field_end with no data
[ 2026-05-20 12:59:15,070 ] python_multipart.multipart - DEBUG - Calling on_end with no data
[ 2026-05-20 12:59:15,070 ] root - INFO - Entered get_usvisa_data_as_dict method as VehicleData class
[ 2026-05-20 12:59:15,070 ] root - INFO - Created vehicle data dict
[ 2026-05-20 12:59:15,070 ] root - INFO - Exited get_vehicle_data_as_dict method as VehicleData class
[ 2026-05-20 12:59:15,119 ] root - INFO - Entered predict method of VehicleDataClassifier class
[ 2026-05-20 12:59:15,120 ] botocore.hooks - DEBUG - Changing event name from creating-client-class.iot-data to creating-client-class.iot-data-plane
[ 2026-05-20 12:59:15,124 ] botocore.hooks - DEBUG - Changing event name from before-call.apigateway to before-call.api-gateway
[ 2026-05-20 12:59:15,124 ] botocore.hooks - DEBUG - Changing event name from request-created.machinelearning.Predict to request-created.machine-learning.Predict
[ 2026-05-20 12:59:15,125 ] botocore.hooks - DEBUG - Changing event name from before-parameter-build.autoscaling.CreateLaunchConfiguration to before-parameter-build.auto-scaling.CreateLaunchConfiguration
[ 2026-05-20 12:59:15,125 ] botocore.hooks - DEBUG - Changing event name from before-parameter-build.route53 to before-parameter-build.route-53
[ 2026-05-20 12:59:15,125 ] botocore.hooks - DEBUG - Changing event name from request-created.cloudsearchdomain.Search to request-created.cloudsearch-domain.Search
[ 2026-05-20 12:59:15,125 ] botocore.hooks - DEBUG - Changing event name from docs.*.autoscaling.CreateLaunchConfiguration.complete-section to docs.*.auto-scaling.CreateLaunchConfiguration.complete-section
[ 2026-05-20 12:59:15,126 ] botocore.hooks - DEBUG - Changing event name from before-parameter-build.logs.CreateExportTask to before-parameter-build.cloudwatch-logs.CreateExportTask
[ 2026-05-20 12:59:15,126 ] botocore.hooks - DEBUG - Changing event name from docs.*.logs.CreateExportTask.complete-section to docs.*.cloudwatch-logs.CreateExportTask.complete-section
[ 2026-05-20 12:59:15,126 ] botocore.hooks - DEBUG - Changing event name from before-parameter-build.cloudsearchdomain.Search to before-parameter-build.cloudsearch-domain.Search
[ 2026-05-20 12:59:15,126 ] botocore.hooks - DEBUG - Changing event name from docs.*.cloudsearchdomain.Search.complete-section to docs.*.cloudsearch-domain.Search.complete-section
[ 2026-05-20 12:59:15,208 ] botocore.loaders - DEBUG - Loading JSON file: /Users/him/Desktop/complete_mlops_project/venv/lib/python3.13/site-packages/boto3/data/s3/2006-03-01/resources-1.json
[ 2026-05-20 12:59:15,210 ] botocore.loaders - DEBUG - Loading JSON file: /Users/him/Desktop/complete_mlops_project/venv/lib/python3.13/site-packages/botocore/data/endpoints.json
[ 2026-05-20 12:59:15,224 ] botocore.loaders - DEBUG - Loading JSON file: /Users/him/Desktop/complete_mlops_project/venv/lib/python3.13/site-packages/botocore/data/sdk-default-configuration.json
[ 2026-05-20 12:59:15,225 ] botocore.hooks - DEBUG - Event choose-service-name: calling handler <function handle_service_name_alias at 0x10b5c3b00>
[ 2026-05-20 12:59:15,254 ] botocore.loaders - DEBUG - Loading JSON file: /Users/him/Desktop/complete_mlops_project/venv/lib/python3.13/site-packages/botocore/data/s3/2006-03-01/service-2.json.gz
[ 2026-05-20 12:59:15,260 ] botocore.loaders - DEBUG - Loading JSON file: /Users/him/Desktop/complete_mlops_project/venv/lib/python3.13/site-packages/botocore/data/s3/2006-03-01/service-2.sdk-extras.json
[ 2026-05-20 12:59:15,271 ] botocore.loaders - DEBUG - Loading JSON file: /Users/him/Desktop/complete_mlops_project/venv/lib/python3.13/site-packages/botocore/data/s3/2006-03-01/endpoint-rule-set-1.json.gz
[ 2026-05-20 12:59:15,273 ] botocore.loaders - DEBUG - Loading JSON file: /Users/him/Desktop/complete_mlops_project/venv/lib/python3.13/site-packages/botocore/data/partitions.json
[ 2026-05-20 12:59:15,274 ] botocore.hooks - DEBUG - Event creating-client-class.s3: calling handler <function add_generate_presigned_post at 0x10b538720>
[ 2026-05-20 12:59:15,274 ] botocore.hooks - DEBUG - Event creating-client-class.s3: calling handler <function lazy_call.<locals>._handler at 0x11469dee0>
[ 2026-05-20 12:59:15,275 ] botocore.hooks - DEBUG - Event creating-client-class.s3: calling handler <function add_generate_presigned_url at 0x10b5384a0>
[ 2026-05-20 12:59:15,276 ] botocore.configprovider - DEBUG - Looking for endpoint for s3 via: environment_service
[ 2026-05-20 12:59:15,276 ] botocore.configprovider - DEBUG - Looking for endpoint for s3 via: environment_global
[ 2026-05-20 12:59:15,276 ] botocore.configprovider - DEBUG - Looking for endpoint for s3 via: config_service
[ 2026-05-20 12:59:15,276 ] botocore.configprovider - DEBUG - Looking for endpoint for s3 via: config_global
[ 2026-05-20 12:59:15,276 ] botocore.configprovider - DEBUG - No configured endpoint found.
[ 2026-05-20 12:59:15,299 ] botocore.endpoint - DEBUG - Setting s3 timeout as (60, 60)
[ 2026-05-20 12:59:15,317 ] botocore.loaders - DEBUG - Loading JSON file: /Users/him/Desktop/complete_mlops_project/venv/lib/python3.13/site-packages/botocore/data/_retry.json
[ 2026-05-20 12:59:15,318 ] botocore.client - DEBUG - Registering retry handlers for service: s3
[ 2026-05-20 12:59:15,318 ] botocore.utils - DEBUG - Registering S3 region redirector handler
[ 2026-05-20 12:59:15,318 ] botocore.utils - DEBUG - Registering S3Express Identity Resolver
[ 2026-05-20 12:59:15,319 ] boto3.resources.factory - DEBUG - Loading s3:s3
[ 2026-05-20 12:59:15,319 ] botocore.hooks - DEBUG - Event choose-service-name: calling handler <function handle_service_name_alias at 0x10b5c3b00>
[ 2026-05-20 12:59:15,320 ] botocore.hooks - DEBUG - Event creating-client-class.s3: calling handler <function add_generate_presigned_post at 0x10b538720>
[ 2026-05-20 12:59:15,320 ] botocore.hooks - DEBUG - Event creating-client-class.s3: calling handler <function lazy_call.<locals>._handler at 0x11469dee0>
[ 2026-05-20 12:59:15,320 ] botocore.hooks - DEBUG - Event creating-client-class.s3: calling handler <function add_generate_presigned_url at 0x10b5384a0>
[ 2026-05-20 12:59:15,320 ] botocore.configprovider - DEBUG - Looking for endpoint for s3 via: environment_service
[ 2026-05-20 12:59:15,320 ] botocore.configprovider - DEBUG - Looking for endpoint for s3 via: environment_global
[ 2026-05-20 12:59:15,320 ] botocore.configprovider - DEBUG - Looking for endpoint for s3 via: config_service
[ 2026-05-20 12:59:15,320 ] botocore.configprovider - DEBUG - Looking for endpoint for s3 via: config_global
[ 2026-05-20 12:59:15,320 ] botocore.configprovider - DEBUG - No configured endpoint found.
[ 2026-05-20 12:59:15,321 ] botocore.endpoint - DEBUG - Setting s3 timeout as (60, 60)
[ 2026-05-20 12:59:15,322 ] botocore.client - DEBUG - Registering retry handlers for service: s3
[ 2026-05-20 12:59:15,322 ] botocore.utils - DEBUG - Registering S3 region redirector handler
[ 2026-05-20 12:59:15,323 ] botocore.utils - DEBUG - Registering S3Express Identity Resolver
[ 2026-05-20 12:59:15,323 ] root - INFO - Entered the get_file_object method of SimpleStorageService class
[ 2026-05-20 12:59:15,323 ] root - INFO - Entered the get_bucket method of SimpleStorageService class
[ 2026-05-20 12:59:15,323 ] boto3.resources.factory - DEBUG - Loading s3:Bucket
[ 2026-05-20 12:59:15,326 ] boto3.resources.model - DEBUG - Renaming Bucket attribute name
[ 2026-05-20 12:59:15,326 ] botocore.hooks - DEBUG - Event creating-resource-class.s3.Bucket: calling handler <function lazy_call.<locals>._handler at 0x11469e7a0>
[ 2026-05-20 12:59:15,326 ] root - INFO - Exited the get_bucket method of SimpleStorageService class
[ 2026-05-20 12:59:15,335 ] botocore.loaders - DEBUG - Loading JSON file: /Users/him/Desktop/complete_mlops_project/venv/lib/python3.13/site-packages/botocore/data/s3/2006-03-01/paginators-1.json
[ 2026-05-20 12:59:15,335 ] botocore.loaders - DEBUG - Loading JSON file: /Users/him/Desktop/complete_mlops_project/venv/lib/python3.13/site-packages/botocore/data/s3/2006-03-01/paginators-1.sdk-extras.json
[ 2026-05-20 12:59:15,335 ] boto3.resources.collection - DEBUG - Calling paginated s3:list_objects with {'Bucket': 'ml-model-mlopsproject', 'Prefix': 'model.pkl'}
[ 2026-05-20 12:59:15,336 ] botocore.hooks - DEBUG - Event before-parameter-build.s3.ListObjects: calling handler <function set_list_objects_encoding_type_url at 0x10b5ea520>
[ 2026-05-20 12:59:15,336 ] botocore.hooks - DEBUG - Event before-parameter-build.s3.ListObjects: calling handler <function validate_bucket_name at 0x10b5e9080>
[ 2026-05-20 12:59:15,336 ] botocore.hooks - DEBUG - Event before-parameter-build.s3.ListObjects: calling handler <function remove_bucket_from_url_paths_from_model at 0x10b5eb4c0>
[ 2026-05-20 12:59:15,336 ] botocore.hooks - DEBUG - Event before-parameter-build.s3.ListObjects: calling handler <bound method S3RegionRedirectorv2.annotate_request_context of <botocore.utils.S3RegionRedirectorv2 object at 0x1151d4440>>
[ 2026-05-20 12:59:15,336 ] botocore.hooks - DEBUG - Event before-parameter-build.s3.ListObjects: calling handler <bound method ClientCreator._inject_s3_input_parameters of <botocore.client.ClientCreator object at 0x1146af4d0>>
[ 2026-05-20 12:59:15,336 ] botocore.hooks - DEBUG - Event before-parameter-build.s3.ListObjects: calling handler <function generate_idempotent_uuid at 0x10b5e8ea0>
[ 2026-05-20 12:59:15,336 ] botocore.hooks - DEBUG - Event before-parameter-build.s3.ListObjects: calling handler <function _handle_request_validation_mode_member at 0x10b5ebc40>
[ 2026-05-20 12:59:15,336 ] botocore.hooks - DEBUG - Event before-endpoint-resolution.s3: calling handler <function customize_endpoint_resolver_builtins at 0x10b5eb6a0>
[ 2026-05-20 12:59:15,336 ] botocore.hooks - DEBUG - Event before-endpoint-resolution.s3: calling handler <bound method S3RegionRedirectorv2.redirect_from_cache of <botocore.utils.S3RegionRedirectorv2 object at 0x1151d4440>>
[ 2026-05-20 12:59:15,336 ] botocore.regions - DEBUG - Calling endpoint provider with parameters: {'Bucket': 'ml-model-mlopsproject', 'Region': 'us-east-1', 'UseFIPS': False, 'UseDualStack': False, 'ForcePathStyle': False, 'Accelerate': False, 'UseGlobalEndpoint': True, 'Prefix': 'model.pkl', 'DisableMultiRegionAccessPoints': False, 'UseArnRegion': True, 'DisableS3ExpressSessionAuth': False}
[ 2026-05-20 12:59:15,337 ] botocore.regions - DEBUG - Endpoint provider result: https://ml-model-mlopsproject.s3.amazonaws.com
[ 2026-05-20 12:59:15,337 ] botocore.regions - DEBUG - Selecting from endpoint provider's list of auth schemes: "sigv4". User selected auth scheme is: "None"
[ 2026-05-20 12:59:15,337 ] botocore.regions - DEBUG - Selected auth type "v4" as "v4" with signing context params: {'region': 'us-east-1', 'signing_name': 's3', 'disableDoubleEncoding': True}
[ 2026-05-20 12:59:15,337 ] botocore.hooks - DEBUG - Event before-call.s3.ListObjects: calling handler <function add_expect_header at 0x10b5e9440>
[ 2026-05-20 12:59:15,337 ] botocore.hooks - DEBUG - Event before-call.s3.ListObjects: calling handler <bound method S3ExpressIdentityResolver.apply_signing_cache_key of <botocore.utils.S3ExpressIdentityResolver object at 0x1151d4590>>
[ 2026-05-20 12:59:15,337 ] botocore.hooks - DEBUG - Event before-call.s3.ListObjects: calling handler <function add_recursion_detection_header at 0x10b5e8900>
[ 2026-05-20 12:59:15,337 ] botocore.hooks - DEBUG - Event before-call.s3.ListObjects: calling handler <function inject_api_version_header_if_needed at 0x10b5ea980>
[ 2026-05-20 12:59:15,337 ] botocore.endpoint - DEBUG - Making request for OperationModel(name=ListObjects) with params: {'url_path': '', 'query_string': {'prefix': 'model.pkl', 'encoding-type': 'url'}, 'method': 'GET', 'headers': {'User-Agent': 'Boto3/1.43.9 md/Botocore#1.43.9 ua/2.1 os/macos#25.2.0 md/arch#arm64 lang/python#3.13.7 md/pyimpl#CPython m/e,Z,C,b,D cfg/retry-mode#legacy Botocore/1.43.9 Resource'}, 'body': b'', 'auth_path': '/ml-model-mlopsproject/', 'url': 'https://ml-model-mlopsproject.s3.amazonaws.com/?prefix=model.pkl&encoding-type=url', 'context': {'client_region': 'us-east-1', 'client_config': <botocore.config.Config object at 0x114e59f90>, 'has_streaming_input': False, 'auth_type': 'v4', 'unsigned_payload': None, 'auth_options': ['aws.auth#sigv4'], 'encoding_type_auto_set': True, 's3_redirect': {'redirected': False, 'bucket': 'ml-model-mlopsproject', 'params': {'Bucket': 'ml-model-mlopsproject', 'Prefix': 'model.pkl', 'EncodingType': 'url'}}, 'input_params': {'Bucket': 'ml-model-mlopsproject', 'Prefix': 'model.pkl'}, 'signing': {'region': 'us-east-1', 'signing_name': 's3', 'disableDoubleEncoding': True}, 'endpoint_properties': {'authSchemes': [{'disableDoubleEncoding': True, 'name': 'sigv4', 'signingName': 's3', 'signingRegion': 'us-east-1'}]}}}
[ 2026-05-20 12:59:15,340 ] botocore.hooks - DEBUG - Event request-created.s3.ListObjects: calling handler <bound method RequestSigner.handler of <botocore.signers.RequestSigner object at 0x114eca270>>
[ 2026-05-20 12:59:15,340 ] botocore.hooks - DEBUG - Event choose-signer.s3.ListObjects: calling handler <bound method ClientCreator._default_s3_presign_to_sigv2 of <botocore.client.ClientCreator object at 0x1146af4d0>>
[ 2026-05-20 12:59:15,340 ] botocore.hooks - DEBUG - Event choose-signer.s3.ListObjects: calling handler <function set_operation_specific_signer at 0x10b5e8b80>
[ 2026-05-20 12:59:15,340 ] botocore.hooks - DEBUG - Event before-sign.s3.ListObjects: calling handler <function remove_arn_from_signing_path at 0x10b5eb600>
[ 2026-05-20 12:59:15,340 ] botocore.hooks - DEBUG - Event before-sign.s3.ListObjects: calling handler <function _set_extra_headers_for_unsigned_request at 0x10b5ebce0>
[ 2026-05-20 12:59:15,340 ] botocore.hooks - DEBUG - Event before-sign.s3.ListObjects: calling handler <bound method S3ExpressIdentityResolver.resolve_s3express_identity of <botocore.utils.S3ExpressIdentityResolver object at 0x1151d4590>>
[ 2026-05-20 12:59:15,342 ] botocore.auth - DEBUG - Calculating signature using v4 auth.
[ 2026-05-20 12:59:15,342 ] botocore.auth - DEBUG - CanonicalRequest:
GET
/
encoding-type=url&prefix=model.pkl
host:ml-model-mlopsproject.s3.amazonaws.com
x-amz-content-sha256:e3b0c44298fc1c149afbf4c8996fb92427ae41e4649b934ca495991b7852b855
x-amz-date:20260520T072915Z

host;x-amz-content-sha256;x-amz-date
e3b0c44298fc1c149afbf4c8996fb92427ae41e4649b934ca495991b7852b855
[ 2026-05-20 12:59:15,347 ] botocore.auth - DEBUG - StringToSign:
AWS4-HMAC-SHA256
20260520T072915Z
20260520/us-east-1/s3/aws4_request
5631ae99d6c0ccca72915a6b246a7ac4bffdf499f667ff8d745e5fed7dcb6406
[ 2026-05-20 12:59:15,348 ] botocore.auth - DEBUG - Signature:
33641caa34cfb8199a08159c58fffb6a133f7b1f5db7a3c5f1c4eabfa9575e0a
[ 2026-05-20 12:59:15,348 ] botocore.hooks - DEBUG - Event request-created.s3.ListObjects: calling handler <bound method UserAgentString.rebuild_and_replace_user_agent_handler of <botocore.useragent.UserAgentString object at 0x114e5ae90>>
[ 2026-05-20 12:59:15,348 ] botocore.hooks - DEBUG - Event request-created.s3.ListObjects: calling handler <function add_retry_headers at 0x10b5eb420>
[ 2026-05-20 12:59:15,348 ] botocore.endpoint - DEBUG - Sending http request: <AWSPreparedRequest stream_output=False, method=GET, url=https://ml-model-mlopsproject.s3.amazonaws.com/?prefix=model.pkl&encoding-type=url, headers={'User-Agent': b'Boto3/1.43.9 md/Botocore#1.43.9 ua/2.1 os/macos#25.2.0 md/arch#arm64 lang/python#3.13.7 md/pyimpl#CPython m/e,Z,C,b,D cfg/retry-mode#legacy Botocore/1.43.9 Resource', 'X-Amz-Date': b'20260520T072915Z', 'X-Amz-Content-SHA256': b'e3b0c44298fc1c149afbf4c8996fb92427ae41e4649b934ca495991b7852b855', 'Authorization': b'AWS4-HMAC-SHA256 Credential=AKIAS7OXDU5I3P5QHSKZ/20260520/us-east-1/s3/aws4_request, SignedHeaders=host;x-amz-content-sha256;x-amz-date, Signature=33641caa34cfb8199a08159c58fffb6a133f7b1f5db7a3c5f1c4eabfa9575e0a', 'amz-sdk-invocation-id': b'9aa709c7-9c2d-4272-b5f8-577865c16db9', 'amz-sdk-request': b'attempt=1'}>
[ 2026-05-20 12:59:15,349 ] botocore.httpsession - DEBUG - Certificate path: /Users/him/Desktop/complete_mlops_project/venv/lib/python3.13/site-packages/certifi/cacert.pem
[ 2026-05-20 12:59:15,349 ] urllib3.connectionpool - DEBUG - Starting new HTTPS connection (1): ml-model-mlopsproject.s3.amazonaws.com:443
[ 2026-05-20 12:59:38,339 ] botocore.hooks - DEBUG - Event needs-retry.s3.ListObjects: calling handler <function _update_status_code at 0x10b5ebba0>
[ 2026-05-20 12:59:38,341 ] botocore.hooks - DEBUG - Event needs-retry.s3.ListObjects: calling handler <botocore.retryhandler.RetryHandler object at 0x1151d42f0>
[ 2026-05-20 12:59:38,342 ] botocore.retryhandler - DEBUG - retry needed, retryable exception caught: Connection was closed before we received a valid response from endpoint URL: "https://ml-model-mlopsproject.s3.amazonaws.com/?prefix=model.pkl&encoding-type=url".
Traceback (most recent call last):
  File "/Users/him/Desktop/complete_mlops_project/venv/lib/python3.13/site-packages/urllib3/connectionpool.py", line 788, in urlopen
    response = self._make_request(
        conn,
    ...<10 lines>...
        **response_kw,
    )
  File "/Users/him/Desktop/complete_mlops_project/venv/lib/python3.13/site-packages/urllib3/connectionpool.py", line 534, in _make_request
    response = conn.getresponse()
  File "/Users/him/Desktop/complete_mlops_project/venv/lib/python3.13/site-packages/urllib3/connection.py", line 571, in getresponse
    httplib_response = super().getresponse()
  File "/Library/Frameworks/Python.framework/Versions/3.13/lib/python3.13/http/client.py", line 1430, in getresponse
    response.begin()
    ~~~~~~~~~~~~~~^^
  File "/Library/Frameworks/Python.framework/Versions/3.13/lib/python3.13/http/client.py", line 331, in begin
    version, status, reason = self._read_status()
                              ~~~~~~~~~~~~~~~~~^^
  File "/Library/Frameworks/Python.framework/Versions/3.13/lib/python3.13/http/client.py", line 300, in _read_status
    raise RemoteDisconnected("Remote end closed connection without"
                             " response")
http.client.RemoteDisconnected: Remote end closed connection without response

During handling of the above exception, another exception occurred:

Traceback (most recent call last):
  File "/Users/him/Desktop/complete_mlops_project/venv/lib/python3.13/site-packages/botocore/httpsession.py", line 477, in send
    urllib_response = conn.urlopen(
        method=request.method,
    ...<7 lines>...
        chunked=self._chunked(request.headers),
    )
  File "/Users/him/Desktop/complete_mlops_project/venv/lib/python3.13/site-packages/urllib3/connectionpool.py", line 842, in urlopen
    retries = retries.increment(
        method, url, error=new_e, _pool=self, _stacktrace=sys.exc_info()[2]
    )
  File "/Users/him/Desktop/complete_mlops_project/venv/lib/python3.13/site-packages/urllib3/util/retry.py", line 473, in increment
    raise reraise(type(error), error, _stacktrace)
          ~~~~~~~^^^^^^^^^^^^^^^^^^^^^^^^^^^^^^^^^
  File "/Users/him/Desktop/complete_mlops_project/venv/lib/python3.13/site-packages/urllib3/util/util.py", line 38, in reraise
    raise value.with_traceback(tb)
  File "/Users/him/Desktop/complete_mlops_project/venv/lib/python3.13/site-packages/urllib3/connectionpool.py", line 788, in urlopen
    response = self._make_request(
        conn,
    ...<10 lines>...
        **response_kw,
    )
  File "/Users/him/Desktop/complete_mlops_project/venv/lib/python3.13/site-packages/urllib3/connectionpool.py", line 534, in _make_request
    response = conn.getresponse()
  File "/Users/him/Desktop/complete_mlops_project/venv/lib/python3.13/site-packages/urllib3/connection.py", line 571, in getresponse
    httplib_response = super().getresponse()
  File "/Library/Frameworks/Python.framework/Versions/3.13/lib/python3.13/http/client.py", line 1430, in getresponse
    response.begin()
    ~~~~~~~~~~~~~~^^
  File "/Library/Frameworks/Python.framework/Versions/3.13/lib/python3.13/http/client.py", line 331, in begin
    version, status, reason = self._read_status()
                              ~~~~~~~~~~~~~~~~~^^
  File "/Library/Frameworks/Python.framework/Versions/3.13/lib/python3.13/http/client.py", line 300, in _read_status
    raise RemoteDisconnected("Remote end closed connection without"
                             " response")
urllib3.exceptions.ProtocolError: ('Connection aborted.', RemoteDisconnected('Remote end closed connection without response'))

During handling of the above exception, another exception occurred:

Traceback (most recent call last):
  File "/Users/him/Desktop/complete_mlops_project/venv/lib/python3.13/site-packages/botocore/retryhandler.py", line 307, in _should_retry
    return self._checker(
           ~~~~~~~~~~~~~^
        attempt_number, response, caught_exception
        ^^^^^^^^^^^^^^^^^^^^^^^^^^^^^^^^^^^^^^^^^^
    )
    ^
  File "/Users/him/Desktop/complete_mlops_project/venv/lib/python3.13/site-packages/botocore/retryhandler.py", line 363, in __call__
    checker_response = checker(
        attempt_number, response, caught_exception
    )
  File "/Users/him/Desktop/complete_mlops_project/venv/lib/python3.13/site-packages/botocore/retryhandler.py", line 247, in __call__
    return self._check_caught_exception(
           ~~~~~~~~~~~~~~~~~~~~~~~~~~~~^
        attempt_number, caught_exception
        ^^^^^^^^^^^^^^^^^^^^^^^^^^^^^^^^
    )
    ^
  File "/Users/him/Desktop/complete_mlops_project/venv/lib/python3.13/site-packages/botocore/retryhandler.py", line 416, in _check_caught_exception
    raise caught_exception
  File "/Users/him/Desktop/complete_mlops_project/venv/lib/python3.13/site-packages/botocore/endpoint.py", line 279, in _do_get_response
    http_response = self._send(request)
  File "/Users/him/Desktop/complete_mlops_project/venv/lib/python3.13/site-packages/botocore/endpoint.py", line 383, in _send
    return self.http_session.send(request)
           ~~~~~~~~~~~~~~~~~~~~~~^^^^^^^^^
  File "/Users/him/Desktop/complete_mlops_project/venv/lib/python3.13/site-packages/botocore/httpsession.py", line 516, in send
    raise ConnectionClosedError(
        error=e, request=request, endpoint_url=request.url
    )
botocore.exceptions.ConnectionClosedError: Connection was closed before we received a valid response from endpoint URL: "https://ml-model-mlopsproject.s3.amazonaws.com/?prefix=model.pkl&encoding-type=url".
[ 2026-05-20 12:59:38,366 ] botocore.retryhandler - DEBUG - Retry needed, action of: 0.8570010702506213
[ 2026-05-20 12:59:38,366 ] botocore.hooks - DEBUG - Event needs-retry.s3.ListObjects: calling handler <bound method S3RegionRedirectorv2.redirect_from_error of <botocore.utils.S3RegionRedirectorv2 object at 0x1151d4440>>
[ 2026-05-20 12:59:38,367 ] botocore.endpoint - DEBUG - Response received to retry, sleeping for 0.8570010702506213 seconds
[ 2026-05-20 12:59:39,227 ] botocore.hooks - DEBUG - Event request-created.s3.ListObjects: calling handler <bound method RequestSigner.handler of <botocore.signers.RequestSigner object at 0x114eca270>>
[ 2026-05-20 12:59:39,227 ] botocore.hooks - DEBUG - Event choose-signer.s3.ListObjects: calling handler <bound method ClientCreator._default_s3_presign_to_sigv2 of <botocore.client.ClientCreator object at 0x1146af4d0>>
[ 2026-05-20 12:59:39,227 ] botocore.hooks - DEBUG - Event choose-signer.s3.ListObjects: calling handler <function set_operation_specific_signer at 0x10b5e8b80>
[ 2026-05-20 12:59:39,227 ] botocore.hooks - DEBUG - Event before-sign.s3.ListObjects: calling handler <function remove_arn_from_signing_path at 0x10b5eb600>
[ 2026-05-20 12:59:39,228 ] botocore.hooks - DEBUG - Event before-sign.s3.ListObjects: calling handler <function _set_extra_headers_for_unsigned_request at 0x10b5ebce0>
[ 2026-05-20 12:59:39,228 ] botocore.hooks - DEBUG - Event before-sign.s3.ListObjects: calling handler <bound method S3ExpressIdentityResolver.resolve_s3express_identity of <botocore.utils.S3ExpressIdentityResolver object at 0x1151d4590>>
[ 2026-05-20 12:59:39,230 ] botocore.auth - DEBUG - Calculating signature using v4 auth.
[ 2026-05-20 12:59:39,230 ] botocore.auth - DEBUG - CanonicalRequest:
GET
/
encoding-type=url&prefix=model.pkl
host:ml-model-mlopsproject.s3.amazonaws.com
x-amz-content-sha256:e3b0c44298fc1c149afbf4c8996fb92427ae41e4649b934ca495991b7852b855
x-amz-date:20260520T072939Z

host;x-amz-content-sha256;x-amz-date
e3b0c44298fc1c149afbf4c8996fb92427ae41e4649b934ca495991b7852b855
[ 2026-05-20 12:59:39,231 ] botocore.auth - DEBUG - StringToSign:
AWS4-HMAC-SHA256
20260520T072939Z
20260520/us-east-1/s3/aws4_request
75b8eb51b450bb2c6d31b224ff02e7c1cf937ce47437a49d2b7be5b9e31a4bef
[ 2026-05-20 12:59:39,232 ] botocore.auth - DEBUG - Signature:
82d8d57e14aa5826e9bfd75e809b94ff020f4c6bc4784ee9ec378f08f3c45eea
[ 2026-05-20 12:59:39,232 ] botocore.hooks - DEBUG - Event request-created.s3.ListObjects: calling handler <bound method UserAgentString.rebuild_and_replace_user_agent_handler of <botocore.useragent.UserAgentString object at 0x114e5ae90>>
[ 2026-05-20 12:59:39,232 ] botocore.hooks - DEBUG - Event request-created.s3.ListObjects: calling handler <function add_retry_headers at 0x10b5eb420>
[ 2026-05-20 12:59:39,232 ] botocore.endpoint - DEBUG - Sending http request: <AWSPreparedRequest stream_output=False, method=GET, url=https://ml-model-mlopsproject.s3.amazonaws.com/?prefix=model.pkl&encoding-type=url, headers={'User-Agent': b'Boto3/1.43.9 md/Botocore#1.43.9 ua/2.1 os/macos#25.2.0 md/arch#arm64 lang/python#3.13.7 md/pyimpl#CPython m/e,Z,C,b,D cfg/retry-mode#legacy Botocore/1.43.9 Resource', 'X-Amz-Date': b'20260520T072939Z', 'X-Amz-Content-SHA256': b'e3b0c44298fc1c149afbf4c8996fb92427ae41e4649b934ca495991b7852b855', 'Authorization': b'AWS4-HMAC-SHA256 Credential=AKIAS7OXDU5I3P5QHSKZ/20260520/us-east-1/s3/aws4_request, SignedHeaders=host;x-amz-content-sha256;x-amz-date, Signature=82d8d57e14aa5826e9bfd75e809b94ff020f4c6bc4784ee9ec378f08f3c45eea', 'amz-sdk-invocation-id': b'9aa709c7-9c2d-4272-b5f8-577865c16db9', 'amz-sdk-request': b'attempt=2; max=5'}>
[ 2026-05-20 12:59:39,233 ] botocore.httpsession - DEBUG - Certificate path: /Users/him/Desktop/complete_mlops_project/venv/lib/python3.13/site-packages/certifi/cacert.pem
[ 2026-05-20 12:59:39,234 ] urllib3.connectionpool - DEBUG - Starting new HTTPS connection (2): ml-model-mlopsproject.s3.amazonaws.com:443
[ 2026-05-20 12:59:43,415 ] urllib3.connectionpool - DEBUG - https://ml-model-mlopsproject.s3.amazonaws.com:443 "GET /?prefix=model.pkl&encoding-type=url HTTP/1.1" 200 None
[ 2026-05-20 12:59:43,431 ] botocore.hooks - DEBUG - Event before-parse.s3.ListObjects: calling handler <function _handle_200_error at 0x10b5eb9c0>
[ 2026-05-20 12:59:43,435 ] botocore.hooks - DEBUG - Event before-parse.s3.ListObjects: calling handler <function handle_expires_header at 0x10b5eb7e0>
[ 2026-05-20 12:59:43,436 ] botocore.parsers - DEBUG - Response headers: {'x-amz-id-2': 'qICxsb/dTnm/LpMN7SoB2kiOhbPoPcEZZOG37NQNASz3070749uV6rrJL8Dn12eMBUcZwvIQ/9qhCmTsoaLf+xaoTREJzQmu', 'x-amz-request-id': '9M9DH2DSK9QXSC1W', 'Date': 'Wed, 20 May 2026 07:29:44 GMT', 'x-amz-bucket-region': 'us-east-1', 'Content-Type': 'application/xml', 'Transfer-Encoding': 'chunked', 'Server': 'AmazonS3'}
[ 2026-05-20 12:59:43,436 ] botocore.parsers - DEBUG - Response body:
b'<?xml version="1.0" encoding="UTF-8"?>\n<ListBucketResult xmlns="http://s3.amazonaws.com/doc/2006-03-01/"><Name>ml-model-mlopsproject</Name><Prefix>model.pkl</Prefix><Marker></Marker><MaxKeys>1000</MaxKeys><EncodingType>url</EncodingType><IsTruncated>false</IsTruncated></ListBucketResult>'
[ 2026-05-20 12:59:43,438 ] botocore.hooks - DEBUG - Event needs-retry.s3.ListObjects: calling handler <function _update_status_code at 0x10b5ebba0>
[ 2026-05-20 12:59:43,438 ] botocore.hooks - DEBUG - Event needs-retry.s3.ListObjects: calling handler <botocore.retryhandler.RetryHandler object at 0x1151d42f0>
[ 2026-05-20 12:59:43,438 ] botocore.retryhandler - DEBUG - No retry needed.
[ 2026-05-20 12:59:43,438 ] botocore.hooks - DEBUG - Event needs-retry.s3.ListObjects: calling handler <bound method S3RegionRedirectorv2.redirect_from_error of <botocore.utils.S3RegionRedirectorv2 object at 0x1151d4440>>
[ 2026-05-20 12:59:43,439 ] botocore.hooks - DEBUG - Event after-call.s3.ListObjects: calling handler <function decode_list_object at 0x10b5ea5c0>
[ 2026-05-20 12:59:43,439 ] boto3.resources.factory - DEBUG - Loading s3:ObjectSummary
[ 2026-05-20 12:59:43,440 ] boto3.resources.model - DEBUG - Renaming ObjectSummary attribute key
[ 2026-05-20 12:59:43,440 ] botocore.hooks - DEBUG - Event creating-resource-class.s3.ObjectSummary: calling handler <function lazy_call.<locals>._handler at 0x11469e8e0>
[ 2026-05-20 12:59:43,443 ] root - ERROR - Error occurred in python script: [/Users/him/Desktop/complete_mlops_project/src/cloud_storage/aws_storage.py] at line number [104]: No file found with filename: model.pkl
[ 2026-05-20 12:59:43,443 ] root - ERROR - Error occurred in python script: [/Users/him/Desktop/complete_mlops_project/src/cloud_storage/aws_storage.py] at line number [128]: Error occurred in python script: [/Users/him/Desktop/complete_mlops_project/src/cloud_storage/aws_storage.py] at line number [104]: No file found with filename: model.pkl
[ 2026-05-20 12:59:43,443 ] root - ERROR - Error occurred in python script: [/Users/him/Desktop/complete_mlops_project/src/entity/s3_estimator.py] at line number [63]: Error occurred in python script: [/Users/him/Desktop/complete_mlops_project/src/cloud_storage/aws_storage.py] at line number [128]: Error occurred in python script: [/Users/him/Desktop/complete_mlops_project/src/cloud_storage/aws_storage.py] at line number [104]: No file found with filename: model.pkl
[ 2026-05-20 12:59:43,443 ] root - ERROR - Error occurred in python script: [/Users/him/Desktop/complete_mlops_project/src/pipline/prediction_pipeline.py] at line number [105]: Error occurred in python script: [/Users/him/Desktop/complete_mlops_project/src/entity/s3_estimator.py] at line number [63]: Error occurred in python script: [/Users/him/Desktop/complete_mlops_project/src/cloud_storage/aws_storage.py] at line number [128]: Error occurred in python script: [/Users/him/Desktop/complete_mlops_project/src/cloud_storage/aws_storage.py] at line number [104]: No file found with filename: model.pkl
[ 2026-05-20 12:59:43,451 ] python_multipart.multipart - DEBUG - Calling on_field_start with no data
[ 2026-05-20 12:59:43,452 ] python_multipart.multipart - DEBUG - Calling on_field_name with data[0:6]
[ 2026-05-20 12:59:43,452 ] python_multipart.multipart - DEBUG - Calling on_field_data with data[7:8]
[ 2026-05-20 12:59:43,452 ] python_multipart.multipart - DEBUG - Calling on_field_end with no data
[ 2026-05-20 12:59:43,452 ] python_multipart.multipart - DEBUG - Calling on_field_start with no data
[ 2026-05-20 12:59:43,452 ] python_multipart.multipart - DEBUG - Calling on_field_name with data[9:12]
[ 2026-05-20 12:59:43,452 ] python_multipart.multipart - DEBUG - Calling on_field_data with data[13:15]
[ 2026-05-20 12:59:43,452 ] python_multipart.multipart - DEBUG - Calling on_field_end with no data
[ 2026-05-20 12:59:43,452 ] python_multipart.multipart - DEBUG - Calling on_field_start with no data
[ 2026-05-20 12:59:43,452 ] python_multipart.multipart - DEBUG - Calling on_field_name with data[16:31]
[ 2026-05-20 12:59:43,452 ] python_multipart.multipart - DEBUG - Calling on_field_data with data[32:33]
[ 2026-05-20 12:59:43,453 ] python_multipart.multipart - DEBUG - Calling on_field_end with no data
[ 2026-05-20 12:59:43,453 ] python_multipart.multipart - DEBUG - Calling on_field_start with no data
[ 2026-05-20 12:59:43,453 ] python_multipart.multipart - DEBUG - Calling on_field_name with data[34:45]
[ 2026-05-20 12:59:43,453 ] python_multipart.multipart - DEBUG - Calling on_field_data with data[46:48]
[ 2026-05-20 12:59:43,453 ] python_multipart.multipart - DEBUG - Calling on_field_end with no data
[ 2026-05-20 12:59:43,453 ] python_multipart.multipart - DEBUG - Calling on_field_start with no data
[ 2026-05-20 12:59:43,453 ] python_multipart.multipart - DEBUG - Calling on_field_name with data[49:67]
[ 2026-05-20 12:59:43,453 ] python_multipart.multipart - DEBUG - Calling on_field_data with data[68:69]
[ 2026-05-20 12:59:43,453 ] python_multipart.multipart - DEBUG - Calling on_field_end with no data
[ 2026-05-20 12:59:43,453 ] python_multipart.multipart - DEBUG - Calling on_field_start with no data
[ 2026-05-20 12:59:43,453 ] python_multipart.multipart - DEBUG - Calling on_field_name with data[70:84]
[ 2026-05-20 12:59:43,453 ] python_multipart.multipart - DEBUG - Calling on_field_data with data[85:90]
[ 2026-05-20 12:59:43,453 ] python_multipart.multipart - DEBUG - Calling on_field_end with no data
[ 2026-05-20 12:59:43,453 ] python_multipart.multipart - DEBUG - Calling on_field_start with no data
[ 2026-05-20 12:59:43,453 ] python_multipart.multipart - DEBUG - Calling on_field_name with data[91:111]
[ 2026-05-20 12:59:43,453 ] python_multipart.multipart - DEBUG - Calling on_field_data with data[112:115]
[ 2026-05-20 12:59:43,453 ] python_multipart.multipart - DEBUG - Calling on_field_end with no data
[ 2026-05-20 12:59:43,453 ] python_multipart.multipart - DEBUG - Calling on_field_start with no data
[ 2026-05-20 12:59:43,453 ] python_multipart.multipart - DEBUG - Calling on_field_name with data[116:123]
[ 2026-05-20 12:59:43,453 ] python_multipart.multipart - DEBUG - Calling on_field_data with data[124:127]
[ 2026-05-20 12:59:43,453 ] python_multipart.multipart - DEBUG - Calling on_field_end with no data
[ 2026-05-20 12:59:43,453 ] python_multipart.multipart - DEBUG - Calling on_field_start with no data
[ 2026-05-20 12:59:43,453 ] python_multipart.multipart - DEBUG - Calling on_field_name with data[128:149]
[ 2026-05-20 12:59:43,453 ] python_multipart.multipart - DEBUG - Calling on_field_data with data[150:151]
[ 2026-05-20 12:59:43,453 ] python_multipart.multipart - DEBUG - Calling on_field_end with no data
[ 2026-05-20 12:59:43,453 ] python_multipart.multipart - DEBUG - Calling on_field_start with no data
[ 2026-05-20 12:59:43,453 ] python_multipart.multipart - DEBUG - Calling on_field_name with data[152:174]
[ 2026-05-20 12:59:43,453 ] python_multipart.multipart - DEBUG - Calling on_field_data with data[175:176]
[ 2026-05-20 12:59:43,453 ] python_multipart.multipart - DEBUG - Calling on_field_end with no data
[ 2026-05-20 12:59:43,453 ] python_multipart.multipart - DEBUG - Calling on_field_start with no data
[ 2026-05-20 12:59:43,453 ] python_multipart.multipart - DEBUG - Calling on_field_name with data[177:195]
[ 2026-05-20 12:59:43,453 ] python_multipart.multipart - DEBUG - Calling on_field_data with data[196:197]
[ 2026-05-20 12:59:43,454 ] python_multipart.multipart - DEBUG - Calling on_field_end with no data
[ 2026-05-20 12:59:43,454 ] python_multipart.multipart - DEBUG - Calling on_end with no data
[ 2026-05-20 12:59:43,454 ] root - INFO - Entered get_usvisa_data_as_dict method as VehicleData class
[ 2026-05-20 12:59:43,454 ] root - INFO - Created vehicle data dict
[ 2026-05-20 12:59:43,454 ] root - INFO - Exited get_vehicle_data_as_dict method as VehicleData class
[ 2026-05-20 12:59:43,472 ] root - INFO - Entered predict method of VehicleDataClassifier class
[ 2026-05-20 12:59:43,473 ] root - INFO - Entered the get_file_object method of SimpleStorageService class
[ 2026-05-20 12:59:43,473 ] root - INFO - Entered the get_bucket method of SimpleStorageService class
[ 2026-05-20 12:59:43,473 ] boto3.resources.factory - DEBUG - Loading s3:Bucket
[ 2026-05-20 12:59:43,473 ] boto3.resources.model - DEBUG - Renaming Bucket attribute name
[ 2026-05-20 12:59:43,506 ] botocore.hooks - DEBUG - Event creating-resource-class.s3.Bucket: calling handler <function lazy_call.<locals>._handler at 0x11469e7a0>
[ 2026-05-20 12:59:43,506 ] root - INFO - Exited the get_bucket method of SimpleStorageService class
[ 2026-05-20 12:59:43,506 ] boto3.resources.collection - DEBUG - Calling paginated s3:list_objects with {'Bucket': 'ml-model-mlopsproject', 'Prefix': 'model.pkl'}
[ 2026-05-20 12:59:43,507 ] botocore.hooks - DEBUG - Event before-parameter-build.s3.ListObjects: calling handler <function set_list_objects_encoding_type_url at 0x10b5ea520>
[ 2026-05-20 12:59:43,507 ] botocore.hooks - DEBUG - Event before-parameter-build.s3.ListObjects: calling handler <function validate_bucket_name at 0x10b5e9080>
[ 2026-05-20 12:59:43,507 ] botocore.hooks - DEBUG - Event before-parameter-build.s3.ListObjects: calling handler <function remove_bucket_from_url_paths_from_model at 0x10b5eb4c0>
[ 2026-05-20 12:59:43,507 ] botocore.hooks - DEBUG - Event before-parameter-build.s3.ListObjects: calling handler <bound method S3RegionRedirectorv2.annotate_request_context of <botocore.utils.S3RegionRedirectorv2 object at 0x1151d4440>>
[ 2026-05-20 12:59:43,507 ] botocore.hooks - DEBUG - Event before-parameter-build.s3.ListObjects: calling handler <bound method ClientCreator._inject_s3_input_parameters of <botocore.client.ClientCreator object at 0x1146af4d0>>
[ 2026-05-20 12:59:43,507 ] botocore.hooks - DEBUG - Event before-parameter-build.s3.ListObjects: calling handler <function generate_idempotent_uuid at 0x10b5e8ea0>
[ 2026-05-20 12:59:43,507 ] botocore.hooks - DEBUG - Event before-parameter-build.s3.ListObjects: calling handler <function _handle_request_validation_mode_member at 0x10b5ebc40>
[ 2026-05-20 12:59:43,507 ] botocore.hooks - DEBUG - Event before-endpoint-resolution.s3: calling handler <function customize_endpoint_resolver_builtins at 0x10b5eb6a0>
[ 2026-05-20 12:59:43,507 ] botocore.hooks - DEBUG - Event before-endpoint-resolution.s3: calling handler <bound method S3RegionRedirectorv2.redirect_from_cache of <botocore.utils.S3RegionRedirectorv2 object at 0x1151d4440>>
[ 2026-05-20 12:59:43,507 ] botocore.regions - DEBUG - Calling endpoint provider with parameters: {'Bucket': 'ml-model-mlopsproject', 'Region': 'us-east-1', 'UseFIPS': False, 'UseDualStack': False, 'ForcePathStyle': False, 'Accelerate': False, 'UseGlobalEndpoint': True, 'Prefix': 'model.pkl', 'DisableMultiRegionAccessPoints': False, 'UseArnRegion': True, 'DisableS3ExpressSessionAuth': False}
[ 2026-05-20 12:59:43,507 ] botocore.regions - DEBUG - Endpoint provider result: https://ml-model-mlopsproject.s3.amazonaws.com
[ 2026-05-20 12:59:43,507 ] botocore.regions - DEBUG - Selecting from endpoint provider's list of auth schemes: "sigv4". User selected auth scheme is: "None"
[ 2026-05-20 12:59:43,507 ] botocore.regions - DEBUG - Selected auth type "v4" as "v4" with signing context params: {'region': 'us-east-1', 'signing_name': 's3', 'disableDoubleEncoding': True}
[ 2026-05-20 12:59:43,507 ] botocore.hooks - DEBUG - Event before-call.s3.ListObjects: calling handler <function add_expect_header at 0x10b5e9440>
[ 2026-05-20 12:59:43,507 ] botocore.hooks - DEBUG - Event before-call.s3.ListObjects: calling handler <bound method S3ExpressIdentityResolver.apply_signing_cache_key of <botocore.utils.S3ExpressIdentityResolver object at 0x1151d4590>>
[ 2026-05-20 12:59:43,507 ] botocore.hooks - DEBUG - Event before-call.s3.ListObjects: calling handler <function add_recursion_detection_header at 0x10b5e8900>
[ 2026-05-20 12:59:43,507 ] botocore.hooks - DEBUG - Event before-call.s3.ListObjects: calling handler <function inject_api_version_header_if_needed at 0x10b5ea980>
[ 2026-05-20 12:59:43,507 ] botocore.endpoint - DEBUG - Making request for OperationModel(name=ListObjects) with params: {'url_path': '', 'query_string': {'prefix': 'model.pkl', 'encoding-type': 'url'}, 'method': 'GET', 'headers': {'User-Agent': 'Boto3/1.43.9 md/Botocore#1.43.9 ua/2.1 os/macos#25.2.0 md/arch#arm64 lang/python#3.13.7 md/pyimpl#CPython m/e,Z,C,b,D cfg/retry-mode#legacy Botocore/1.43.9 Resource'}, 'body': b'', 'auth_path': '/ml-model-mlopsproject/', 'url': 'https://ml-model-mlopsproject.s3.amazonaws.com/?prefix=model.pkl&encoding-type=url', 'context': {'client_region': 'us-east-1', 'client_config': <botocore.config.Config object at 0x114e59f90>, 'has_streaming_input': False, 'auth_type': 'v4', 'unsigned_payload': None, 'auth_options': ['aws.auth#sigv4'], 'encoding_type_auto_set': True, 's3_redirect': {'redirected': False, 'bucket': 'ml-model-mlopsproject', 'params': {'Bucket': 'ml-model-mlopsproject', 'Prefix': 'model.pkl', 'EncodingType': 'url'}}, 'input_params': {'Bucket': 'ml-model-mlopsproject', 'Prefix': 'model.pkl'}, 'signing': {'region': 'us-east-1', 'signing_name': 's3', 'disableDoubleEncoding': True}, 'endpoint_properties': {'authSchemes': [{'disableDoubleEncoding': True, 'name': 'sigv4', 'signingName': 's3', 'signingRegion': 'us-east-1'}]}}}
[ 2026-05-20 12:59:43,508 ] botocore.hooks - DEBUG - Event request-created.s3.ListObjects: calling handler <bound method RequestSigner.handler of <botocore.signers.RequestSigner object at 0x114eca270>>
[ 2026-05-20 12:59:43,508 ] botocore.hooks - DEBUG - Event choose-signer.s3.ListObjects: calling handler <bound method ClientCreator._default_s3_presign_to_sigv2 of <botocore.client.ClientCreator object at 0x1146af4d0>>
[ 2026-05-20 12:59:43,508 ] botocore.hooks - DEBUG - Event choose-signer.s3.ListObjects: calling handler <function set_operation_specific_signer at 0x10b5e8b80>
[ 2026-05-20 12:59:43,508 ] botocore.hooks - DEBUG - Event before-sign.s3.ListObjects: calling handler <function remove_arn_from_signing_path at 0x10b5eb600>
[ 2026-05-20 12:59:43,508 ] botocore.hooks - DEBUG - Event before-sign.s3.ListObjects: calling handler <function _set_extra_headers_for_unsigned_request at 0x10b5ebce0>
[ 2026-05-20 12:59:43,508 ] botocore.hooks - DEBUG - Event before-sign.s3.ListObjects: calling handler <bound method S3ExpressIdentityResolver.resolve_s3express_identity of <botocore.utils.S3ExpressIdentityResolver object at 0x1151d4590>>
[ 2026-05-20 12:59:43,508 ] botocore.auth - DEBUG - Calculating signature using v4 auth.
[ 2026-05-20 12:59:43,508 ] botocore.auth - DEBUG - CanonicalRequest:
GET
/
encoding-type=url&prefix=model.pkl
host:ml-model-mlopsproject.s3.amazonaws.com
x-amz-content-sha256:e3b0c44298fc1c149afbf4c8996fb92427ae41e4649b934ca495991b7852b855
x-amz-date:20260520T072943Z

host;x-amz-content-sha256;x-amz-date
e3b0c44298fc1c149afbf4c8996fb92427ae41e4649b934ca495991b7852b855
[ 2026-05-20 12:59:43,508 ] botocore.auth - DEBUG - StringToSign:
AWS4-HMAC-SHA256
20260520T072943Z
20260520/us-east-1/s3/aws4_request
1876ce09f1ddda33424cc854695bfb7c3c5d67d94eec99b5d9fff9162ba619d5
[ 2026-05-20 12:59:43,508 ] botocore.auth - DEBUG - Signature:
ac281d861762fd987ff3996e56db8214ced059bfda60de804551a3587b9fbf27
[ 2026-05-20 12:59:43,508 ] botocore.hooks - DEBUG - Event request-created.s3.ListObjects: calling handler <bound method UserAgentString.rebuild_and_replace_user_agent_handler of <botocore.useragent.UserAgentString object at 0x114e5ae90>>
[ 2026-05-20 12:59:43,508 ] botocore.hooks - DEBUG - Event request-created.s3.ListObjects: calling handler <function add_retry_headers at 0x10b5eb420>
[ 2026-05-20 12:59:43,508 ] botocore.endpoint - DEBUG - Sending http request: <AWSPreparedRequest stream_output=False, method=GET, url=https://ml-model-mlopsproject.s3.amazonaws.com/?prefix=model.pkl&encoding-type=url, headers={'User-Agent': b'Boto3/1.43.9 md/Botocore#1.43.9 ua/2.1 os/macos#25.2.0 md/arch#arm64 lang/python#3.13.7 md/pyimpl#CPython m/e,Z,C,b,D cfg/retry-mode#legacy Botocore/1.43.9 Resource', 'X-Amz-Date': b'20260520T072943Z', 'X-Amz-Content-SHA256': b'e3b0c44298fc1c149afbf4c8996fb92427ae41e4649b934ca495991b7852b855', 'Authorization': b'AWS4-HMAC-SHA256 Credential=AKIAS7OXDU5I3P5QHSKZ/20260520/us-east-1/s3/aws4_request, SignedHeaders=host;x-amz-content-sha256;x-amz-date, Signature=ac281d861762fd987ff3996e56db8214ced059bfda60de804551a3587b9fbf27', 'amz-sdk-invocation-id': b'4aa11947-37eb-4c1c-9a86-cf9fbf39eb46', 'amz-sdk-request': b'attempt=1'}>
[ 2026-05-20 12:59:43,509 ] botocore.httpsession - DEBUG - Certificate path: /Users/him/Desktop/complete_mlops_project/venv/lib/python3.13/site-packages/certifi/cacert.pem
[ 2026-05-20 12:59:44,644 ] urllib3.connectionpool - DEBUG - https://ml-model-mlopsproject.s3.amazonaws.com:443 "GET /?prefix=model.pkl&encoding-type=url HTTP/1.1" 200 None
[ 2026-05-20 12:59:53,479 ] botocore.hooks - DEBUG - Event before-parse.s3.ListObjects: calling handler <function _handle_200_error at 0x10b5eb9c0>
[ 2026-05-20 12:59:53,481 ] botocore.hooks - DEBUG - Event before-parse.s3.ListObjects: calling handler <function handle_expires_header at 0x10b5eb7e0>
[ 2026-05-20 12:59:53,482 ] botocore.parsers - DEBUG - Response headers: {'x-amz-id-2': '5oQ+JfQKShJxH01Rwaqji4Yj+ZohQ8gAmRlRXgnknPQ2xPQcLl/JB0OAfO0ilPuJvwQG4ifQCw6aSWLyxWKeH6Y72GnvuUTK', 'x-amz-request-id': '9M97PNGN2QT0V5YR', 'Date': 'Wed, 20 May 2026 07:29:44 GMT', 'x-amz-bucket-region': 'us-east-1', 'Content-Type': 'application/xml', 'Transfer-Encoding': 'chunked', 'Server': 'AmazonS3'}
[ 2026-05-20 12:59:53,482 ] botocore.parsers - DEBUG - Response body:
b'<?xml version="1.0" encoding="UTF-8"?>\n<ListBucketResult xmlns="http://s3.amazonaws.com/doc/2006-03-01/"><Name>ml-model-mlopsproject</Name><Prefix>model.pkl</Prefix><Marker></Marker><MaxKeys>1000</MaxKeys><EncodingType>url</EncodingType><IsTruncated>false</IsTruncated></ListBucketResult>'
[ 2026-05-20 12:59:53,483 ] botocore.hooks - DEBUG - Event needs-retry.s3.ListObjects: calling handler <function _update_status_code at 0x10b5ebba0>
[ 2026-05-20 12:59:53,483 ] botocore.hooks - DEBUG - Event needs-retry.s3.ListObjects: calling handler <botocore.retryhandler.RetryHandler object at 0x1151d42f0>
[ 2026-05-20 12:59:53,483 ] botocore.retryhandler - DEBUG - No retry needed.
[ 2026-05-20 12:59:53,483 ] botocore.hooks - DEBUG - Event needs-retry.s3.ListObjects: calling handler <bound method S3RegionRedirectorv2.redirect_from_error of <botocore.utils.S3RegionRedirectorv2 object at 0x1151d4440>>
[ 2026-05-20 12:59:53,488 ] botocore.hooks - DEBUG - Event after-call.s3.ListObjects: calling handler <function decode_list_object at 0x10b5ea5c0>
[ 2026-05-20 12:59:53,489 ] boto3.resources.factory - DEBUG - Loading s3:ObjectSummary
[ 2026-05-20 12:59:53,490 ] boto3.resources.model - DEBUG - Renaming ObjectSummary attribute key
[ 2026-05-20 12:59:53,491 ] botocore.hooks - DEBUG - Event creating-resource-class.s3.ObjectSummary: calling handler <function lazy_call.<locals>._handler at 0x11469e8e0>
[ 2026-05-20 12:59:53,491 ] root - ERROR - Error occurred in python script: [/Users/him/Desktop/complete_mlops_project/src/cloud_storage/aws_storage.py] at line number [104]: No file found with filename: model.pkl
[ 2026-05-20 12:59:53,492 ] root - ERROR - Error occurred in python script: [/Users/him/Desktop/complete_mlops_project/src/cloud_storage/aws_storage.py] at line number [128]: Error occurred in python script: [/Users/him/Desktop/complete_mlops_project/src/cloud_storage/aws_storage.py] at line number [104]: No file found with filename: model.pkl
[ 2026-05-20 12:59:53,492 ] root - ERROR - Error occurred in python script: [/Users/him/Desktop/complete_mlops_project/src/entity/s3_estimator.py] at line number [63]: Error occurred in python script: [/Users/him/Desktop/complete_mlops_project/src/cloud_storage/aws_storage.py] at line number [128]: Error occurred in python script: [/Users/him/Desktop/complete_mlops_project/src/cloud_storage/aws_storage.py] at line number [104]: No file found with filename: model.pkl
[ 2026-05-20 12:59:53,492 ] root - ERROR - Error occurred in python script: [/Users/him/Desktop/complete_mlops_project/src/pipline/prediction_pipeline.py] at line number [105]: Error occurred in python script: [/Users/him/Desktop/complete_mlops_project/src/entity/s3_estimator.py] at line number [63]: Error occurred in python script: [/Users/him/Desktop/complete_mlops_project/src/cloud_storage/aws_storage.py] at line number [128]: Error occurred in python script: [/Users/him/Desktop/complete_mlops_project/src/cloud_storage/aws_storage.py] at line number [104]: No file found with filename: model.pkl
[ 2026-05-20 13:02:39,466 ] python_multipart.multipart - DEBUG - Calling on_field_start with no data
[ 2026-05-20 13:02:39,472 ] python_multipart.multipart - DEBUG - Calling on_field_name with data[0:6]
[ 2026-05-20 13:02:39,472 ] python_multipart.multipart - DEBUG - Calling on_field_data with data[7:8]
[ 2026-05-20 13:02:39,472 ] python_multipart.multipart - DEBUG - Calling on_field_end with no data
[ 2026-05-20 13:02:39,472 ] python_multipart.multipart - DEBUG - Calling on_field_start with no data
[ 2026-05-20 13:02:39,472 ] python_multipart.multipart - DEBUG - Calling on_field_name with data[9:12]
[ 2026-05-20 13:02:39,472 ] python_multipart.multipart - DEBUG - Calling on_field_data with data[13:15]
[ 2026-05-20 13:02:39,472 ] python_multipart.multipart - DEBUG - Calling on_field_end with no data
[ 2026-05-20 13:02:39,472 ] python_multipart.multipart - DEBUG - Calling on_field_start with no data
[ 2026-05-20 13:02:39,472 ] python_multipart.multipart - DEBUG - Calling on_field_name with data[16:31]
[ 2026-05-20 13:02:39,472 ] python_multipart.multipart - DEBUG - Calling on_field_data with data[32:33]
[ 2026-05-20 13:02:39,472 ] python_multipart.multipart - DEBUG - Calling on_field_end with no data
[ 2026-05-20 13:02:39,472 ] python_multipart.multipart - DEBUG - Calling on_field_start with no data
[ 2026-05-20 13:02:39,472 ] python_multipart.multipart - DEBUG - Calling on_field_name with data[34:45]
[ 2026-05-20 13:02:39,472 ] python_multipart.multipart - DEBUG - Calling on_field_data with data[46:48]
[ 2026-05-20 13:02:39,472 ] python_multipart.multipart - DEBUG - Calling on_field_end with no data
[ 2026-05-20 13:02:39,472 ] python_multipart.multipart - DEBUG - Calling on_field_start with no data
[ 2026-05-20 13:02:39,472 ] python_multipart.multipart - DEBUG - Calling on_field_name with data[49:67]
[ 2026-05-20 13:02:39,472 ] python_multipart.multipart - DEBUG - Calling on_field_data with data[68:69]
[ 2026-05-20 13:02:39,472 ] python_multipart.multipart - DEBUG - Calling on_field_end with no data
[ 2026-05-20 13:02:39,472 ] python_multipart.multipart - DEBUG - Calling on_field_start with no data
[ 2026-05-20 13:02:39,473 ] python_multipart.multipart - DEBUG - Calling on_field_name with data[70:84]
[ 2026-05-20 13:02:39,473 ] python_multipart.multipart - DEBUG - Calling on_field_data with data[85:90]
[ 2026-05-20 13:02:39,473 ] python_multipart.multipart - DEBUG - Calling on_field_end with no data
[ 2026-05-20 13:02:39,473 ] python_multipart.multipart - DEBUG - Calling on_field_start with no data
[ 2026-05-20 13:02:39,473 ] python_multipart.multipart - DEBUG - Calling on_field_name with data[91:111]
[ 2026-05-20 13:02:39,473 ] python_multipart.multipart - DEBUG - Calling on_field_data with data[112:114]
[ 2026-05-20 13:02:39,473 ] python_multipart.multipart - DEBUG - Calling on_field_end with no data
[ 2026-05-20 13:02:39,473 ] python_multipart.multipart - DEBUG - Calling on_field_start with no data
[ 2026-05-20 13:02:39,473 ] python_multipart.multipart - DEBUG - Calling on_field_name with data[115:122]
[ 2026-05-20 13:02:39,473 ] python_multipart.multipart - DEBUG - Calling on_field_data with data[123:125]
[ 2026-05-20 13:02:39,473 ] python_multipart.multipart - DEBUG - Calling on_field_end with no data
[ 2026-05-20 13:02:39,473 ] python_multipart.multipart - DEBUG - Calling on_field_start with no data
[ 2026-05-20 13:02:39,473 ] python_multipart.multipart - DEBUG - Calling on_field_name with data[126:147]
[ 2026-05-20 13:02:39,473 ] python_multipart.multipart - DEBUG - Calling on_field_data with data[148:149]
[ 2026-05-20 13:02:39,473 ] python_multipart.multipart - DEBUG - Calling on_field_end with no data
[ 2026-05-20 13:02:39,473 ] python_multipart.multipart - DEBUG - Calling on_field_start with no data
[ 2026-05-20 13:02:39,473 ] python_multipart.multipart - DEBUG - Calling on_field_name with data[150:172]
[ 2026-05-20 13:02:39,473 ] python_multipart.multipart - DEBUG - Calling on_field_data with data[173:174]
[ 2026-05-20 13:02:39,473 ] python_multipart.multipart - DEBUG - Calling on_field_end with no data
[ 2026-05-20 13:02:39,473 ] python_multipart.multipart - DEBUG - Calling on_field_start with no data
[ 2026-05-20 13:02:39,473 ] python_multipart.multipart - DEBUG - Calling on_field_name with data[175:193]
[ 2026-05-20 13:02:39,473 ] python_multipart.multipart - DEBUG - Calling on_field_data with data[194:195]
[ 2026-05-20 13:02:39,473 ] python_multipart.multipart - DEBUG - Calling on_field_end with no data
[ 2026-05-20 13:02:39,473 ] python_multipart.multipart - DEBUG - Calling on_end with no data
[ 2026-05-20 13:02:39,476 ] root - INFO - Entered get_usvisa_data_as_dict method as VehicleData class
[ 2026-05-20 13:02:39,477 ] root - INFO - Created vehicle data dict
[ 2026-05-20 13:02:39,477 ] root - INFO - Exited get_vehicle_data_as_dict method as VehicleData class
[ 2026-05-20 13:02:39,544 ] root - INFO - Entered predict method of VehicleDataClassifier class
[ 2026-05-20 13:02:39,546 ] root - INFO - Entered the get_file_object method of SimpleStorageService class
[ 2026-05-20 13:02:39,546 ] root - INFO - Entered the get_bucket method of SimpleStorageService class
[ 2026-05-20 13:02:39,548 ] boto3.resources.factory - DEBUG - Loading s3:Bucket
[ 2026-05-20 13:02:39,554 ] boto3.resources.model - DEBUG - Renaming Bucket attribute name
[ 2026-05-20 13:02:39,557 ] botocore.hooks - DEBUG - Event creating-resource-class.s3.Bucket: calling handler <function lazy_call.<locals>._handler at 0x11469e7a0>
[ 2026-05-20 13:02:39,560 ] root - INFO - Exited the get_bucket method of SimpleStorageService class
[ 2026-05-20 13:02:39,564 ] boto3.resources.collection - DEBUG - Calling paginated s3:list_objects with {'Bucket': 'ml-model-mlopsproject', 'Prefix': 'model.pkl'}
[ 2026-05-20 13:02:39,576 ] botocore.hooks - DEBUG - Event before-parameter-build.s3.ListObjects: calling handler <function set_list_objects_encoding_type_url at 0x10b5ea520>
[ 2026-05-20 13:02:39,576 ] botocore.hooks - DEBUG - Event before-parameter-build.s3.ListObjects: calling handler <function validate_bucket_name at 0x10b5e9080>
[ 2026-05-20 13:02:39,576 ] botocore.hooks - DEBUG - Event before-parameter-build.s3.ListObjects: calling handler <function remove_bucket_from_url_paths_from_model at 0x10b5eb4c0>
[ 2026-05-20 13:02:39,576 ] botocore.hooks - DEBUG - Event before-parameter-build.s3.ListObjects: calling handler <bound method S3RegionRedirectorv2.annotate_request_context of <botocore.utils.S3RegionRedirectorv2 object at 0x1151d4440>>
[ 2026-05-20 13:02:39,577 ] botocore.hooks - DEBUG - Event before-parameter-build.s3.ListObjects: calling handler <bound method ClientCreator._inject_s3_input_parameters of <botocore.client.ClientCreator object at 0x1146af4d0>>
[ 2026-05-20 13:02:39,577 ] botocore.hooks - DEBUG - Event before-parameter-build.s3.ListObjects: calling handler <function generate_idempotent_uuid at 0x10b5e8ea0>
[ 2026-05-20 13:02:39,577 ] botocore.hooks - DEBUG - Event before-parameter-build.s3.ListObjects: calling handler <function _handle_request_validation_mode_member at 0x10b5ebc40>
[ 2026-05-20 13:02:39,579 ] botocore.hooks - DEBUG - Event before-endpoint-resolution.s3: calling handler <function customize_endpoint_resolver_builtins at 0x10b5eb6a0>
[ 2026-05-20 13:02:39,579 ] botocore.hooks - DEBUG - Event before-endpoint-resolution.s3: calling handler <bound method S3RegionRedirectorv2.redirect_from_cache of <botocore.utils.S3RegionRedirectorv2 object at 0x1151d4440>>
[ 2026-05-20 13:02:39,581 ] botocore.regions - DEBUG - Calling endpoint provider with parameters: {'Bucket': 'ml-model-mlopsproject', 'Region': 'us-east-1', 'UseFIPS': False, 'UseDualStack': False, 'ForcePathStyle': False, 'Accelerate': False, 'UseGlobalEndpoint': True, 'Prefix': 'model.pkl', 'DisableMultiRegionAccessPoints': False, 'UseArnRegion': True, 'DisableS3ExpressSessionAuth': False}
[ 2026-05-20 13:02:39,581 ] botocore.regions - DEBUG - Endpoint provider result: https://ml-model-mlopsproject.s3.amazonaws.com
[ 2026-05-20 13:02:39,582 ] botocore.regions - DEBUG - Selecting from endpoint provider's list of auth schemes: "sigv4". User selected auth scheme is: "None"
[ 2026-05-20 13:02:39,583 ] botocore.regions - DEBUG - Selected auth type "v4" as "v4" with signing context params: {'region': 'us-east-1', 'signing_name': 's3', 'disableDoubleEncoding': True}
[ 2026-05-20 13:02:39,592 ] botocore.hooks - DEBUG - Event before-call.s3.ListObjects: calling handler <function add_expect_header at 0x10b5e9440>
[ 2026-05-20 13:02:39,593 ] botocore.hooks - DEBUG - Event before-call.s3.ListObjects: calling handler <bound method S3ExpressIdentityResolver.apply_signing_cache_key of <botocore.utils.S3ExpressIdentityResolver object at 0x1151d4590>>
[ 2026-05-20 13:02:39,593 ] botocore.hooks - DEBUG - Event before-call.s3.ListObjects: calling handler <function add_recursion_detection_header at 0x10b5e8900>
[ 2026-05-20 13:02:39,595 ] botocore.hooks - DEBUG - Event before-call.s3.ListObjects: calling handler <function inject_api_version_header_if_needed at 0x10b5ea980>
[ 2026-05-20 13:02:39,595 ] botocore.endpoint - DEBUG - Making request for OperationModel(name=ListObjects) with params: {'url_path': '', 'query_string': {'prefix': 'model.pkl', 'encoding-type': 'url'}, 'method': 'GET', 'headers': {'User-Agent': 'Boto3/1.43.9 md/Botocore#1.43.9 ua/2.1 os/macos#25.2.0 md/arch#arm64 lang/python#3.13.7 md/pyimpl#CPython m/e,Z,C,b,D cfg/retry-mode#legacy Botocore/1.43.9 Resource'}, 'body': b'', 'auth_path': '/ml-model-mlopsproject/', 'url': 'https://ml-model-mlopsproject.s3.amazonaws.com/?prefix=model.pkl&encoding-type=url', 'context': {'client_region': 'us-east-1', 'client_config': <botocore.config.Config object at 0x114e59f90>, 'has_streaming_input': False, 'auth_type': 'v4', 'unsigned_payload': None, 'auth_options': ['aws.auth#sigv4'], 'encoding_type_auto_set': True, 's3_redirect': {'redirected': False, 'bucket': 'ml-model-mlopsproject', 'params': {'Bucket': 'ml-model-mlopsproject', 'Prefix': 'model.pkl', 'EncodingType': 'url'}}, 'input_params': {'Bucket': 'ml-model-mlopsproject', 'Prefix': 'model.pkl'}, 'signing': {'region': 'us-east-1', 'signing_name': 's3', 'disableDoubleEncoding': True}, 'endpoint_properties': {'authSchemes': [{'disableDoubleEncoding': True, 'name': 'sigv4', 'signingName': 's3', 'signingRegion': 'us-east-1'}]}}}
[ 2026-05-20 13:02:39,601 ] botocore.hooks - DEBUG - Event request-created.s3.ListObjects: calling handler <bound method RequestSigner.handler of <botocore.signers.RequestSigner object at 0x114eca270>>
[ 2026-05-20 13:02:39,601 ] botocore.hooks - DEBUG - Event choose-signer.s3.ListObjects: calling handler <bound method ClientCreator._default_s3_presign_to_sigv2 of <botocore.client.ClientCreator object at 0x1146af4d0>>
[ 2026-05-20 13:02:39,601 ] botocore.hooks - DEBUG - Event choose-signer.s3.ListObjects: calling handler <function set_operation_specific_signer at 0x10b5e8b80>
[ 2026-05-20 13:02:39,601 ] botocore.hooks - DEBUG - Event before-sign.s3.ListObjects: calling handler <function remove_arn_from_signing_path at 0x10b5eb600>
[ 2026-05-20 13:02:39,601 ] botocore.hooks - DEBUG - Event before-sign.s3.ListObjects: calling handler <function _set_extra_headers_for_unsigned_request at 0x10b5ebce0>
[ 2026-05-20 13:02:39,601 ] botocore.hooks - DEBUG - Event before-sign.s3.ListObjects: calling handler <bound method S3ExpressIdentityResolver.resolve_s3express_identity of <botocore.utils.S3ExpressIdentityResolver object at 0x1151d4590>>
[ 2026-05-20 13:02:39,603 ] botocore.auth - DEBUG - Calculating signature using v4 auth.
[ 2026-05-20 13:02:39,603 ] botocore.auth - DEBUG - CanonicalRequest:
GET
/
encoding-type=url&prefix=model.pkl
host:ml-model-mlopsproject.s3.amazonaws.com
x-amz-content-sha256:e3b0c44298fc1c149afbf4c8996fb92427ae41e4649b934ca495991b7852b855
x-amz-date:20260520T073239Z

host;x-amz-content-sha256;x-amz-date
e3b0c44298fc1c149afbf4c8996fb92427ae41e4649b934ca495991b7852b855
[ 2026-05-20 13:02:39,610 ] botocore.auth - DEBUG - StringToSign:
AWS4-HMAC-SHA256
20260520T073239Z
20260520/us-east-1/s3/aws4_request
656b4d4b521e22497395cd20cb91a194eb4a84a8bb73f58c85d39f36db6d47de
[ 2026-05-20 13:02:39,610 ] botocore.auth - DEBUG - Signature:
819094ca914dd25752f2753e4e6c5da5ccf9394d7d5f5d22af9c4d02b249d7b9
[ 2026-05-20 13:02:39,610 ] botocore.hooks - DEBUG - Event request-created.s3.ListObjects: calling handler <bound method UserAgentString.rebuild_and_replace_user_agent_handler of <botocore.useragent.UserAgentString object at 0x114e5ae90>>
[ 2026-05-20 13:02:39,610 ] botocore.hooks - DEBUG - Event request-created.s3.ListObjects: calling handler <function add_retry_headers at 0x10b5eb420>
[ 2026-05-20 13:02:39,611 ] botocore.endpoint - DEBUG - Sending http request: <AWSPreparedRequest stream_output=False, method=GET, url=https://ml-model-mlopsproject.s3.amazonaws.com/?prefix=model.pkl&encoding-type=url, headers={'User-Agent': b'Boto3/1.43.9 md/Botocore#1.43.9 ua/2.1 os/macos#25.2.0 md/arch#arm64 lang/python#3.13.7 md/pyimpl#CPython m/e,Z,C,b,D cfg/retry-mode#legacy Botocore/1.43.9 Resource', 'X-Amz-Date': b'20260520T073239Z', 'X-Amz-Content-SHA256': b'e3b0c44298fc1c149afbf4c8996fb92427ae41e4649b934ca495991b7852b855', 'Authorization': b'AWS4-HMAC-SHA256 Credential=AKIAS7OXDU5I3P5QHSKZ/20260520/us-east-1/s3/aws4_request, SignedHeaders=host;x-amz-content-sha256;x-amz-date, Signature=819094ca914dd25752f2753e4e6c5da5ccf9394d7d5f5d22af9c4d02b249d7b9', 'amz-sdk-invocation-id': b'edcfc8b9-1d6a-476c-afc0-48aff4d519c9', 'amz-sdk-request': b'attempt=1'}>
[ 2026-05-20 13:02:39,616 ] botocore.httpsession - DEBUG - Certificate path: /Users/him/Desktop/complete_mlops_project/venv/lib/python3.13/site-packages/certifi/cacert.pem
[ 2026-05-20 13:02:39,621 ] urllib3.connectionpool - DEBUG - Resetting dropped connection: ml-model-mlopsproject.s3.amazonaws.com
[ 2026-05-20 13:02:41,064 ] urllib3.connectionpool - DEBUG - https://ml-model-mlopsproject.s3.amazonaws.com:443 "GET /?prefix=model.pkl&encoding-type=url HTTP/1.1" 200 None
[ 2026-05-20 13:02:41,065 ] botocore.hooks - DEBUG - Event before-parse.s3.ListObjects: calling handler <function _handle_200_error at 0x10b5eb9c0>
[ 2026-05-20 13:02:41,068 ] botocore.hooks - DEBUG - Event before-parse.s3.ListObjects: calling handler <function handle_expires_header at 0x10b5eb7e0>
[ 2026-05-20 13:02:41,068 ] botocore.parsers - DEBUG - Response headers: {'x-amz-id-2': 'Uib4Yn5eaXvKyXj6i/FloQEKYaYflDExcXHSajhhneduj447M58X2DRsirXYVWSzZc0BNXCKUQc=', 'x-amz-request-id': '0VDG88QPRGJE4AQ2', 'Date': 'Wed, 20 May 2026 07:32:41 GMT', 'x-amz-bucket-region': 'us-east-1', 'Content-Type': 'application/xml', 'Transfer-Encoding': 'chunked', 'Server': 'AmazonS3'}
[ 2026-05-20 13:02:41,068 ] botocore.parsers - DEBUG - Response body:
b'<?xml version="1.0" encoding="UTF-8"?>\n<ListBucketResult xmlns="http://s3.amazonaws.com/doc/2006-03-01/"><Name>ml-model-mlopsproject</Name><Prefix>model.pkl</Prefix><Marker></Marker><MaxKeys>1000</MaxKeys><EncodingType>url</EncodingType><IsTruncated>false</IsTruncated></ListBucketResult>'
[ 2026-05-20 13:02:41,069 ] botocore.hooks - DEBUG - Event needs-retry.s3.ListObjects: calling handler <function _update_status_code at 0x10b5ebba0>
[ 2026-05-20 13:02:41,069 ] botocore.hooks - DEBUG - Event needs-retry.s3.ListObjects: calling handler <botocore.retryhandler.RetryHandler object at 0x1151d42f0>
[ 2026-05-20 13:02:41,069 ] botocore.retryhandler - DEBUG - No retry needed.
[ 2026-05-20 13:02:41,069 ] botocore.hooks - DEBUG - Event needs-retry.s3.ListObjects: calling handler <bound method S3RegionRedirectorv2.redirect_from_error of <botocore.utils.S3RegionRedirectorv2 object at 0x1151d4440>>
[ 2026-05-20 13:02:41,070 ] botocore.hooks - DEBUG - Event after-call.s3.ListObjects: calling handler <function decode_list_object at 0x10b5ea5c0>
[ 2026-05-20 13:02:41,070 ] boto3.resources.factory - DEBUG - Loading s3:ObjectSummary
[ 2026-05-20 13:02:41,070 ] boto3.resources.model - DEBUG - Renaming ObjectSummary attribute key
[ 2026-05-20 13:02:41,072 ] botocore.hooks - DEBUG - Event creating-resource-class.s3.ObjectSummary: calling handler <function lazy_call.<locals>._handler at 0x11469e8e0>
[ 2026-05-20 13:02:41,072 ] root - ERROR - Error occurred in python script: [/Users/him/Desktop/complete_mlops_project/src/cloud_storage/aws_storage.py] at line number [104]: No file found with filename: model.pkl
[ 2026-05-20 13:02:41,072 ] root - ERROR - Error occurred in python script: [/Users/him/Desktop/complete_mlops_project/src/cloud_storage/aws_storage.py] at line number [128]: Error occurred in python script: [/Users/him/Desktop/complete_mlops_project/src/cloud_storage/aws_storage.py] at line number [104]: No file found with filename: model.pkl
[ 2026-05-20 13:02:41,072 ] root - ERROR - Error occurred in python script: [/Users/him/Desktop/complete_mlops_project/src/entity/s3_estimator.py] at line number [63]: Error occurred in python script: [/Users/him/Desktop/complete_mlops_project/src/cloud_storage/aws_storage.py] at line number [128]: Error occurred in python script: [/Users/him/Desktop/complete_mlops_project/src/cloud_storage/aws_storage.py] at line number [104]: No file found with filename: model.pkl
[ 2026-05-20 13:02:41,072 ] root - ERROR - Error occurred in python script: [/Users/him/Desktop/complete_mlops_project/src/pipline/prediction_pipeline.py] at line number [105]: Error occurred in python script: [/Users/him/Desktop/complete_mlops_project/src/entity/s3_estimator.py] at line number [63]: Error occurred in python script: [/Users/him/Desktop/complete_mlops_project/src/cloud_storage/aws_storage.py] at line number [128]: Error occurred in python script: [/Users/him/Desktop/complete_mlops_project/src/cloud_storage/aws_storage.py] at line number [104]: No file found with filename: model.pkl
